<?xml version="1.0" encoding="UTF-8"?>
<testsuite xmlns:xsi="http://www.w3.org/2001/XMLSchema-instance" xsi:noNamespaceSchemaLocation="https://maven.apache.org/surefire/maven-surefire-plugin/xsd/surefire-test-report-3.0.xsd" version="3.0" name="com.example.employees.EmployeeApiIntegrationTest" time="18.315" tests="19" errors="0" skipped="0" failures="0">
  <properties>
[...]
</properties>
  <testcase name="testCreateEmployee_EmptyRequestBody" classname="com.example.employees.EmployeeApiIntegrationTest" time="0.155">
    <system-out><![CDATA[06:31:33.540 [main] INFO org.springframework.test.context.support.AnnotationConfigContextLoaderUtils -- Could not detect default configuration classes for test class [com.example.employees.EmployeeApiIntegrationTest]: EmployeeApiIntegrationTest does not declare any static, non-private, non-final, nested classes annotated with @Configuration.
06:31:33.696 [main] INFO org.springframework.boot.test.context.SpringBootTestContextBootstrapper -- Found @SpringBootConfiguration com.example.employees.EmployeeManagementApplication for test class com.example.employees.EmployeeApiIntegrationTest

  .   ____          _            __ _ _
 /\\ / ___'_ __ _ _(_)_ __  __ _ \ \ \ \
( ( )\___ | '_ | '_| | '_ \/ _` | \ \ \ \
 \\/  ___)| |_)| | | | | || (_| |  ) ) ) )
  '  |____| .__|_| |_|_| |_\__, | / / / /
 =========|_|==============|___/=/_/_/_/

 :: Spring Boot ::                (v3.4.0)

2025-08-07T06:31:34.121Z  INFO 5426 --- [           main] c.e.e.EmployeeApiIntegrationTest         : Starting EmployeeApiIntegrationTest using Java 17.0.15 with PID 5426 (/home/daytona/employees/target/test-classes started by daytona in /home/daytona/employees)
2025-08-07T06:31:34.122Z  INFO 5426 --- [           main] c.e.e.EmployeeApiIntegrationTest         : No active profile set, falling back to 1 default profile: "default"
2025-08-07T06:31:34.925Z  INFO 5426 --- [           main] .s.d.r.c.RepositoryConfigurationDelegate : Bootstrapping Spring Data JPA repositories in DEFAULT mode.
2025-08-07T06:31:35.017Z  INFO 5426 --- [           main] .s.d.r.c.RepositoryConfigurationDelegate : Finished Spring Data repository scanning in 28 ms. Found 1 JPA repository interface.
2025-08-07T06:31:35.713Z  INFO 5426 --- [           main] o.s.b.w.embedded.tomcat.TomcatWebServer  : Tomcat initialized with port 0 (http)
2025-08-07T06:31:35.787Z  INFO 5426 --- [           main] o.apache.catalina.core.StandardService   : Starting service [Tomcat]
2025-08-07T06:31:35.787Z  INFO 5426 --- [           main] o.apache.catalina.core.StandardEngine    : Starting Servlet engine: [Apache Tomcat/10.1.33]
2025-08-07T06:31:35.821Z  INFO 5426 --- [           main] o.a.c.c.C.[Tomcat].[localhost].[/]       : Initializing Spring embedded WebApplicationContext
2025-08-07T06:31:35.886Z  INFO 5426 --- [           main] w.s.c.ServletWebServerApplicationContext : Root WebApplicationContext: initialization completed in 1635 ms
2025-08-07T06:31:36.191Z  INFO 5426 --- [           main] com.zaxxer.hikari.HikariDataSource       : HikariPool-1 - Starting...
2025-08-07T06:31:36.802Z  INFO 5426 --- [           main] com.zaxxer.hikari.pool.HikariPool        : HikariPool-1 - Added connection conn0: url=jdbc:h2:mem:e59484ef-cd17-4822-9da1-35daba5a1f65 user=SA
2025-08-07T06:31:36.803Z  INFO 5426 --- [           main] com.zaxxer.hikari.HikariDataSource       : HikariPool-1 - Start completed.
2025-08-07T06:31:37.003Z  INFO 5426 --- [           main] o.hibernate.jpa.internal.util.LogHelper  : HHH000204: Processing PersistenceUnitInfo [name: default]
2025-08-07T06:31:37.206Z  INFO 5426 --- [           main] org.hibernate.Version                    : HHH000412: Hibernate ORM core version 6.6.2.Final
2025-08-07T06:31:37.300Z  INFO 5426 --- [           main] o.h.c.internal.RegionFactoryInitiator    : HHH000026: Second-level cache disabled
2025-08-07T06:31:38.012Z  INFO 5426 --- [           main] o.s.o.j.p.SpringPersistenceUnitInfo      : No LoadTimeWeaver setup: ignoring JPA class transformer
2025-08-07T06:31:38.112Z  INFO 5426 --- [           main] org.hibernate.orm.connections.pooling    : HHH10001005: Database info:
	Database JDBC URL [Connecting through datasource 'HikariDataSource (HikariPool-1)']
	Database driver: undefined/unknown
	Database version: 2.3.232
	Autocommit mode: undefined/unknown
	Isolation level: undefined/unknown
	Minimum pool size: undefined/unknown
	Maximum pool size: undefined/unknown
2025-08-07T06:31:38.585Z  INFO 5426 --- [           main] o.h.e.t.j.p.i.JtaPlatformInitiator       : HHH000489: No JTA platform available (set 'hibernate.transaction.jta.platform' to enable JTA platform integration)
2025-08-07T06:31:38.602Z  INFO 5426 --- [           main] j.LocalContainerEntityManagerFactoryBean : Initialized JPA EntityManagerFactory for persistence unit 'default'
2025-08-07T06:31:39.107Z  WARN 5426 --- [           main] JpaBaseConfiguration$JpaWebConfiguration : spring.jpa.open-in-view is enabled by default. Therefore, database queries may be performed during view rendering. Explicitly configure spring.jpa.open-in-view to disable this warning
2025-08-07T06:31:40.698Z  INFO 5426 --- [           main] o.s.b.w.embedded.tomcat.TomcatWebServer  : Tomcat started on port 46857 (http) with context path '/'
2025-08-07T06:31:40.785Z  INFO 5426 --- [           main] c.e.e.EmployeeApiIntegrationTest         : Started EmployeeApiIntegrationTest in 6.815 seconds (process running for 7.657)
2025-08-07T06:31:41.331Z  INFO 5426 --- [o-auto-1-exec-1] o.a.c.c.C.[Tomcat].[localhost].[/]       : Initializing Spring DispatcherServlet 'dispatcherServlet'
2025-08-07T06:31:41.332Z  INFO 5426 --- [o-auto-1-exec-1] o.s.web.servlet.DispatcherServlet        : Initializing Servlet 'dispatcherServlet'
2025-08-07T06:31:41.333Z  INFO 5426 --- [o-auto-1-exec-1] o.s.web.servlet.DispatcherServlet        : Completed initialization in 1 ms
2025-08-07T06:31:41.372Z  WARN 5426 --- [o-auto-1-exec-1] .w.s.m.s.DefaultHandlerExceptionResolver : Resolved [org.springframework.http.converter.HttpMessageNotReadableException: Required request body is missing: public com.example.employees.Employee com.example.employees.EmployeeController.addEmployee(com.example.employees.Employee)]
]]></system-out>
  </testcase>
  <testcase name="testCreateEmployee_InvalidJson" classname="com.example.employees.EmployeeApiIntegrationTest" time="0.19">
    <system-out><![CDATA[2025-08-07T06:31:41.423Z  INFO 5426 --- [           main] o.s.b.w.e.tomcat.GracefulShutdown        : Commencing graceful shutdown. Waiting for active requests to complete
2025-08-07T06:31:41.424Z  INFO 5426 --- [tomcat-shutdown] o.s.b.w.e.tomcat.GracefulShutdown        : Graceful shutdown complete
2025-08-07T06:31:41.426Z  INFO 5426 --- [           main] j.LocalContainerEntityManagerFactoryBean : Closing JPA EntityManagerFactory for persistence unit 'default'
2025-08-07T06:31:41.428Z  INFO 5426 --- [           main] com.zaxxer.hikari.HikariDataSource       : HikariPool-1 - Shutdown initiated...
2025-08-07T06:31:41.429Z  INFO 5426 --- [           main] com.zaxxer.hikari.HikariDataSource       : HikariPool-1 - Shutdown completed.

  .   ____          _            __ _ _
 /\\ / ___'_ __ _ _(_)_ __  __ _ \ \ \ \
( ( )\___ | '_ | '_| | '_ \/ _` | \ \ \ \
 \\/  ___)| |_)| | | | | || (_| |  ) ) ) )
  '  |____| .__|_| |_|_| |_\__, | / / / /
 =========|_|==============|___/=/_/_/_/

 :: Spring Boot ::                (v3.4.0)

2025-08-07T06:31:41.495Z  INFO 5426 --- [           main] c.e.e.EmployeeApiIntegrationTest         : Starting EmployeeApiIntegrationTest using Java 17.0.15 with PID 5426 (/home/daytona/employees/target/test-classes started by daytona in /home/daytona/employees)
2025-08-07T06:31:41.495Z  INFO 5426 --- [           main] c.e.e.EmployeeApiIntegrationTest         : No active profile set, falling back to 1 default profile: "default"
2025-08-07T06:31:41.709Z  INFO 5426 --- [           main] .s.d.r.c.RepositoryConfigurationDelegate : Bootstrapping Spring Data JPA repositories in DEFAULT mode.
2025-08-07T06:31:41.787Z  INFO 5426 --- [           main] .s.d.r.c.RepositoryConfigurationDelegate : Finished Spring Data repository scanning in 76 ms. Found 1 JPA repository interface.
2025-08-07T06:31:41.903Z  INFO 5426 --- [           main] o.s.b.w.embedded.tomcat.TomcatWebServer  : Tomcat initialized with port 0 (http)
2025-08-07T06:31:41.904Z  INFO 5426 --- [           main] o.apache.catalina.core.StandardService   : Starting service [Tomcat]
2025-08-07T06:31:41.904Z  INFO 5426 --- [           main] o.apache.catalina.core.StandardEngine    : Starting Servlet engine: [Apache Tomcat/10.1.33]
2025-08-07T06:31:41.992Z  INFO 5426 --- [           main] o.a.c.c.C.[Tomcat].[localhost].[/]       : Initializing Spring embedded WebApplicationContext
2025-08-07T06:31:41.992Z  INFO 5426 --- [           main] w.s.c.ServletWebServerApplicationContext : Root WebApplicationContext: initialization completed in 496 ms
2025-08-07T06:31:42.094Z  INFO 5426 --- [           main] com.zaxxer.hikari.HikariDataSource       : HikariPool-2 - Starting...
2025-08-07T06:31:42.096Z  INFO 5426 --- [           main] com.zaxxer.hikari.pool.HikariPool        : HikariPool-2 - Added connection conn10: url=jdbc:h2:mem:386f5f59-4c8a-4d03-97a7-3fc0d6a39c68 user=SA
2025-08-07T06:31:42.097Z  INFO 5426 --- [           main] com.zaxxer.hikari.HikariDataSource       : HikariPool-2 - Start completed.
2025-08-07T06:31:42.099Z  INFO 5426 --- [           main] o.hibernate.jpa.internal.util.LogHelper  : HHH000204: Processing PersistenceUnitInfo [name: default]
2025-08-07T06:31:42.186Z  INFO 5426 --- [           main] o.h.c.internal.RegionFactoryInitiator    : HHH000026: Second-level cache disabled
2025-08-07T06:31:42.191Z  INFO 5426 --- [           main] o.s.o.j.p.SpringPersistenceUnitInfo      : No LoadTimeWeaver setup: ignoring JPA class transformer
2025-08-07T06:31:42.193Z  INFO 5426 --- [           main] org.hibernate.orm.connections.pooling    : HHH10001005: Database info:
	Database JDBC URL [Connecting through datasource 'HikariDataSource (HikariPool-2)']
	Database driver: undefined/unknown
	Database version: 2.3.232
	Autocommit mode: undefined/unknown
	Isolation level: undefined/unknown
	Minimum pool size: undefined/unknown
	Maximum pool size: undefined/unknown
2025-08-07T06:31:42.296Z  INFO 5426 --- [           main] o.h.e.t.j.p.i.JtaPlatformInitiator       : HHH000489: No JTA platform available (set 'hibernate.transaction.jta.platform' to enable JTA platform integration)
2025-08-07T06:31:42.298Z  INFO 5426 --- [           main] j.LocalContainerEntityManagerFactoryBean : Initialized JPA EntityManagerFactory for persistence unit 'default'
2025-08-07T06:31:42.489Z  WARN 5426 --- [           main] JpaBaseConfiguration$JpaWebConfiguration : spring.jpa.open-in-view is enabled by default. Therefore, database queries may be performed during view rendering. Explicitly configure spring.jpa.open-in-view to disable this warning
2025-08-07T06:31:42.891Z  INFO 5426 --- [           main] o.s.b.w.embedded.tomcat.TomcatWebServer  : Tomcat started on port 44127 (http) with context path '/'
2025-08-07T06:31:42.893Z  INFO 5426 --- [           main] c.e.e.EmployeeApiIntegrationTest         : Started EmployeeApiIntegrationTest in 1.458 seconds (process running for 9.765)
2025-08-07T06:31:42.990Z  INFO 5426 --- [o-auto-2-exec-1] o.a.c.c.C.[Tomcat].[localhost].[/]       : Initializing Spring DispatcherServlet 'dispatcherServlet'
2025-08-07T06:31:42.990Z  INFO 5426 --- [o-auto-2-exec-1] o.s.web.servlet.DispatcherServlet        : Initializing Servlet 'dispatcherServlet'
2025-08-07T06:31:42.991Z  INFO 5426 --- [o-auto-2-exec-1] o.s.web.servlet.DispatcherServlet        : Completed initialization in 1 ms
2025-08-07T06:31:42.999Z  WARN 5426 --- [o-auto-2-exec-1] .w.s.m.s.DefaultHandlerExceptionResolver : Resolved [org.springframework.http.converter.HttpMessageNotReadableException: JSON parse error: Unexpected character ('i' (code 105)): was expecting double-quote to start field name]
]]></system-out>
  </testcase>
  <testcase name="testCreateEmployee_NullEmployee" classname="com.example.employees.EmployeeApiIntegrationTest" time="0.009">
    <system-out><![CDATA[2025-08-07T06:31:43.092Z  INFO 5426 --- [           main] o.s.b.w.e.tomcat.GracefulShutdown        : Commencing graceful shutdown. Waiting for active requests to complete
2025-08-07T06:31:43.093Z  INFO 5426 --- [tomcat-shutdown] o.s.b.w.e.tomcat.GracefulShutdown        : Graceful shutdown complete
2025-08-07T06:31:43.094Z  INFO 5426 --- [           main] j.LocalContainerEntityManagerFactoryBean : Closing JPA EntityManagerFactory for persistence unit 'default'
2025-08-07T06:31:43.095Z  INFO 5426 --- [           main] com.zaxxer.hikari.HikariDataSource       : HikariPool-2 - Shutdown initiated...
2025-08-07T06:31:43.096Z  INFO 5426 --- [           main] com.zaxxer.hikari.HikariDataSource       : HikariPool-2 - Shutdown completed.

  .   ____          _            __ _ _
 /\\ / ___'_ __ _ _(_)_ __  __ _ \ \ \ \
( ( )\___ | '_ | '_| | '_ \/ _` | \ \ \ \
 \\/  ___)| |_)| | | | | || (_| |  ) ) ) )
  '  |____| .__|_| |_|_| |_\__, | / / / /
 =========|_|==============|___/=/_/_/_/

 :: Spring Boot ::                (v3.4.0)

2025-08-07T06:31:43.194Z  INFO 5426 --- [           main] c.e.e.EmployeeApiIntegrationTest         : Starting EmployeeApiIntegrationTest using Java 17.0.15 with PID 5426 (/home/daytona/employees/target/test-classes started by daytona in /home/daytona/employees)
2025-08-07T06:31:43.195Z  INFO 5426 --- [           main] c.e.e.EmployeeApiIntegrationTest         : No active profile set, falling back to 1 default profile: "default"
2025-08-07T06:31:43.593Z  INFO 5426 --- [           main] .s.d.r.c.RepositoryConfigurationDelegate : Bootstrapping Spring Data JPA repositories in DEFAULT mode.
2025-08-07T06:31:43.596Z  INFO 5426 --- [           main] .s.d.r.c.RepositoryConfigurationDelegate : Finished Spring Data repository scanning in 2 ms. Found 1 JPA repository interface.
2025-08-07T06:31:43.793Z  INFO 5426 --- [           main] o.s.b.w.embedded.tomcat.TomcatWebServer  : Tomcat initialized with port 0 (http)
2025-08-07T06:31:43.793Z  INFO 5426 --- [           main] o.apache.catalina.core.StandardService   : Starting service [Tomcat]
2025-08-07T06:31:43.793Z  INFO 5426 --- [           main] o.apache.catalina.core.StandardEngine    : Starting Servlet engine: [Apache Tomcat/10.1.33]
2025-08-07T06:31:43.799Z  INFO 5426 --- [           main] o.a.c.c.C.[Tomcat].[localhost].[/]       : Initializing Spring embedded WebApplicationContext
2025-08-07T06:31:43.885Z  INFO 5426 --- [           main] w.s.c.ServletWebServerApplicationContext : Root WebApplicationContext: initialization completed in 690 ms
2025-08-07T06:31:43.903Z  INFO 5426 --- [           main] com.zaxxer.hikari.HikariDataSource       : HikariPool-3 - Starting...
2025-08-07T06:31:43.988Z  INFO 5426 --- [           main] com.zaxxer.hikari.pool.HikariPool        : HikariPool-3 - Added connection conn20: url=jdbc:h2:mem:fb8055cc-951b-4fc6-9f4f-74975d40145b user=SA
2025-08-07T06:31:43.988Z  INFO 5426 --- [           main] com.zaxxer.hikari.HikariDataSource       : HikariPool-3 - Start completed.
2025-08-07T06:31:43.990Z  INFO 5426 --- [           main] o.hibernate.jpa.internal.util.LogHelper  : HHH000204: Processing PersistenceUnitInfo [name: default]
2025-08-07T06:31:43.991Z  INFO 5426 --- [           main] o.h.c.internal.RegionFactoryInitiator    : HHH000026: Second-level cache disabled
2025-08-07T06:31:43.995Z  INFO 5426 --- [           main] o.s.o.j.p.SpringPersistenceUnitInfo      : No LoadTimeWeaver setup: ignoring JPA class transformer
2025-08-07T06:31:43.996Z  INFO 5426 --- [           main] org.hibernate.orm.connections.pooling    : HHH10001005: Database info:
	Database JDBC URL [Connecting through datasource 'HikariDataSource (HikariPool-3)']
	Database driver: undefined/unknown
	Database version: 2.3.232
	Autocommit mode: undefined/unknown
	Isolation level: undefined/unknown
	Minimum pool size: undefined/unknown
	Maximum pool size: undefined/unknown
2025-08-07T06:31:44.187Z  INFO 5426 --- [           main] o.h.e.t.j.p.i.JtaPlatformInitiator       : HHH000489: No JTA platform available (set 'hibernate.transaction.jta.platform' to enable JTA platform integration)
2025-08-07T06:31:44.188Z  INFO 5426 --- [           main] j.LocalContainerEntityManagerFactoryBean : Initialized JPA EntityManagerFactory for persistence unit 'default'
2025-08-07T06:31:44.201Z  WARN 5426 --- [           main] JpaBaseConfiguration$JpaWebConfiguration : spring.jpa.open-in-view is enabled by default. Therefore, database queries may be performed during view rendering. Explicitly configure spring.jpa.open-in-view to disable this warning
2025-08-07T06:31:44.400Z  INFO 5426 --- [           main] o.s.b.w.embedded.tomcat.TomcatWebServer  : Tomcat started on port 43741 (http) with context path '/'
2025-08-07T06:31:44.402Z  INFO 5426 --- [           main] c.e.e.EmployeeApiIntegrationTest         : Started EmployeeApiIntegrationTest in 1.303 seconds (process running for 11.274)
2025-08-07T06:31:44.492Z  INFO 5426 --- [o-auto-3-exec-1] o.a.c.c.C.[Tomcat].[localhost].[/]       : Initializing Spring DispatcherServlet 'dispatcherServlet'
2025-08-07T06:31:44.492Z  INFO 5426 --- [o-auto-3-exec-1] o.s.web.servlet.DispatcherServlet        : Initializing Servlet 'dispatcherServlet'
2025-08-07T06:31:44.492Z  INFO 5426 --- [o-auto-3-exec-1] o.s.web.servlet.DispatcherServlet        : Completed initialization in 0 ms
2025-08-07T06:31:44.494Z  WARN 5426 --- [o-auto-3-exec-1] .w.s.m.s.DefaultHandlerExceptionResolver : Resolved [org.springframework.http.converter.HttpMessageNotReadableException: Required request body is missing: public com.example.employees.Employee com.example.employees.EmployeeController.addEmployee(com.example.employees.Employee)]
]]></system-out>
  </testcase>
  <testcase name="testCreateEmployee_PartialData" classname="com.example.employees.EmployeeApiIntegrationTest" time="0.112">
    <system-out><![CDATA[2025-08-07T06:31:44.587Z  INFO 5426 --- [           main] o.s.b.w.e.tomcat.GracefulShutdown        : Commencing graceful shutdown. Waiting for active requests to complete
2025-08-07T06:31:44.588Z  INFO 5426 --- [tomcat-shutdown] o.s.b.w.e.tomcat.GracefulShutdown        : Graceful shutdown complete
2025-08-07T06:31:44.592Z  INFO 5426 --- [           main] j.LocalContainerEntityManagerFactoryBean : Closing JPA EntityManagerFactory for persistence unit 'default'
2025-08-07T06:31:44.594Z  INFO 5426 --- [           main] com.zaxxer.hikari.HikariDataSource       : HikariPool-3 - Shutdown initiated...
2025-08-07T06:31:44.617Z  INFO 5426 --- [           main] com.zaxxer.hikari.HikariDataSource       : HikariPool-3 - Shutdown completed.

  .   ____          _            __ _ _
 /\\ / ___'_ __ _ _(_)_ __  __ _ \ \ \ \
( ( )\___ | '_ | '_| | '_ \/ _` | \ \ \ \
 \\/  ___)| |_)| | | | | || (_| |  ) ) ) )
  '  |____| .__|_| |_|_| |_\__, | / / / /
 =========|_|==============|___/=/_/_/_/

 :: Spring Boot ::                (v3.4.0)

2025-08-07T06:31:44.689Z  INFO 5426 --- [           main] c.e.e.EmployeeApiIntegrationTest         : Starting EmployeeApiIntegrationTest using Java 17.0.15 with PID 5426 (/home/daytona/employees/target/test-classes started by daytona in /home/daytona/employees)
2025-08-07T06:31:44.689Z  INFO 5426 --- [           main] c.e.e.EmployeeApiIntegrationTest         : No active profile set, falling back to 1 default profile: "default"
2025-08-07T06:31:44.992Z  INFO 5426 --- [           main] .s.d.r.c.RepositoryConfigurationDelegate : Bootstrapping Spring Data JPA repositories in DEFAULT mode.
2025-08-07T06:31:44.995Z  INFO 5426 --- [           main] .s.d.r.c.RepositoryConfigurationDelegate : Finished Spring Data repository scanning in 2 ms. Found 1 JPA repository interface.
2025-08-07T06:31:45.196Z  INFO 5426 --- [           main] o.s.b.w.embedded.tomcat.TomcatWebServer  : Tomcat initialized with port 0 (http)
2025-08-07T06:31:45.197Z  INFO 5426 --- [           main] o.apache.catalina.core.StandardService   : Starting service [Tomcat]
2025-08-07T06:31:45.197Z  INFO 5426 --- [           main] o.apache.catalina.core.StandardEngine    : Starting Servlet engine: [Apache Tomcat/10.1.33]
2025-08-07T06:31:45.204Z  INFO 5426 --- [           main] o.a.c.c.C.[Tomcat].[localhost].[/]       : Initializing Spring embedded WebApplicationContext
2025-08-07T06:31:45.204Z  INFO 5426 --- [           main] w.s.c.ServletWebServerApplicationContext : Root WebApplicationContext: initialization completed in 514 ms
2025-08-07T06:31:45.293Z  INFO 5426 --- [           main] com.zaxxer.hikari.HikariDataSource       : HikariPool-4 - Starting...
2025-08-07T06:31:45.295Z  INFO 5426 --- [           main] com.zaxxer.hikari.pool.HikariPool        : HikariPool-4 - Added connection conn30: url=jdbc:h2:mem:e96d008f-b024-4785-b163-982a4ccce1ec user=SA
2025-08-07T06:31:45.295Z  INFO 5426 --- [           main] com.zaxxer.hikari.HikariDataSource       : HikariPool-4 - Start completed.
2025-08-07T06:31:45.297Z  INFO 5426 --- [           main] o.hibernate.jpa.internal.util.LogHelper  : HHH000204: Processing PersistenceUnitInfo [name: default]
2025-08-07T06:31:45.299Z  INFO 5426 --- [           main] o.h.c.internal.RegionFactoryInitiator    : HHH000026: Second-level cache disabled
2025-08-07T06:31:45.303Z  INFO 5426 --- [           main] o.s.o.j.p.SpringPersistenceUnitInfo      : No LoadTimeWeaver setup: ignoring JPA class transformer
2025-08-07T06:31:45.304Z  INFO 5426 --- [           main] org.hibernate.orm.connections.pooling    : HHH10001005: Database info:
	Database JDBC URL [Connecting through datasource 'HikariDataSource (HikariPool-4)']
	Database driver: undefined/unknown
	Database version: 2.3.232
	Autocommit mode: undefined/unknown
	Isolation level: undefined/unknown
	Minimum pool size: undefined/unknown
	Maximum pool size: undefined/unknown
2025-08-07T06:31:45.489Z  INFO 5426 --- [           main] o.h.e.t.j.p.i.JtaPlatformInitiator       : HHH000489: No JTA platform available (set 'hibernate.transaction.jta.platform' to enable JTA platform integration)
2025-08-07T06:31:45.491Z  INFO 5426 --- [           main] j.LocalContainerEntityManagerFactoryBean : Initialized JPA EntityManagerFactory for persistence unit 'default'
2025-08-07T06:31:45.507Z  WARN 5426 --- [           main] JpaBaseConfiguration$JpaWebConfiguration : spring.jpa.open-in-view is enabled by default. Therefore, database queries may be performed during view rendering. Explicitly configure spring.jpa.open-in-view to disable this warning
2025-08-07T06:31:45.692Z  INFO 5426 --- [           main] o.s.b.w.embedded.tomcat.TomcatWebServer  : Tomcat started on port 34587 (http) with context path '/'
2025-08-07T06:31:45.694Z  INFO 5426 --- [           main] c.e.e.EmployeeApiIntegrationTest         : Started EmployeeApiIntegrationTest in 1.072 seconds (process running for 12.566)
2025-08-07T06:31:45.711Z  INFO 5426 --- [o-auto-4-exec-1] o.a.c.c.C.[Tomcat].[localhost].[/]       : Initializing Spring DispatcherServlet 'dispatcherServlet'
2025-08-07T06:31:45.711Z  INFO 5426 --- [o-auto-4-exec-1] o.s.web.servlet.DispatcherServlet        : Initializing Servlet 'dispatcherServlet'
2025-08-07T06:31:45.711Z  INFO 5426 --- [o-auto-4-exec-1] o.s.web.servlet.DispatcherServlet        : Completed initialization in 0 ms
]]></system-out>
  </testcase>
  <testcase name="testCreateEmployee_Success" classname="com.example.employees.EmployeeApiIntegrationTest" time="0.015">
    <system-out><![CDATA[2025-08-07T06:31:45.819Z  INFO 5426 --- [           main] o.s.b.w.e.tomcat.GracefulShutdown        : Commencing graceful shutdown. Waiting for active requests to complete
2025-08-07T06:31:45.820Z  INFO 5426 --- [tomcat-shutdown] o.s.b.w.e.tomcat.GracefulShutdown        : Graceful shutdown complete
2025-08-07T06:31:45.821Z  INFO 5426 --- [           main] j.LocalContainerEntityManagerFactoryBean : Closing JPA EntityManagerFactory for persistence unit 'default'
2025-08-07T06:31:45.822Z  INFO 5426 --- [           main] com.zaxxer.hikari.HikariDataSource       : HikariPool-4 - Shutdown initiated...
2025-08-07T06:31:45.846Z  INFO 5426 --- [           main] com.zaxxer.hikari.HikariDataSource       : HikariPool-4 - Shutdown completed.

  .   ____          _            __ _ _
 /\\ / ___'_ __ _ _(_)_ __  __ _ \ \ \ \
( ( )\___ | '_ | '_| | '_ \/ _` | \ \ \ \
 \\/  ___)| |_)| | | | | || (_| |  ) ) ) )
  '  |____| .__|_| |_|_| |_\__, | / / / /
 =========|_|==============|___/=/_/_/_/

 :: Spring Boot ::                (v3.4.0)

2025-08-07T06:31:45.861Z  INFO 5426 --- [           main] c.e.e.EmployeeApiIntegrationTest         : Starting EmployeeApiIntegrationTest using Java 17.0.15 with PID 5426 (/home/daytona/employees/target/test-classes started by daytona in /home/daytona/employees)
2025-08-07T06:31:45.861Z  INFO 5426 --- [           main] c.e.e.EmployeeApiIntegrationTest         : No active profile set, falling back to 1 default profile: "default"
2025-08-07T06:31:45.995Z  INFO 5426 --- [           main] .s.d.r.c.RepositoryConfigurationDelegate : Bootstrapping Spring Data JPA repositories in DEFAULT mode.
2025-08-07T06:31:45.997Z  INFO 5426 --- [           main] .s.d.r.c.RepositoryConfigurationDelegate : Finished Spring Data repository scanning in 2 ms. Found 1 JPA repository interface.
2025-08-07T06:31:46.092Z  INFO 5426 --- [           main] o.s.b.w.embedded.tomcat.TomcatWebServer  : Tomcat initialized with port 0 (http)
2025-08-07T06:31:46.093Z  INFO 5426 --- [           main] o.apache.catalina.core.StandardService   : Starting service [Tomcat]
2025-08-07T06:31:46.093Z  INFO 5426 --- [           main] o.apache.catalina.core.StandardEngine    : Starting Servlet engine: [Apache Tomcat/10.1.33]
2025-08-07T06:31:46.098Z  INFO 5426 --- [           main] o.a.c.c.C.[Tomcat].[localhost].[/]       : Initializing Spring embedded WebApplicationContext
2025-08-07T06:31:46.098Z  INFO 5426 --- [           main] w.s.c.ServletWebServerApplicationContext : Root WebApplicationContext: initialization completed in 237 ms
2025-08-07T06:31:46.106Z  INFO 5426 --- [           main] com.zaxxer.hikari.HikariDataSource       : HikariPool-5 - Starting...
2025-08-07T06:31:46.108Z  INFO 5426 --- [           main] com.zaxxer.hikari.pool.HikariPool        : HikariPool-5 - Added connection conn40: url=jdbc:h2:mem:8a295ee4-ea71-4cff-852e-482f7934c4e0 user=SA
2025-08-07T06:31:46.108Z  INFO 5426 --- [           main] com.zaxxer.hikari.HikariDataSource       : HikariPool-5 - Start completed.
2025-08-07T06:31:46.109Z  INFO 5426 --- [           main] o.hibernate.jpa.internal.util.LogHelper  : HHH000204: Processing PersistenceUnitInfo [name: default]
2025-08-07T06:31:46.110Z  INFO 5426 --- [           main] o.h.c.internal.RegionFactoryInitiator    : HHH000026: Second-level cache disabled
2025-08-07T06:31:46.113Z  INFO 5426 --- [           main] o.s.o.j.p.SpringPersistenceUnitInfo      : No LoadTimeWeaver setup: ignoring JPA class transformer
2025-08-07T06:31:46.114Z  INFO 5426 --- [           main] org.hibernate.orm.connections.pooling    : HHH10001005: Database info:
	Database JDBC URL [Connecting through datasource 'HikariDataSource (HikariPool-5)']
	Database driver: undefined/unknown
	Database version: 2.3.232
	Autocommit mode: undefined/unknown
	Isolation level: undefined/unknown
	Minimum pool size: undefined/unknown
	Maximum pool size: undefined/unknown
2025-08-07T06:31:46.199Z  INFO 5426 --- [           main] o.h.e.t.j.p.i.JtaPlatformInitiator       : HHH000489: No JTA platform available (set 'hibernate.transaction.jta.platform' to enable JTA platform integration)
2025-08-07T06:31:46.200Z  INFO 5426 --- [           main] j.LocalContainerEntityManagerFactoryBean : Initialized JPA EntityManagerFactory for persistence unit 'default'
2025-08-07T06:31:46.210Z  WARN 5426 --- [           main] JpaBaseConfiguration$JpaWebConfiguration : spring.jpa.open-in-view is enabled by default. Therefore, database queries may be performed during view rendering. Explicitly configure spring.jpa.open-in-view to disable this warning
2025-08-07T06:31:46.294Z  INFO 5426 --- [           main] o.s.b.w.embedded.tomcat.TomcatWebServer  : Tomcat started on port 34521 (http) with context path '/'
2025-08-07T06:31:46.296Z  INFO 5426 --- [           main] c.e.e.EmployeeApiIntegrationTest         : Started EmployeeApiIntegrationTest in 0.443 seconds (process running for 13.168)
2025-08-07T06:31:46.305Z  INFO 5426 --- [o-auto-5-exec-1] o.a.c.c.C.[Tomcat].[localhost].[/]       : Initializing Spring DispatcherServlet 'dispatcherServlet'
2025-08-07T06:31:46.305Z  INFO 5426 --- [o-auto-5-exec-1] o.s.web.servlet.DispatcherServlet        : Initializing Servlet 'dispatcherServlet'
2025-08-07T06:31:46.305Z  INFO 5426 --- [o-auto-5-exec-1] o.s.web.servlet.DispatcherServlet        : Completed initialization in 0 ms
]]></system-out>
  </testcase>
  <testcase name="testCreateEmployee_WithAllFields" classname="com.example.employees.EmployeeApiIntegrationTest" time="0.381">
    <system-out><![CDATA[2025-08-07T06:31:46.318Z  INFO 5426 --- [           main] o.s.b.w.e.tomcat.GracefulShutdown        : Commencing graceful shutdown. Waiting for active requests to complete
2025-08-07T06:31:46.319Z  INFO 5426 --- [tomcat-shutdown] o.s.b.w.e.tomcat.GracefulShutdown        : Graceful shutdown complete
2025-08-07T06:31:46.320Z  INFO 5426 --- [           main] j.LocalContainerEntityManagerFactoryBean : Closing JPA EntityManagerFactory for persistence unit 'default'
2025-08-07T06:31:46.320Z  INFO 5426 --- [           main] com.zaxxer.hikari.HikariDataSource       : HikariPool-5 - Shutdown initiated...
2025-08-07T06:31:46.348Z  INFO 5426 --- [           main] com.zaxxer.hikari.HikariDataSource       : HikariPool-5 - Shutdown completed.

  .   ____          _            __ _ _
 /\\ / ___'_ __ _ _(_)_ __  __ _ \ \ \ \
( ( )\___ | '_ | '_| | '_ \/ _` | \ \ \ \
 \\/  ___)| |_)| | | | | || (_| |  ) ) ) )
  '  |____| .__|_| |_|_| |_\__, | / / / /
 =========|_|==============|___/=/_/_/_/

 :: Spring Boot ::                (v3.4.0)

2025-08-07T06:31:46.396Z  INFO 5426 --- [           main] c.e.e.EmployeeApiIntegrationTest         : Starting EmployeeApiIntegrationTest using Java 17.0.15 with PID 5426 (/home/daytona/employees/target/test-classes started by daytona in /home/daytona/employees)
2025-08-07T06:31:46.396Z  INFO 5426 --- [           main] c.e.e.EmployeeApiIntegrationTest         : No active profile set, falling back to 1 default profile: "default"
2025-08-07T06:31:46.495Z  INFO 5426 --- [           main] .s.d.r.c.RepositoryConfigurationDelegate : Bootstrapping Spring Data JPA repositories in DEFAULT mode.
2025-08-07T06:31:46.499Z  INFO 5426 --- [           main] .s.d.r.c.RepositoryConfigurationDelegate : Finished Spring Data repository scanning in 2 ms. Found 1 JPA repository interface.
2025-08-07T06:31:46.604Z  INFO 5426 --- [           main] o.s.b.w.embedded.tomcat.TomcatWebServer  : Tomcat initialized with port 0 (http)
2025-08-07T06:31:46.605Z  INFO 5426 --- [           main] o.apache.catalina.core.StandardService   : Starting service [Tomcat]
2025-08-07T06:31:46.685Z  INFO 5426 --- [           main] o.apache.catalina.core.StandardEngine    : Starting Servlet engine: [Apache Tomcat/10.1.33]
2025-08-07T06:31:46.692Z  INFO 5426 --- [           main] o.a.c.c.C.[Tomcat].[localhost].[/]       : Initializing Spring embedded WebApplicationContext
2025-08-07T06:31:46.692Z  INFO 5426 --- [           main] w.s.c.ServletWebServerApplicationContext : Root WebApplicationContext: initialization completed in 296 ms
2025-08-07T06:31:46.703Z  INFO 5426 --- [           main] com.zaxxer.hikari.HikariDataSource       : HikariPool-6 - Starting...
2025-08-07T06:31:46.705Z  INFO 5426 --- [           main] com.zaxxer.hikari.pool.HikariPool        : HikariPool-6 - Added connection conn44: url=jdbc:h2:mem:4b5761bd-9ab2-48ea-8328-344398ee7d9b user=SA
2025-08-07T06:31:46.705Z  INFO 5426 --- [           main] com.zaxxer.hikari.HikariDataSource       : HikariPool-6 - Start completed.
2025-08-07T06:31:46.707Z  INFO 5426 --- [           main] o.hibernate.jpa.internal.util.LogHelper  : HHH000204: Processing PersistenceUnitInfo [name: default]
2025-08-07T06:31:46.708Z  INFO 5426 --- [           main] o.h.c.internal.RegionFactoryInitiator    : HHH000026: Second-level cache disabled
2025-08-07T06:31:46.786Z  INFO 5426 --- [           main] o.s.o.j.p.SpringPersistenceUnitInfo      : No LoadTimeWeaver setup: ignoring JPA class transformer
2025-08-07T06:31:46.787Z  INFO 5426 --- [           main] org.hibernate.orm.connections.pooling    : HHH10001005: Database info:
	Database JDBC URL [Connecting through datasource 'HikariDataSource (HikariPool-6)']
	Database driver: undefined/unknown
	Database version: 2.3.232
	Autocommit mode: undefined/unknown
	Isolation level: undefined/unknown
	Minimum pool size: undefined/unknown
	Maximum pool size: undefined/unknown
2025-08-07T06:31:46.806Z  INFO 5426 --- [           main] o.h.e.t.j.p.i.JtaPlatformInitiator       : HHH000489: No JTA platform available (set 'hibernate.transaction.jta.platform' to enable JTA platform integration)
2025-08-07T06:31:46.807Z  INFO 5426 --- [           main] j.LocalContainerEntityManagerFactoryBean : Initialized JPA EntityManagerFactory for persistence unit 'default'
2025-08-07T06:31:46.893Z  WARN 5426 --- [           main] JpaBaseConfiguration$JpaWebConfiguration : spring.jpa.open-in-view is enabled by default. Therefore, database queries may be performed during view rendering. Explicitly configure spring.jpa.open-in-view to disable this warning
2025-08-07T06:31:46.928Z  INFO 5426 --- [           main] o.s.b.w.embedded.tomcat.TomcatWebServer  : Tomcat started on port 37127 (http) with context path '/'
2025-08-07T06:31:46.930Z  INFO 5426 --- [           main] c.e.e.EmployeeApiIntegrationTest         : Started EmployeeApiIntegrationTest in 0.542 seconds (process running for 13.802)
2025-08-07T06:31:46.940Z  INFO 5426 --- [o-auto-6-exec-1] o.a.c.c.C.[Tomcat].[localhost].[/]       : Initializing Spring DispatcherServlet 'dispatcherServlet'
2025-08-07T06:31:46.940Z  INFO 5426 --- [o-auto-6-exec-1] o.s.web.servlet.DispatcherServlet        : Initializing Servlet 'dispatcherServlet'
2025-08-07T06:31:46.940Z  INFO 5426 --- [o-auto-6-exec-1] o.s.web.servlet.DispatcherServlet        : Completed initialization in 0 ms
]]></system-out>
  </testcase>
  <testcase name="testDeleteEmployee_InvalidId" classname="com.example.employees.EmployeeApiIntegrationTest" time="0.01">
    <system-out><![CDATA[2025-08-07T06:31:47.319Z  INFO 5426 --- [           main] o.s.b.w.e.tomcat.GracefulShutdown        : Commencing graceful shutdown. Waiting for active requests to complete
2025-08-07T06:31:47.323Z  INFO 5426 --- [tomcat-shutdown] o.s.b.w.e.tomcat.GracefulShutdown        : Graceful shutdown complete
2025-08-07T06:31:47.325Z  INFO 5426 --- [           main] j.LocalContainerEntityManagerFactoryBean : Closing JPA EntityManagerFactory for persistence unit 'default'
2025-08-07T06:31:47.326Z  INFO 5426 --- [           main] com.zaxxer.hikari.HikariDataSource       : HikariPool-6 - Shutdown initiated...
2025-08-07T06:31:47.386Z  INFO 5426 --- [           main] com.zaxxer.hikari.HikariDataSource       : HikariPool-6 - Shutdown completed.

  .   ____          _            __ _ _
 /\\ / ___'_ __ _ _(_)_ __  __ _ \ \ \ \
( ( )\___ | '_ | '_| | '_ \/ _` | \ \ \ \
 \\/  ___)| |_)| | | | | || (_| |  ) ) ) )
  '  |____| .__|_| |_|_| |_\__, | / / / /
 =========|_|==============|___/=/_/_/_/

 :: Spring Boot ::                (v3.4.0)

2025-08-07T06:31:47.394Z  INFO 5426 --- [           main] c.e.e.EmployeeApiIntegrationTest         : Starting EmployeeApiIntegrationTest using Java 17.0.15 with PID 5426 (/home/daytona/employees/target/test-classes started by daytona in /home/daytona/employees)
2025-08-07T06:31:47.394Z  INFO 5426 --- [           main] c.e.e.EmployeeApiIntegrationTest         : No active profile set, falling back to 1 default profile: "default"
2025-08-07T06:31:47.499Z  INFO 5426 --- [           main] .s.d.r.c.RepositoryConfigurationDelegate : Bootstrapping Spring Data JPA repositories in DEFAULT mode.
2025-08-07T06:31:47.502Z  INFO 5426 --- [           main] .s.d.r.c.RepositoryConfigurationDelegate : Finished Spring Data repository scanning in 2 ms. Found 1 JPA repository interface.
2025-08-07T06:31:47.518Z  INFO 5426 --- [           main] o.s.b.w.embedded.tomcat.TomcatWebServer  : Tomcat initialized with port 0 (http)
2025-08-07T06:31:47.519Z  INFO 5426 --- [           main] o.apache.catalina.core.StandardService   : Starting service [Tomcat]
2025-08-07T06:31:47.519Z  INFO 5426 --- [           main] o.apache.catalina.core.StandardEngine    : Starting Servlet engine: [Apache Tomcat/10.1.33]
2025-08-07T06:31:47.591Z  INFO 5426 --- [           main] o.a.c.c.C.[Tomcat].[localhost].[/]       : Initializing Spring embedded WebApplicationContext
2025-08-07T06:31:47.591Z  INFO 5426 --- [           main] w.s.c.ServletWebServerApplicationContext : Root WebApplicationContext: initialization completed in 196 ms
2025-08-07T06:31:47.601Z  INFO 5426 --- [           main] com.zaxxer.hikari.HikariDataSource       : HikariPool-7 - Starting...
2025-08-07T06:31:47.685Z  INFO 5426 --- [           main] com.zaxxer.hikari.pool.HikariPool        : HikariPool-7 - Added connection conn54: url=jdbc:h2:mem:bee49353-e607-48fb-b004-4483d9f8089a user=SA
2025-08-07T06:31:47.686Z  INFO 5426 --- [           main] com.zaxxer.hikari.HikariDataSource       : HikariPool-7 - Start completed.
2025-08-07T06:31:47.688Z  INFO 5426 --- [           main] o.hibernate.jpa.internal.util.LogHelper  : HHH000204: Processing PersistenceUnitInfo [name: default]
2025-08-07T06:31:47.689Z  INFO 5426 --- [           main] o.h.c.internal.RegionFactoryInitiator    : HHH000026: Second-level cache disabled
2025-08-07T06:31:47.693Z  INFO 5426 --- [           main] o.s.o.j.p.SpringPersistenceUnitInfo      : No LoadTimeWeaver setup: ignoring JPA class transformer
2025-08-07T06:31:47.693Z  INFO 5426 --- [           main] org.hibernate.orm.connections.pooling    : HHH10001005: Database info:
	Database JDBC URL [Connecting through datasource 'HikariDataSource (HikariPool-7)']
	Database driver: undefined/unknown
	Database version: 2.3.232
	Autocommit mode: undefined/unknown
	Isolation level: undefined/unknown
	Minimum pool size: undefined/unknown
	Maximum pool size: undefined/unknown
2025-08-07T06:31:47.791Z  INFO 5426 --- [           main] o.h.e.t.j.p.i.JtaPlatformInitiator       : HHH000489: No JTA platform available (set 'hibernate.transaction.jta.platform' to enable JTA platform integration)
2025-08-07T06:31:47.793Z  INFO 5426 --- [           main] j.LocalContainerEntityManagerFactoryBean : Initialized JPA EntityManagerFactory for persistence unit 'default'
2025-08-07T06:31:47.806Z  WARN 5426 --- [           main] JpaBaseConfiguration$JpaWebConfiguration : spring.jpa.open-in-view is enabled by default. Therefore, database queries may be performed during view rendering. Explicitly configure spring.jpa.open-in-view to disable this warning
2025-08-07T06:31:47.905Z  INFO 5426 --- [           main] o.s.b.w.embedded.tomcat.TomcatWebServer  : Tomcat started on port 36223 (http) with context path '/'
2025-08-07T06:31:47.907Z  INFO 5426 --- [           main] c.e.e.EmployeeApiIntegrationTest         : Started EmployeeApiIntegrationTest in 0.519 seconds (process running for 14.779)
2025-08-07T06:31:47.914Z  INFO 5426 --- [o-auto-7-exec-1] o.a.c.c.C.[Tomcat].[localhost].[/]       : Initializing Spring DispatcherServlet 'dispatcherServlet'
2025-08-07T06:31:47.914Z  INFO 5426 --- [o-auto-7-exec-1] o.s.web.servlet.DispatcherServlet        : Initializing Servlet 'dispatcherServlet'
2025-08-07T06:31:47.915Z  INFO 5426 --- [o-auto-7-exec-1] o.s.web.servlet.DispatcherServlet        : Completed initialization in 1 ms
2025-08-07T06:31:47.919Z  WARN 5426 --- [o-auto-7-exec-1] .w.s.m.s.DefaultHandlerExceptionResolver : Resolved [org.springframework.web.method.annotation.MethodArgumentTypeMismatchException: Method parameter 'id': Failed to convert value of type 'java.lang.String' to required type 'java.lang.Long'; For input string: "invalid"]
]]></system-out>
  </testcase>
  <testcase name="testDeleteEmployee_NotFound" classname="com.example.employees.EmployeeApiIntegrationTest" time="0.043">
    <system-out><![CDATA[2025-08-07T06:31:47.925Z  INFO 5426 --- [           main] o.s.b.w.e.tomcat.GracefulShutdown        : Commencing graceful shutdown. Waiting for active requests to complete
2025-08-07T06:31:47.926Z  INFO 5426 --- [tomcat-shutdown] o.s.b.w.e.tomcat.GracefulShutdown        : Graceful shutdown complete
2025-08-07T06:31:47.926Z  INFO 5426 --- [           main] j.LocalContainerEntityManagerFactoryBean : Closing JPA EntityManagerFactory for persistence unit 'default'
2025-08-07T06:31:47.927Z  INFO 5426 --- [           main] com.zaxxer.hikari.HikariDataSource       : HikariPool-7 - Shutdown initiated...
2025-08-07T06:31:47.939Z  INFO 5426 --- [           main] com.zaxxer.hikari.HikariDataSource       : HikariPool-7 - Shutdown completed.

  .   ____          _            __ _ _
 /\\ / ___'_ __ _ _(_)_ __  __ _ \ \ \ \
( ( )\___ | '_ | '_| | '_ \/ _` | \ \ \ \
 \\/  ___)| |_)| | | | | || (_| |  ) ) ) )
  '  |____| .__|_| |_|_| |_\__, | / / / /
 =========|_|==============|___/=/_/_/_/

 :: Spring Boot ::                (v3.4.0)

2025-08-07T06:31:47.950Z  INFO 5426 --- [           main] c.e.e.EmployeeApiIntegrationTest         : Starting EmployeeApiIntegrationTest using Java 17.0.15 with PID 5426 (/home/daytona/employees/target/test-classes started by daytona in /home/daytona/employees)
2025-08-07T06:31:47.950Z  INFO 5426 --- [           main] c.e.e.EmployeeApiIntegrationTest         : No active profile set, falling back to 1 default profile: "default"
2025-08-07T06:31:48.018Z  INFO 5426 --- [           main] .s.d.r.c.RepositoryConfigurationDelegate : Bootstrapping Spring Data JPA repositories in DEFAULT mode.
2025-08-07T06:31:48.021Z  INFO 5426 --- [           main] .s.d.r.c.RepositoryConfigurationDelegate : Finished Spring Data repository scanning in 2 ms. Found 1 JPA repository interface.
2025-08-07T06:31:48.043Z  INFO 5426 --- [           main] o.s.b.w.embedded.tomcat.TomcatWebServer  : Tomcat initialized with port 0 (http)
2025-08-07T06:31:48.043Z  INFO 5426 --- [           main] o.apache.catalina.core.StandardService   : Starting service [Tomcat]
2025-08-07T06:31:48.043Z  INFO 5426 --- [           main] o.apache.catalina.core.StandardEngine    : Starting Servlet engine: [Apache Tomcat/10.1.33]
2025-08-07T06:31:48.089Z  INFO 5426 --- [           main] o.a.c.c.C.[Tomcat].[localhost].[/]       : Initializing Spring embedded WebApplicationContext
2025-08-07T06:31:48.089Z  INFO 5426 --- [           main] w.s.c.ServletWebServerApplicationContext : Root WebApplicationContext: initialization completed in 139 ms
2025-08-07T06:31:48.099Z  INFO 5426 --- [           main] com.zaxxer.hikari.HikariDataSource       : HikariPool-8 - Starting...
2025-08-07T06:31:48.101Z  INFO 5426 --- [           main] com.zaxxer.hikari.pool.HikariPool        : HikariPool-8 - Added connection conn60: url=jdbc:h2:mem:6efbb119-4f24-42f2-b11d-280462f8b534 user=SA
2025-08-07T06:31:48.101Z  INFO 5426 --- [           main] com.zaxxer.hikari.HikariDataSource       : HikariPool-8 - Start completed.
2025-08-07T06:31:48.102Z  INFO 5426 --- [           main] o.hibernate.jpa.internal.util.LogHelper  : HHH000204: Processing PersistenceUnitInfo [name: default]
2025-08-07T06:31:48.104Z  INFO 5426 --- [           main] o.h.c.internal.RegionFactoryInitiator    : HHH000026: Second-level cache disabled
2025-08-07T06:31:48.109Z  INFO 5426 --- [           main] o.s.o.j.p.SpringPersistenceUnitInfo      : No LoadTimeWeaver setup: ignoring JPA class transformer
2025-08-07T06:31:48.110Z  INFO 5426 --- [           main] org.hibernate.orm.connections.pooling    : HHH10001005: Database info:
	Database JDBC URL [Connecting through datasource 'HikariDataSource (HikariPool-8)']
	Database driver: undefined/unknown
	Database version: 2.3.232
	Autocommit mode: undefined/unknown
	Isolation level: undefined/unknown
	Minimum pool size: undefined/unknown
	Maximum pool size: undefined/unknown
2025-08-07T06:31:48.192Z  INFO 5426 --- [           main] o.h.e.t.j.p.i.JtaPlatformInitiator       : HHH000489: No JTA platform available (set 'hibernate.transaction.jta.platform' to enable JTA platform integration)
2025-08-07T06:31:48.194Z  INFO 5426 --- [           main] j.LocalContainerEntityManagerFactoryBean : Initialized JPA EntityManagerFactory for persistence unit 'default'
2025-08-07T06:31:48.207Z  WARN 5426 --- [           main] JpaBaseConfiguration$JpaWebConfiguration : spring.jpa.open-in-view is enabled by default. Therefore, database queries may be performed during view rendering. Explicitly configure spring.jpa.open-in-view to disable this warning
2025-08-07T06:31:48.245Z  INFO 5426 --- [           main] o.s.b.w.embedded.tomcat.TomcatWebServer  : Tomcat started on port 32787 (http) with context path '/'
2025-08-07T06:31:48.247Z  INFO 5426 --- [           main] c.e.e.EmployeeApiIntegrationTest         : Started EmployeeApiIntegrationTest in 0.306 seconds (process running for 15.119)
2025-08-07T06:31:48.288Z  INFO 5426 --- [o-auto-8-exec-1] o.a.c.c.C.[Tomcat].[localhost].[/]       : Initializing Spring DispatcherServlet 'dispatcherServlet'
2025-08-07T06:31:48.288Z  INFO 5426 --- [o-auto-8-exec-1] o.s.web.servlet.DispatcherServlet        : Initializing Servlet 'dispatcherServlet'
2025-08-07T06:31:48.289Z  INFO 5426 --- [o-auto-8-exec-1] o.s.web.servlet.DispatcherServlet        : Completed initialization in 1 ms
]]></system-out>
  </testcase>
  <testcase name="testDeleteEmployee_Success" classname="com.example.employees.EmployeeApiIntegrationTest" time="0.093">
    <system-out><![CDATA[2025-08-07T06:31:48.298Z  INFO 5426 --- [           main] o.s.b.w.e.tomcat.GracefulShutdown        : Commencing graceful shutdown. Waiting for active requests to complete
2025-08-07T06:31:48.299Z  INFO 5426 --- [tomcat-shutdown] o.s.b.w.e.tomcat.GracefulShutdown        : Graceful shutdown complete
2025-08-07T06:31:48.300Z  INFO 5426 --- [           main] j.LocalContainerEntityManagerFactoryBean : Closing JPA EntityManagerFactory for persistence unit 'default'
2025-08-07T06:31:48.301Z  INFO 5426 --- [           main] com.zaxxer.hikari.HikariDataSource       : HikariPool-8 - Shutdown initiated...
2025-08-07T06:31:48.315Z  INFO 5426 --- [           main] com.zaxxer.hikari.HikariDataSource       : HikariPool-8 - Shutdown completed.

  .   ____          _            __ _ _
 /\\ / ___'_ __ _ _(_)_ __  __ _ \ \ \ \
( ( )\___ | '_ | '_| | '_ \/ _` | \ \ \ \
 \\/  ___)| |_)| | | | | || (_| |  ) ) ) )
  '  |____| .__|_| |_|_| |_\__, | / / / /
 =========|_|==============|___/=/_/_/_/

 :: Spring Boot ::                (v3.4.0)

2025-08-07T06:31:48.327Z  INFO 5426 --- [           main] c.e.e.EmployeeApiIntegrationTest         : Starting EmployeeApiIntegrationTest using Java 17.0.15 with PID 5426 (/home/daytona/employees/target/test-classes started by daytona in /home/daytona/employees)
2025-08-07T06:31:48.327Z  INFO 5426 --- [           main] c.e.e.EmployeeApiIntegrationTest         : No active profile set, falling back to 1 default profile: "default"
2025-08-07T06:31:48.397Z  INFO 5426 --- [           main] .s.d.r.c.RepositoryConfigurationDelegate : Bootstrapping Spring Data JPA repositories in DEFAULT mode.
2025-08-07T06:31:48.400Z  INFO 5426 --- [           main] .s.d.r.c.RepositoryConfigurationDelegate : Finished Spring Data repository scanning in 2 ms. Found 1 JPA repository interface.
2025-08-07T06:31:48.485Z  INFO 5426 --- [           main] o.s.b.w.embedded.tomcat.TomcatWebServer  : Tomcat initialized with port 0 (http)
2025-08-07T06:31:48.486Z  INFO 5426 --- [           main] o.apache.catalina.core.StandardService   : Starting service [Tomcat]
2025-08-07T06:31:48.486Z  INFO 5426 --- [           main] o.apache.catalina.core.StandardEngine    : Starting Servlet engine: [Apache Tomcat/10.1.33]
2025-08-07T06:31:48.493Z  INFO 5426 --- [           main] o.a.c.c.C.[Tomcat].[localhost].[/]       : Initializing Spring embedded WebApplicationContext
2025-08-07T06:31:48.493Z  INFO 5426 --- [           main] w.s.c.ServletWebServerApplicationContext : Root WebApplicationContext: initialization completed in 166 ms
2025-08-07T06:31:48.502Z  INFO 5426 --- [           main] com.zaxxer.hikari.HikariDataSource       : HikariPool-9 - Starting...
2025-08-07T06:31:48.504Z  INFO 5426 --- [           main] com.zaxxer.hikari.pool.HikariPool        : HikariPool-9 - Added connection conn64: url=jdbc:h2:mem:b79f6553-294b-4da8-b015-71159f082d81 user=SA
2025-08-07T06:31:48.504Z  INFO 5426 --- [           main] com.zaxxer.hikari.HikariDataSource       : HikariPool-9 - Start completed.
2025-08-07T06:31:48.506Z  INFO 5426 --- [           main] o.hibernate.jpa.internal.util.LogHelper  : HHH000204: Processing PersistenceUnitInfo [name: default]
2025-08-07T06:31:48.507Z  INFO 5426 --- [           main] o.h.c.internal.RegionFactoryInitiator    : HHH000026: Second-level cache disabled
2025-08-07T06:31:48.511Z  INFO 5426 --- [           main] o.s.o.j.p.SpringPersistenceUnitInfo      : No LoadTimeWeaver setup: ignoring JPA class transformer
2025-08-07T06:31:48.512Z  INFO 5426 --- [           main] org.hibernate.orm.connections.pooling    : HHH10001005: Database info:
	Database JDBC URL [Connecting through datasource 'HikariDataSource (HikariPool-9)']
	Database driver: undefined/unknown
	Database version: 2.3.232
	Autocommit mode: undefined/unknown
	Isolation level: undefined/unknown
	Minimum pool size: undefined/unknown
	Maximum pool size: undefined/unknown
2025-08-07T06:31:48.592Z  INFO 5426 --- [           main] o.h.e.t.j.p.i.JtaPlatformInitiator       : HHH000489: No JTA platform available (set 'hibernate.transaction.jta.platform' to enable JTA platform integration)
2025-08-07T06:31:48.593Z  INFO 5426 --- [           main] j.LocalContainerEntityManagerFactoryBean : Initialized JPA EntityManagerFactory for persistence unit 'default'
2025-08-07T06:31:48.606Z  WARN 5426 --- [           main] JpaBaseConfiguration$JpaWebConfiguration : spring.jpa.open-in-view is enabled by default. Therefore, database queries may be performed during view rendering. Explicitly configure spring.jpa.open-in-view to disable this warning
2025-08-07T06:31:48.703Z  INFO 5426 --- [           main] o.s.b.w.embedded.tomcat.TomcatWebServer  : Tomcat started on port 41909 (http) with context path '/'
2025-08-07T06:31:48.706Z  INFO 5426 --- [           main] c.e.e.EmployeeApiIntegrationTest         : Started EmployeeApiIntegrationTest in 0.387 seconds (process running for 15.578)
2025-08-07T06:31:48.796Z  INFO 5426 --- [o-auto-9-exec-1] o.a.c.c.C.[Tomcat].[localhost].[/]       : Initializing Spring DispatcherServlet 'dispatcherServlet'
2025-08-07T06:31:48.796Z  INFO 5426 --- [o-auto-9-exec-1] o.s.web.servlet.DispatcherServlet        : Initializing Servlet 'dispatcherServlet'
2025-08-07T06:31:48.796Z  INFO 5426 --- [o-auto-9-exec-1] o.s.web.servlet.DispatcherServlet        : Completed initialization in 0 ms
]]></system-out>
  </testcase>
  <testcase name="testDeleteEmployee_VerifyOtherEmployeesUnaffected" classname="com.example.employees.EmployeeApiIntegrationTest" time="0.012">
    <system-out><![CDATA[2025-08-07T06:31:48.805Z  INFO 5426 --- [           main] o.s.b.w.e.tomcat.GracefulShutdown        : Commencing graceful shutdown. Waiting for active requests to complete
2025-08-07T06:31:48.806Z  INFO 5426 --- [tomcat-shutdown] o.s.b.w.e.tomcat.GracefulShutdown        : Graceful shutdown complete
2025-08-07T06:31:48.806Z  INFO 5426 --- [           main] j.LocalContainerEntityManagerFactoryBean : Closing JPA EntityManagerFactory for persistence unit 'default'
2025-08-07T06:31:48.807Z  INFO 5426 --- [           main] com.zaxxer.hikari.HikariDataSource       : HikariPool-9 - Shutdown initiated...
2025-08-07T06:31:48.816Z  INFO 5426 --- [           main] com.zaxxer.hikari.HikariDataSource       : HikariPool-9 - Shutdown completed.

  .   ____          _            __ _ _
 /\\ / ___'_ __ _ _(_)_ __  __ _ \ \ \ \
( ( )\___ | '_ | '_| | '_ \/ _` | \ \ \ \
 \\/  ___)| |_)| | | | | || (_| |  ) ) ) )
  '  |____| .__|_| |_|_| |_\__, | / / / /
 =========|_|==============|___/=/_/_/_/

 :: Spring Boot ::                (v3.4.0)

2025-08-07T06:31:48.915Z  INFO 5426 --- [           main] c.e.e.EmployeeApiIntegrationTest         : Starting EmployeeApiIntegrationTest using Java 17.0.15 with PID 5426 (/home/daytona/employees/target/test-classes started by daytona in /home/daytona/employees)
2025-08-07T06:31:48.915Z  INFO 5426 --- [           main] c.e.e.EmployeeApiIntegrationTest         : No active profile set, falling back to 1 default profile: "default"
2025-08-07T06:31:49.092Z  INFO 5426 --- [           main] .s.d.r.c.RepositoryConfigurationDelegate : Bootstrapping Spring Data JPA repositories in DEFAULT mode.
2025-08-07T06:31:49.095Z  INFO 5426 --- [           main] .s.d.r.c.RepositoryConfigurationDelegate : Finished Spring Data repository scanning in 2 ms. Found 1 JPA repository interface.
2025-08-07T06:31:49.113Z  INFO 5426 --- [           main] o.s.b.w.embedded.tomcat.TomcatWebServer  : Tomcat initialized with port 0 (http)
2025-08-07T06:31:49.113Z  INFO 5426 --- [           main] o.apache.catalina.core.StandardService   : Starting service [Tomcat]
2025-08-07T06:31:49.113Z  INFO 5426 --- [           main] o.apache.catalina.core.StandardEngine    : Starting Servlet engine: [Apache Tomcat/10.1.33]
2025-08-07T06:31:49.118Z  INFO 5426 --- [           main] o.a.c.c.C.[Tomcat].[localhost].[/]       : Initializing Spring embedded WebApplicationContext
2025-08-07T06:31:49.118Z  INFO 5426 --- [           main] w.s.c.ServletWebServerApplicationContext : Root WebApplicationContext: initialization completed in 202 ms
2025-08-07T06:31:49.125Z  INFO 5426 --- [           main] com.zaxxer.hikari.HikariDataSource       : HikariPool-10 - Starting...
2025-08-07T06:31:49.126Z  INFO 5426 --- [           main] com.zaxxer.hikari.pool.HikariPool        : HikariPool-10 - Added connection conn70: url=jdbc:h2:mem:024ae545-4089-4ebe-8385-805a03e02519 user=SA
2025-08-07T06:31:49.126Z  INFO 5426 --- [           main] com.zaxxer.hikari.HikariDataSource       : HikariPool-10 - Start completed.
2025-08-07T06:31:49.128Z  INFO 5426 --- [           main] o.hibernate.jpa.internal.util.LogHelper  : HHH000204: Processing PersistenceUnitInfo [name: default]
2025-08-07T06:31:49.128Z  INFO 5426 --- [           main] o.h.c.internal.RegionFactoryInitiator    : HHH000026: Second-level cache disabled
2025-08-07T06:31:49.131Z  INFO 5426 --- [           main] o.s.o.j.p.SpringPersistenceUnitInfo      : No LoadTimeWeaver setup: ignoring JPA class transformer
2025-08-07T06:31:49.132Z  INFO 5426 --- [           main] org.hibernate.orm.connections.pooling    : HHH10001005: Database info:
	Database JDBC URL [Connecting through datasource 'HikariDataSource (HikariPool-10)']
	Database driver: undefined/unknown
	Database version: 2.3.232
	Autocommit mode: undefined/unknown
	Isolation level: undefined/unknown
	Minimum pool size: undefined/unknown
	Maximum pool size: undefined/unknown
2025-08-07T06:31:49.186Z  INFO 5426 --- [           main] o.h.e.t.j.p.i.JtaPlatformInitiator       : HHH000489: No JTA platform available (set 'hibernate.transaction.jta.platform' to enable JTA platform integration)
2025-08-07T06:31:49.188Z  INFO 5426 --- [           main] j.LocalContainerEntityManagerFactoryBean : Initialized JPA EntityManagerFactory for persistence unit 'default'
2025-08-07T06:31:49.197Z  WARN 5426 --- [           main] JpaBaseConfiguration$JpaWebConfiguration : spring.jpa.open-in-view is enabled by default. Therefore, database queries may be performed during view rendering. Explicitly configure spring.jpa.open-in-view to disable this warning
2025-08-07T06:31:49.222Z  INFO 5426 --- [           main] o.s.b.w.embedded.tomcat.TomcatWebServer  : Tomcat started on port 41509 (http) with context path '/'
2025-08-07T06:31:49.224Z  INFO 5426 --- [           main] c.e.e.EmployeeApiIntegrationTest         : Started EmployeeApiIntegrationTest in 0.336 seconds (process running for 16.096)
2025-08-07T06:31:49.231Z  INFO 5426 --- [-auto-10-exec-1] o.a.c.c.C.[Tomcat].[localhost].[/]       : Initializing Spring DispatcherServlet 'dispatcherServlet'
2025-08-07T06:31:49.231Z  INFO 5426 --- [-auto-10-exec-1] o.s.web.servlet.DispatcherServlet        : Initializing Servlet 'dispatcherServlet'
2025-08-07T06:31:49.232Z  INFO 5426 --- [-auto-10-exec-1] o.s.web.servlet.DispatcherServlet        : Completed initialization in 1 ms
]]></system-out>
  </testcase>
  <testcase name="testFullCrudWorkflow" classname="com.example.employees.EmployeeApiIntegrationTest" time="0.027">
    <system-out><![CDATA[2025-08-07T06:31:49.242Z  INFO 5426 --- [           main] o.s.b.w.e.tomcat.GracefulShutdown        : Commencing graceful shutdown. Waiting for active requests to complete
2025-08-07T06:31:49.243Z  INFO 5426 --- [tomcat-shutdown] o.s.b.w.e.tomcat.GracefulShutdown        : Graceful shutdown complete
2025-08-07T06:31:49.243Z  INFO 5426 --- [           main] j.LocalContainerEntityManagerFactoryBean : Closing JPA EntityManagerFactory for persistence unit 'default'
2025-08-07T06:31:49.244Z  INFO 5426 --- [           main] com.zaxxer.hikari.HikariDataSource       : HikariPool-10 - Shutdown initiated...
2025-08-07T06:31:49.257Z  INFO 5426 --- [           main] com.zaxxer.hikari.HikariDataSource       : HikariPool-10 - Shutdown completed.

  .   ____          _            __ _ _
 /\\ / ___'_ __ _ _(_)_ __  __ _ \ \ \ \
( ( )\___ | '_ | '_| | '_ \/ _` | \ \ \ \
 \\/  ___)| |_)| | | | | || (_| |  ) ) ) )
  '  |____| .__|_| |_|_| |_\__, | / / / /
 =========|_|==============|___/=/_/_/_/

 :: Spring Boot ::                (v3.4.0)

2025-08-07T06:31:49.271Z  INFO 5426 --- [           main] c.e.e.EmployeeApiIntegrationTest         : Starting EmployeeApiIntegrationTest using Java 17.0.15 with PID 5426 (/home/daytona/employees/target/test-classes started by daytona in /home/daytona/employees)
2025-08-07T06:31:49.271Z  INFO 5426 --- [           main] c.e.e.EmployeeApiIntegrationTest         : No active profile set, falling back to 1 default profile: "default"
2025-08-07T06:31:49.308Z  INFO 5426 --- [           main] .s.d.r.c.RepositoryConfigurationDelegate : Bootstrapping Spring Data JPA repositories in DEFAULT mode.
2025-08-07T06:31:49.310Z  INFO 5426 --- [           main] .s.d.r.c.RepositoryConfigurationDelegate : Finished Spring Data repository scanning in 1 ms. Found 1 JPA repository interface.
2025-08-07T06:31:49.325Z  INFO 5426 --- [           main] o.s.b.w.embedded.tomcat.TomcatWebServer  : Tomcat initialized with port 0 (http)
2025-08-07T06:31:49.326Z  INFO 5426 --- [           main] o.apache.catalina.core.StandardService   : Starting service [Tomcat]
2025-08-07T06:31:49.326Z  INFO 5426 --- [           main] o.apache.catalina.core.StandardEngine    : Starting Servlet engine: [Apache Tomcat/10.1.33]
2025-08-07T06:31:49.331Z  INFO 5426 --- [           main] o.a.c.c.C.[Tomcat].[localhost].[/]       : Initializing Spring embedded WebApplicationContext
2025-08-07T06:31:49.331Z  INFO 5426 --- [           main] w.s.c.ServletWebServerApplicationContext : Root WebApplicationContext: initialization completed in 59 ms
2025-08-07T06:31:49.337Z  INFO 5426 --- [           main] com.zaxxer.hikari.HikariDataSource       : HikariPool-11 - Starting...
2025-08-07T06:31:49.339Z  INFO 5426 --- [           main] com.zaxxer.hikari.pool.HikariPool        : HikariPool-11 - Added connection conn72: url=jdbc:h2:mem:34914876-8826-4b9a-a72b-ca5cfd155eb6 user=SA
2025-08-07T06:31:49.339Z  INFO 5426 --- [           main] com.zaxxer.hikari.HikariDataSource       : HikariPool-11 - Start completed.
2025-08-07T06:31:49.340Z  INFO 5426 --- [           main] o.hibernate.jpa.internal.util.LogHelper  : HHH000204: Processing PersistenceUnitInfo [name: default]
2025-08-07T06:31:49.341Z  INFO 5426 --- [           main] o.h.c.internal.RegionFactoryInitiator    : HHH000026: Second-level cache disabled
2025-08-07T06:31:49.344Z  INFO 5426 --- [           main] o.s.o.j.p.SpringPersistenceUnitInfo      : No LoadTimeWeaver setup: ignoring JPA class transformer
2025-08-07T06:31:49.344Z  INFO 5426 --- [           main] org.hibernate.orm.connections.pooling    : HHH10001005: Database info:
	Database JDBC URL [Connecting through datasource 'HikariDataSource (HikariPool-11)']
	Database driver: undefined/unknown
	Database version: 2.3.232
	Autocommit mode: undefined/unknown
	Isolation level: undefined/unknown
	Minimum pool size: undefined/unknown
	Maximum pool size: undefined/unknown
2025-08-07T06:31:49.357Z  INFO 5426 --- [           main] o.h.e.t.j.p.i.JtaPlatformInitiator       : HHH000489: No JTA platform available (set 'hibernate.transaction.jta.platform' to enable JTA platform integration)
2025-08-07T06:31:49.358Z  INFO 5426 --- [           main] j.LocalContainerEntityManagerFactoryBean : Initialized JPA EntityManagerFactory for persistence unit 'default'
2025-08-07T06:31:49.392Z  WARN 5426 --- [           main] JpaBaseConfiguration$JpaWebConfiguration : spring.jpa.open-in-view is enabled by default. Therefore, database queries may be performed during view rendering. Explicitly configure spring.jpa.open-in-view to disable this warning
2025-08-07T06:31:49.417Z  INFO 5426 --- [           main] o.s.b.w.embedded.tomcat.TomcatWebServer  : Tomcat started on port 39119 (http) with context path '/'
2025-08-07T06:31:49.419Z  INFO 5426 --- [           main] c.e.e.EmployeeApiIntegrationTest         : Started EmployeeApiIntegrationTest in 0.159 seconds (process running for 16.291)
2025-08-07T06:31:49.428Z  INFO 5426 --- [-auto-11-exec-1] o.a.c.c.C.[Tomcat].[localhost].[/]       : Initializing Spring DispatcherServlet 'dispatcherServlet'
2025-08-07T06:31:49.428Z  INFO 5426 --- [-auto-11-exec-1] o.s.web.servlet.DispatcherServlet        : Initializing Servlet 'dispatcherServlet'
2025-08-07T06:31:49.428Z  INFO 5426 --- [-auto-11-exec-1] o.s.web.servlet.DispatcherServlet        : Completed initialization in 0 ms
]]></system-out>
  </testcase>
  <testcase name="testGetAllEmployees_EmptyDatabase" classname="com.example.employees.EmployeeApiIntegrationTest" time="0.008">
    <system-out><![CDATA[2025-08-07T06:31:49.452Z  INFO 5426 --- [           main] o.s.b.w.e.tomcat.GracefulShutdown        : Commencing graceful shutdown. Waiting for active requests to complete
2025-08-07T06:31:49.452Z  INFO 5426 --- [tomcat-shutdown] o.s.b.w.e.tomcat.GracefulShutdown        : Graceful shutdown complete
2025-08-07T06:31:49.453Z  INFO 5426 --- [           main] j.LocalContainerEntityManagerFactoryBean : Closing JPA EntityManagerFactory for persistence unit 'default'
2025-08-07T06:31:49.454Z  INFO 5426 --- [           main] com.zaxxer.hikari.HikariDataSource       : HikariPool-11 - Shutdown initiated...
2025-08-07T06:31:49.470Z  INFO 5426 --- [           main] com.zaxxer.hikari.HikariDataSource       : HikariPool-11 - Shutdown completed.

  .   ____          _            __ _ _
 /\\ / ___'_ __ _ _(_)_ __  __ _ \ \ \ \
( ( )\___ | '_ | '_| | '_ \/ _` | \ \ \ \
 \\/  ___)| |_)| | | | | || (_| |  ) ) ) )
  '  |____| .__|_| |_|_| |_\__, | / / / /
 =========|_|==============|___/=/_/_/_/

 :: Spring Boot ::                (v3.4.0)

2025-08-07T06:31:49.486Z  INFO 5426 --- [           main] c.e.e.EmployeeApiIntegrationTest         : Starting EmployeeApiIntegrationTest using Java 17.0.15 with PID 5426 (/home/daytona/employees/target/test-classes started by daytona in /home/daytona/employees)
2025-08-07T06:31:49.486Z  INFO 5426 --- [           main] c.e.e.EmployeeApiIntegrationTest         : No active profile set, falling back to 1 default profile: "default"
2025-08-07T06:31:49.516Z  INFO 5426 --- [           main] .s.d.r.c.RepositoryConfigurationDelegate : Bootstrapping Spring Data JPA repositories in DEFAULT mode.
2025-08-07T06:31:49.518Z  INFO 5426 --- [           main] .s.d.r.c.RepositoryConfigurationDelegate : Finished Spring Data repository scanning in 1 ms. Found 1 JPA repository interface.
2025-08-07T06:31:49.590Z  INFO 5426 --- [           main] o.s.b.w.embedded.tomcat.TomcatWebServer  : Tomcat initialized with port 0 (http)
2025-08-07T06:31:49.591Z  INFO 5426 --- [           main] o.apache.catalina.core.StandardService   : Starting service [Tomcat]
2025-08-07T06:31:49.591Z  INFO 5426 --- [           main] o.apache.catalina.core.StandardEngine    : Starting Servlet engine: [Apache Tomcat/10.1.33]
2025-08-07T06:31:49.595Z  INFO 5426 --- [           main] o.a.c.c.C.[Tomcat].[localhost].[/]       : Initializing Spring embedded WebApplicationContext
2025-08-07T06:31:49.595Z  INFO 5426 --- [           main] w.s.c.ServletWebServerApplicationContext : Root WebApplicationContext: initialization completed in 109 ms
2025-08-07T06:31:49.602Z  INFO 5426 --- [           main] com.zaxxer.hikari.HikariDataSource       : HikariPool-12 - Starting...
2025-08-07T06:31:49.603Z  INFO 5426 --- [           main] com.zaxxer.hikari.pool.HikariPool        : HikariPool-12 - Added connection conn74: url=jdbc:h2:mem:dfcc2211-c22e-4405-b266-e35b1d9d6e13 user=SA
2025-08-07T06:31:49.604Z  INFO 5426 --- [           main] com.zaxxer.hikari.HikariDataSource       : HikariPool-12 - Start completed.
2025-08-07T06:31:49.605Z  INFO 5426 --- [           main] o.hibernate.jpa.internal.util.LogHelper  : HHH000204: Processing PersistenceUnitInfo [name: default]
2025-08-07T06:31:49.605Z  INFO 5426 --- [           main] o.h.c.internal.RegionFactoryInitiator    : HHH000026: Second-level cache disabled
2025-08-07T06:31:49.609Z  INFO 5426 --- [           main] o.s.o.j.p.SpringPersistenceUnitInfo      : No LoadTimeWeaver setup: ignoring JPA class transformer
2025-08-07T06:31:49.609Z  INFO 5426 --- [           main] org.hibernate.orm.connections.pooling    : HHH10001005: Database info:
	Database JDBC URL [Connecting through datasource 'HikariDataSource (HikariPool-12)']
	Database driver: undefined/unknown
	Database version: 2.3.232
	Autocommit mode: undefined/unknown
	Isolation level: undefined/unknown
	Minimum pool size: undefined/unknown
	Maximum pool size: undefined/unknown
2025-08-07T06:31:49.636Z  INFO 5426 --- [           main] o.h.e.t.j.p.i.JtaPlatformInitiator       : HHH000489: No JTA platform available (set 'hibernate.transaction.jta.platform' to enable JTA platform integration)
2025-08-07T06:31:49.637Z  INFO 5426 --- [           main] j.LocalContainerEntityManagerFactoryBean : Initialized JPA EntityManagerFactory for persistence unit 'default'
2025-08-07T06:31:49.646Z  WARN 5426 --- [           main] JpaBaseConfiguration$JpaWebConfiguration : spring.jpa.open-in-view is enabled by default. Therefore, database queries may be performed during view rendering. Explicitly configure spring.jpa.open-in-view to disable this warning
2025-08-07T06:31:49.698Z  INFO 5426 --- [           main] o.s.b.w.embedded.tomcat.TomcatWebServer  : Tomcat started on port 40241 (http) with context path '/'
2025-08-07T06:31:49.700Z  INFO 5426 --- [           main] c.e.e.EmployeeApiIntegrationTest         : Started EmployeeApiIntegrationTest in 0.228 seconds (process running for 16.572)
2025-08-07T06:31:49.706Z  INFO 5426 --- [-auto-12-exec-1] o.a.c.c.C.[Tomcat].[localhost].[/]       : Initializing Spring DispatcherServlet 'dispatcherServlet'
2025-08-07T06:31:49.706Z  INFO 5426 --- [-auto-12-exec-1] o.s.web.servlet.DispatcherServlet        : Initializing Servlet 'dispatcherServlet'
2025-08-07T06:31:49.706Z  INFO 5426 --- [-auto-12-exec-1] o.s.web.servlet.DispatcherServlet        : Completed initialization in 0 ms
]]></system-out>
  </testcase>
  <testcase name="testGetAllEmployees_WithData" classname="com.example.employees.EmployeeApiIntegrationTest" time="0.059">
    <system-out><![CDATA[2025-08-07T06:31:49.713Z  INFO 5426 --- [           main] o.s.b.w.e.tomcat.GracefulShutdown        : Commencing graceful shutdown. Waiting for active requests to complete
2025-08-07T06:31:49.714Z  INFO 5426 --- [tomcat-shutdown] o.s.b.w.e.tomcat.GracefulShutdown        : Graceful shutdown complete
2025-08-07T06:31:49.715Z  INFO 5426 --- [           main] j.LocalContainerEntityManagerFactoryBean : Closing JPA EntityManagerFactory for persistence unit 'default'
2025-08-07T06:31:49.715Z  INFO 5426 --- [           main] com.zaxxer.hikari.HikariDataSource       : HikariPool-12 - Shutdown initiated...
2025-08-07T06:31:49.734Z  INFO 5426 --- [           main] com.zaxxer.hikari.HikariDataSource       : HikariPool-12 - Shutdown completed.

  .   ____          _            __ _ _
 /\\ / ___'_ __ _ _(_)_ __  __ _ \ \ \ \
( ( )\___ | '_ | '_| | '_ \/ _` | \ \ \ \
 \\/  ___)| |_)| | | | | || (_| |  ) ) ) )
  '  |____| .__|_| |_|_| |_\__, | / / / /
 =========|_|==============|___/=/_/_/_/

 :: Spring Boot ::                (v3.4.0)

2025-08-07T06:31:49.795Z  INFO 5426 --- [           main] c.e.e.EmployeeApiIntegrationTest         : Starting EmployeeApiIntegrationTest using Java 17.0.15 with PID 5426 (/home/daytona/employees/target/test-classes started by daytona in /home/daytona/employees)
2025-08-07T06:31:49.795Z  INFO 5426 --- [           main] c.e.e.EmployeeApiIntegrationTest         : No active profile set, falling back to 1 default profile: "default"
2025-08-07T06:31:49.890Z  INFO 5426 --- [           main] .s.d.r.c.RepositoryConfigurationDelegate : Bootstrapping Spring Data JPA repositories in DEFAULT mode.
2025-08-07T06:31:49.892Z  INFO 5426 --- [           main] .s.d.r.c.RepositoryConfigurationDelegate : Finished Spring Data repository scanning in 1 ms. Found 1 JPA repository interface.
2025-08-07T06:31:49.908Z  INFO 5426 --- [           main] o.s.b.w.embedded.tomcat.TomcatWebServer  : Tomcat initialized with port 0 (http)
2025-08-07T06:31:49.908Z  INFO 5426 --- [           main] o.apache.catalina.core.StandardService   : Starting service [Tomcat]
2025-08-07T06:31:49.908Z  INFO 5426 --- [           main] o.apache.catalina.core.StandardEngine    : Starting Servlet engine: [Apache Tomcat/10.1.33]
2025-08-07T06:31:49.913Z  INFO 5426 --- [           main] o.a.c.c.C.[Tomcat].[localhost].[/]       : Initializing Spring embedded WebApplicationContext
2025-08-07T06:31:49.913Z  INFO 5426 --- [           main] w.s.c.ServletWebServerApplicationContext : Root WebApplicationContext: initialization completed in 117 ms
2025-08-07T06:31:49.920Z  INFO 5426 --- [           main] com.zaxxer.hikari.HikariDataSource       : HikariPool-13 - Starting...
2025-08-07T06:31:49.921Z  INFO 5426 --- [           main] com.zaxxer.hikari.pool.HikariPool        : HikariPool-13 - Added connection conn76: url=jdbc:h2:mem:31a6ff3a-7ef5-42d8-afcf-27589cd83014 user=SA
2025-08-07T06:31:49.921Z  INFO 5426 --- [           main] com.zaxxer.hikari.HikariDataSource       : HikariPool-13 - Start completed.
2025-08-07T06:31:49.923Z  INFO 5426 --- [           main] o.hibernate.jpa.internal.util.LogHelper  : HHH000204: Processing PersistenceUnitInfo [name: default]
2025-08-07T06:31:49.923Z  INFO 5426 --- [           main] o.h.c.internal.RegionFactoryInitiator    : HHH000026: Second-level cache disabled
2025-08-07T06:31:49.926Z  INFO 5426 --- [           main] o.s.o.j.p.SpringPersistenceUnitInfo      : No LoadTimeWeaver setup: ignoring JPA class transformer
2025-08-07T06:31:49.927Z  INFO 5426 --- [           main] org.hibernate.orm.connections.pooling    : HHH10001005: Database info:
	Database JDBC URL [Connecting through datasource 'HikariDataSource (HikariPool-13)']
	Database driver: undefined/unknown
	Database version: 2.3.232
	Autocommit mode: undefined/unknown
	Isolation level: undefined/unknown
	Minimum pool size: undefined/unknown
	Maximum pool size: undefined/unknown
2025-08-07T06:31:49.996Z  INFO 5426 --- [           main] o.h.e.t.j.p.i.JtaPlatformInitiator       : HHH000489: No JTA platform available (set 'hibernate.transaction.jta.platform' to enable JTA platform integration)
2025-08-07T06:31:49.997Z  INFO 5426 --- [           main] j.LocalContainerEntityManagerFactoryBean : Initialized JPA EntityManagerFactory for persistence unit 'default'
2025-08-07T06:31:50.008Z  WARN 5426 --- [           main] JpaBaseConfiguration$JpaWebConfiguration : spring.jpa.open-in-view is enabled by default. Therefore, database queries may be performed during view rendering. Explicitly configure spring.jpa.open-in-view to disable this warning
2025-08-07T06:31:50.030Z  INFO 5426 --- [           main] o.s.b.w.embedded.tomcat.TomcatWebServer  : Tomcat started on port 46649 (http) with context path '/'
2025-08-07T06:31:50.031Z  INFO 5426 --- [           main] c.e.e.EmployeeApiIntegrationTest         : Started EmployeeApiIntegrationTest in 0.246 seconds (process running for 16.903)
2025-08-07T06:31:50.087Z  INFO 5426 --- [-auto-13-exec-1] o.a.c.c.C.[Tomcat].[localhost].[/]       : Initializing Spring DispatcherServlet 'dispatcherServlet'
2025-08-07T06:31:50.087Z  INFO 5426 --- [-auto-13-exec-1] o.s.web.servlet.DispatcherServlet        : Initializing Servlet 'dispatcherServlet'
2025-08-07T06:31:50.087Z  INFO 5426 --- [-auto-13-exec-1] o.s.web.servlet.DispatcherServlet        : Completed initialization in 0 ms
]]></system-out>
  </testcase>
  <testcase name="testGetEmployeeById_InvalidId" classname="com.example.employees.EmployeeApiIntegrationTest" time="0.05">
    <system-out><![CDATA[2025-08-07T06:31:50.097Z  INFO 5426 --- [           main] o.s.b.w.e.tomcat.GracefulShutdown        : Commencing graceful shutdown. Waiting for active requests to complete
2025-08-07T06:31:50.098Z  INFO 5426 --- [tomcat-shutdown] o.s.b.w.e.tomcat.GracefulShutdown        : Graceful shutdown complete
2025-08-07T06:31:50.099Z  INFO 5426 --- [           main] j.LocalContainerEntityManagerFactoryBean : Closing JPA EntityManagerFactory for persistence unit 'default'
2025-08-07T06:31:50.099Z  INFO 5426 --- [           main] com.zaxxer.hikari.HikariDataSource       : HikariPool-13 - Shutdown initiated...
2025-08-07T06:31:50.113Z  INFO 5426 --- [           main] com.zaxxer.hikari.HikariDataSource       : HikariPool-13 - Shutdown completed.

  .   ____          _            __ _ _
 /\\ / ___'_ __ _ _(_)_ __  __ _ \ \ \ \
( ( )\___ | '_ | '_| | '_ \/ _` | \ \ \ \
 \\/  ___)| |_)| | | | | || (_| |  ) ) ) )
  '  |____| .__|_| |_|_| |_\__, | / / / /
 =========|_|==============|___/=/_/_/_/

 :: Spring Boot ::                (v3.4.0)

2025-08-07T06:31:50.121Z  INFO 5426 --- [           main] c.e.e.EmployeeApiIntegrationTest         : Starting EmployeeApiIntegrationTest using Java 17.0.15 with PID 5426 (/home/daytona/employees/target/test-classes started by daytona in /home/daytona/employees)
2025-08-07T06:31:50.121Z  INFO 5426 --- [           main] c.e.e.EmployeeApiIntegrationTest         : No active profile set, falling back to 1 default profile: "default"
2025-08-07T06:31:50.155Z  INFO 5426 --- [           main] .s.d.r.c.RepositoryConfigurationDelegate : Bootstrapping Spring Data JPA repositories in DEFAULT mode.
2025-08-07T06:31:50.157Z  INFO 5426 --- [           main] .s.d.r.c.RepositoryConfigurationDelegate : Finished Spring Data repository scanning in 1 ms. Found 1 JPA repository interface.
2025-08-07T06:31:50.172Z  INFO 5426 --- [           main] o.s.b.w.embedded.tomcat.TomcatWebServer  : Tomcat initialized with port 0 (http)
2025-08-07T06:31:50.172Z  INFO 5426 --- [           main] o.apache.catalina.core.StandardService   : Starting service [Tomcat]
2025-08-07T06:31:50.172Z  INFO 5426 --- [           main] o.apache.catalina.core.StandardEngine    : Starting Servlet engine: [Apache Tomcat/10.1.33]
2025-08-07T06:31:50.177Z  INFO 5426 --- [           main] o.a.c.c.C.[Tomcat].[localhost].[/]       : Initializing Spring embedded WebApplicationContext
2025-08-07T06:31:50.177Z  INFO 5426 --- [           main] w.s.c.ServletWebServerApplicationContext : Root WebApplicationContext: initialization completed in 55 ms
2025-08-07T06:31:50.183Z  INFO 5426 --- [           main] com.zaxxer.hikari.HikariDataSource       : HikariPool-14 - Starting...
2025-08-07T06:31:50.185Z  INFO 5426 --- [           main] com.zaxxer.hikari.pool.HikariPool        : HikariPool-14 - Added connection conn80: url=jdbc:h2:mem:aab46cd1-9b10-4f92-a909-d8a125a4ff8b user=SA
2025-08-07T06:31:50.185Z  INFO 5426 --- [           main] com.zaxxer.hikari.HikariDataSource       : HikariPool-14 - Start completed.
2025-08-07T06:31:50.186Z  INFO 5426 --- [           main] o.hibernate.jpa.internal.util.LogHelper  : HHH000204: Processing PersistenceUnitInfo [name: default]
2025-08-07T06:31:50.186Z  INFO 5426 --- [           main] o.h.c.internal.RegionFactoryInitiator    : HHH000026: Second-level cache disabled
2025-08-07T06:31:50.189Z  INFO 5426 --- [           main] o.s.o.j.p.SpringPersistenceUnitInfo      : No LoadTimeWeaver setup: ignoring JPA class transformer
2025-08-07T06:31:50.190Z  INFO 5426 --- [           main] org.hibernate.orm.connections.pooling    : HHH10001005: Database info:
	Database JDBC URL [Connecting through datasource 'HikariDataSource (HikariPool-14)']
	Database driver: undefined/unknown
	Database version: 2.3.232
	Autocommit mode: undefined/unknown
	Isolation level: undefined/unknown
	Minimum pool size: undefined/unknown
	Maximum pool size: undefined/unknown
2025-08-07T06:31:50.202Z  INFO 5426 --- [           main] o.h.e.t.j.p.i.JtaPlatformInitiator       : HHH000489: No JTA platform available (set 'hibernate.transaction.jta.platform' to enable JTA platform integration)
2025-08-07T06:31:50.203Z  INFO 5426 --- [           main] j.LocalContainerEntityManagerFactoryBean : Initialized JPA EntityManagerFactory for persistence unit 'default'
2025-08-07T06:31:50.212Z  WARN 5426 --- [           main] JpaBaseConfiguration$JpaWebConfiguration : spring.jpa.open-in-view is enabled by default. Therefore, database queries may be performed during view rendering. Explicitly configure spring.jpa.open-in-view to disable this warning
2025-08-07T06:31:50.235Z  INFO 5426 --- [           main] o.s.b.w.embedded.tomcat.TomcatWebServer  : Tomcat started on port 42219 (http) with context path '/'
2025-08-07T06:31:50.237Z  INFO 5426 --- [           main] c.e.e.EmployeeApiIntegrationTest         : Started EmployeeApiIntegrationTest in 0.121 seconds (process running for 17.109)
2025-08-07T06:31:50.242Z  INFO 5426 --- [-auto-14-exec-1] o.a.c.c.C.[Tomcat].[localhost].[/]       : Initializing Spring DispatcherServlet 'dispatcherServlet'
2025-08-07T06:31:50.242Z  INFO 5426 --- [-auto-14-exec-1] o.s.web.servlet.DispatcherServlet        : Initializing Servlet 'dispatcherServlet'
2025-08-07T06:31:50.286Z  INFO 5426 --- [-auto-14-exec-1] o.s.web.servlet.DispatcherServlet        : Completed initialization in 1 ms
2025-08-07T06:31:50.287Z  WARN 5426 --- [-auto-14-exec-1] .w.s.m.s.DefaultHandlerExceptionResolver : Resolved [org.springframework.web.method.annotation.MethodArgumentTypeMismatchException: Method parameter 'id': Failed to convert value of type 'java.lang.String' to required type 'java.lang.Long'; For input string: "invalid"]
]]></system-out>
  </testcase>
  <testcase name="testGetEmployeeById_NotFound" classname="com.example.employees.EmployeeApiIntegrationTest" time="0.006">
    <system-out><![CDATA[2025-08-07T06:31:50.292Z  INFO 5426 --- [           main] o.s.b.w.e.tomcat.GracefulShutdown        : Commencing graceful shutdown. Waiting for active requests to complete
2025-08-07T06:31:50.293Z  INFO 5426 --- [tomcat-shutdown] o.s.b.w.e.tomcat.GracefulShutdown        : Graceful shutdown complete
2025-08-07T06:31:50.294Z  INFO 5426 --- [           main] j.LocalContainerEntityManagerFactoryBean : Closing JPA EntityManagerFactory for persistence unit 'default'
2025-08-07T06:31:50.294Z  INFO 5426 --- [           main] com.zaxxer.hikari.HikariDataSource       : HikariPool-14 - Shutdown initiated...
[...]
2025-08-07T06:31:50.612Z  INFO 5426 --- [           main] o.apache.catalina.core.StandardService   : Starting service [Tomcat]
2025-08-07T06:31:50.612Z  INFO 5426 --- [           main] o.apache.catalina.core.StandardEngine    : Starting Servlet engine: [Apache Tomcat/10.1.33]
2025-08-07T06:31:50.617Z  INFO 5426 --- [           main] o.a.c.c.C.[Tomcat].[localhost].[/]       : Initializing Spring embedded WebApplicationContext
2025-08-07T06:31:50.617Z  INFO 5426 --- [           main] w.s.c.ServletWebServerApplicationContext : Root WebApplicationContext: initialization completed in 105 ms
2025-08-07T06:31:50.625Z  INFO 5426 --- [           main] com.zaxxer.hikari.HikariDataSource       : HikariPool-16 - Starting...
2025-08-07T06:31:50.626Z  INFO 5426 --- [           main] com.zaxxer.hikari.pool.HikariPool        : HikariPool-16 - Added connection conn83: url=jdbc:h2:mem:6a047bd3-6f93-4fd5-a5a5-0608265572a8 user=SA
2025-08-07T06:31:50.626Z  INFO 5426 --- [           main] com.zaxxer.hikari.HikariDataSource       : HikariPool-16 - Start completed.
2025-08-07T06:31:50.627Z  INFO 5426 --- [           main] o.hibernate.jpa.internal.util.LogHelper  : HHH000204: Processing PersistenceUnitInfo [name: default]
2025-08-07T06:31:50.628Z  INFO 5426 --- [           main] o.h.c.internal.RegionFactoryInitiator    : HHH000026: Second-level cache disabled
2025-08-07T06:31:50.631Z  INFO 5426 --- [           main] o.s.o.j.p.SpringPersistenceUnitInfo      : No LoadTimeWeaver setup: ignoring JPA class transformer
2025-08-07T06:31:50.632Z  INFO 5426 --- [           main] org.hibernate.orm.connections.pooling    : HHH10001005: Database info:
	Database JDBC URL [Connecting through datasource 'HikariDataSource (HikariPool-16)']
	Database driver: undefined/unknown
	Database version: 2.3.232
	Autocommit mode: undefined/unknown
	Isolation level: undefined/unknown
	Minimum pool size: undefined/unknown
	Maximum pool size: undefined/unknown
2025-08-07T06:31:50.644Z  INFO 5426 --- [           main] o.h.e.t.j.p.i.JtaPlatformInitiator       : HHH000489: No JTA platform available (set 'hibernate.transaction.jta.platform' to enable JTA platform integration)
2025-08-07T06:31:50.645Z  INFO 5426 --- [           main] j.LocalContainerEntityManagerFactoryBean : Initialized JPA EntityManagerFactory for persistence unit 'default'
2025-08-07T06:31:50.656Z  WARN 5426 --- [           main] JpaBaseConfiguration$JpaWebConfiguration : spring.jpa.open-in-view is enabled by default. Therefore, database queries may be performed during view rendering. Explicitly configure spring.jpa.open-in-view to disable this warning
2025-08-07T06:31:50.716Z  INFO 5426 --- [           main] o.s.b.w.embedded.tomcat.TomcatWebServer  : Tomcat started on port 37565 (http) with context path '/'
2025-08-07T06:31:50.717Z  INFO 5426 --- [           main] c.e.e.EmployeeApiIntegrationTest         : Started EmployeeApiIntegrationTest in 0.213 seconds (process running for 17.589)
2025-08-07T06:31:50.725Z  INFO 5426 --- [-auto-16-exec-1] o.a.c.c.C.[Tomcat].[localhost].[/]       : Initializing Spring DispatcherServlet 'dispatcherServlet'
2025-08-07T06:31:50.725Z  INFO 5426 --- [-auto-16-exec-1] o.s.web.servlet.DispatcherServlet        : Initializing Servlet 'dispatcherServlet'
2025-08-07T06:31:50.726Z  INFO 5426 --- [-auto-16-exec-1] o.s.web.servlet.DispatcherServlet        : Completed initialization in 1 ms
]]></system-out>
  </testcase>
  <testcase name="testJsonSerialization" classname="com.example.employees.EmployeeApiIntegrationTest" time="0.009">
    <system-out><![CDATA[2025-08-07T06:31:50.786Z  INFO 5426 --- [           main] o.s.b.w.e.tomcat.GracefulShutdown        : Commencing graceful shutdown. Waiting for active requests to complete
2025-08-07T06:31:50.787Z  INFO 5426 --- [tomcat-shutdown] o.s.b.w.e.tomcat.GracefulShutdown        : Graceful shutdown complete
2025-08-07T06:31:50.788Z  INFO 5426 --- [           main] j.LocalContainerEntityManagerFactoryBean : Closing JPA EntityManagerFactory for persistence unit 'default'
2025-08-07T06:31:50.788Z  INFO 5426 --- [           main] com.zaxxer.hikari.HikariDataSource       : HikariPool-16 - Shutdown initiated...
2025-08-07T06:31:50.816Z  INFO 5426 --- [           main] com.zaxxer.hikari.HikariDataSource       : HikariPool-16 - Shutdown completed.

  .   ____          _            __ _ _
 /\\ / ___'_ __ _ _(_)_ __  __ _ \ \ \ \
( ( )\___ | '_ | '_| | '_ \/ _` | \ \ \ \
 \\/  ___)| |_)| | | | | || (_| |  ) ) ) )
  '  |____| .__|_| |_|_| |_\__, | / / / /
 =========|_|==============|___/=/_/_/_/

 :: Spring Boot ::                (v3.4.0)

2025-08-07T06:31:50.823Z  INFO 5426 --- [           main] c.e.e.EmployeeApiIntegrationTest         : Starting EmployeeApiIntegrationTest using Java 17.0.15 with PID 5426 (/home/daytona/employees/target/test-classes started by daytona in /home/daytona/employees)
2025-08-07T06:31:50.823Z  INFO 5426 --- [           main] c.e.e.EmployeeApiIntegrationTest         : No active profile set, falling back to 1 default profile: "default"
2025-08-07T06:31:50.851Z  INFO 5426 --- [           main] .s.d.r.c.RepositoryConfigurationDelegate : Bootstrapping Spring Data JPA repositories in DEFAULT mode.
2025-08-07T06:31:50.853Z  INFO 5426 --- [           main] .s.d.r.c.RepositoryConfigurationDelegate : Finished Spring Data repository scanning in 1 ms. Found 1 JPA repository interface.
2025-08-07T06:31:50.867Z  INFO 5426 --- [           main] o.s.b.w.embedded.tomcat.TomcatWebServer  : Tomcat initialized with port 0 (http)
2025-08-07T06:31:50.868Z  INFO 5426 --- [           main] o.apache.catalina.core.StandardService   : Starting service [Tomcat]
2025-08-07T06:31:50.868Z  INFO 5426 --- [           main] o.apache.catalina.core.StandardEngine    : Starting Servlet engine: [Apache Tomcat/10.1.33]
2025-08-07T06:31:50.873Z  INFO 5426 --- [           main] o.a.c.c.C.[Tomcat].[localhost].[/]       : Initializing Spring embedded WebApplicationContext
2025-08-07T06:31:50.873Z  INFO 5426 --- [           main] w.s.c.ServletWebServerApplicationContext : Root WebApplicationContext: initialization completed in 50 ms
2025-08-07T06:31:50.879Z  INFO 5426 --- [           main] com.zaxxer.hikari.HikariDataSource       : HikariPool-17 - Starting...
2025-08-07T06:31:50.880Z  INFO 5426 --- [           main] com.zaxxer.hikari.pool.HikariPool        : HikariPool-17 - Added connection conn86: url=jdbc:h2:mem:b82f33f8-3114-414c-aded-257378f9eb87 user=SA
2025-08-07T06:31:50.880Z  INFO 5426 --- [           main] com.zaxxer.hikari.HikariDataSource       : HikariPool-17 - Start completed.
2025-08-07T06:31:50.881Z  INFO 5426 --- [           main] o.hibernate.jpa.internal.util.LogHelper  : HHH000204: Processing PersistenceUnitInfo [name: default]
2025-08-07T06:31:50.881Z  INFO 5426 --- [           main] o.h.c.internal.RegionFactoryInitiator    : HHH000026: Second-level cache disabled
2025-08-07T06:31:50.884Z  INFO 5426 --- [           main] o.s.o.j.p.SpringPersistenceUnitInfo      : No LoadTimeWeaver setup: ignoring JPA class transformer
2025-08-07T06:31:50.885Z  INFO 5426 --- [           main] org.hibernate.orm.connections.pooling    : HHH10001005: Database info:
	Database JDBC URL [Connecting through datasource 'HikariDataSource (HikariPool-17)']
	Database driver: undefined/unknown
	Database version: 2.3.232
	Autocommit mode: undefined/unknown
	Isolation level: undefined/unknown
	Minimum pool size: undefined/unknown
	Maximum pool size: undefined/unknown
2025-08-07T06:31:50.896Z  INFO 5426 --- [           main] o.h.e.t.j.p.i.JtaPlatformInitiator       : HHH000489: No JTA platform available (set 'hibernate.transaction.jta.platform' to enable JTA platform integration)
2025-08-07T06:31:50.897Z  INFO 5426 --- [           main] j.LocalContainerEntityManagerFactoryBean : Initialized JPA EntityManagerFactory for persistence unit 'default'
2025-08-07T06:31:50.905Z  WARN 5426 --- [           main] JpaBaseConfiguration$JpaWebConfiguration : spring.jpa.open-in-view is enabled by default. Therefore, database queries may be performed during view rendering. Explicitly configure spring.jpa.open-in-view to disable this warning
2025-08-07T06:31:50.926Z  INFO 5426 --- [           main] o.s.b.w.embedded.tomcat.TomcatWebServer  : Tomcat started on port 43043 (http) with context path '/'
2025-08-07T06:31:50.928Z  INFO 5426 --- [           main] c.e.e.EmployeeApiIntegrationTest         : Started EmployeeApiIntegrationTest in 0.11 seconds (process running for 17.8)
2025-08-07T06:31:50.934Z  INFO 5426 --- [-auto-17-exec-1] o.a.c.c.C.[Tomcat].[localhost].[/]       : Initializing Spring DispatcherServlet 'dispatcherServlet'
2025-08-07T06:31:50.935Z  INFO 5426 --- [-auto-17-exec-1] o.s.web.servlet.DispatcherServlet        : Initializing Servlet 'dispatcherServlet'
2025-08-07T06:31:50.935Z  INFO 5426 --- [-auto-17-exec-1] o.s.web.servlet.DispatcherServlet        : Completed initialization in 0 ms
]]></system-out>
  </testcase>
  <testcase name="testMultipleEmployeesWorkflow" classname="com.example.employees.EmployeeApiIntegrationTest" time="0.097">
    <system-out><![CDATA[2025-08-07T06:31:50.942Z  INFO 5426 --- [           main] o.s.b.w.e.tomcat.GracefulShutdown        : Commencing graceful shutdown. Waiting for active requests to complete
2025-08-07T06:31:50.943Z  INFO 5426 --- [tomcat-shutdown] o.s.b.w.e.tomcat.GracefulShutdown        : Graceful shutdown complete
2025-08-07T06:31:50.943Z  INFO 5426 --- [           main] j.LocalContainerEntityManagerFactoryBean : Closing JPA EntityManagerFactory for persistence unit 'default'
2025-08-07T06:31:50.944Z  INFO 5426 --- [           main] com.zaxxer.hikari.HikariDataSource       : HikariPool-17 - Shutdown initiated...
2025-08-07T06:31:50.944Z  INFO 5426 --- [           main] com.zaxxer.hikari.HikariDataSource       : HikariPool-17 - Shutdown completed.

  .   ____          _            __ _ _
 /\\ / ___'_ __ _ _(_)_ __  __ _ \ \ \ \
( ( )\___ | '_ | '_| | '_ \/ _` | \ \ \ \
 \\/  ___)| |_)| | | | | || (_| |  ) ) ) )
  '  |____| .__|_| |_|_| |_\__, | / / / /
 =========|_|==============|___/=/_/_/_/

 :: Spring Boot ::                (v3.4.0)

2025-08-07T06:31:50.951Z  INFO 5426 --- [           main] c.e.e.EmployeeApiIntegrationTest         : Starting EmployeeApiIntegrationTest using Java 17.0.15 with PID 5426 (/home/daytona/employees/target/test-classes started by daytona in /home/daytona/employees)
2025-08-07T06:31:50.951Z  INFO 5426 --- [           main] c.e.e.EmployeeApiIntegrationTest         : No active profile set, falling back to 1 default profile: "default"
2025-08-07T06:31:51.010Z  INFO 5426 --- [           main] .s.d.r.c.RepositoryConfigurationDelegate : Bootstrapping Spring Data JPA repositories in DEFAULT mode.
2025-08-07T06:31:51.012Z  INFO 5426 --- [           main] .s.d.r.c.RepositoryConfigurationDelegate : Finished Spring Data repository scanning in 1 ms. Found 1 JPA repository interface.
2025-08-07T06:31:51.027Z  INFO 5426 --- [           main] o.s.b.w.embedded.tomcat.TomcatWebServer  : Tomcat initialized with port 0 (http)
2025-08-07T06:31:51.027Z  INFO 5426 --- [           main] o.apache.catalina.core.StandardService   : Starting service [Tomcat]
2025-08-07T06:31:51.027Z  INFO 5426 --- [           main] o.apache.catalina.core.StandardEngine    : Starting Servlet engine: [Apache Tomcat/10.1.33]
2025-08-07T06:31:51.090Z  INFO 5426 --- [           main] o.a.c.c.C.[Tomcat].[localhost].[/]       : Initializing Spring embedded WebApplicationContext
2025-08-07T06:31:51.090Z  INFO 5426 --- [           main] w.s.c.ServletWebServerApplicationContext : Root WebApplicationContext: initialization completed in 139 ms
2025-08-07T06:31:51.098Z  INFO 5426 --- [           main] com.zaxxer.hikari.HikariDataSource       : HikariPool-18 - Starting...
2025-08-07T06:31:51.099Z  INFO 5426 --- [           main] com.zaxxer.hikari.pool.HikariPool        : HikariPool-18 - Added connection conn87: url=jdbc:h2:mem:03621107-1431-4a29-83e2-bfa77fbabca1 user=SA
2025-08-07T06:31:51.099Z  INFO 5426 --- [           main] com.zaxxer.hikari.HikariDataSource       : HikariPool-18 - Start completed.
2025-08-07T06:31:51.100Z  INFO 5426 --- [           main] o.hibernate.jpa.internal.util.LogHelper  : HHH000204: Processing PersistenceUnitInfo [name: default]
2025-08-07T06:31:51.101Z  INFO 5426 --- [           main] o.h.c.internal.RegionFactoryInitiator    : HHH000026: Second-level cache disabled
2025-08-07T06:31:51.105Z  INFO 5426 --- [           main] o.s.o.j.p.SpringPersistenceUnitInfo      : No LoadTimeWeaver setup: ignoring JPA class transformer
2025-08-07T06:31:51.105Z  INFO 5426 --- [           main] org.hibernate.orm.connections.pooling    : HHH10001005: Database info:
	Database JDBC URL [Connecting through datasource 'HikariDataSource (HikariPool-18)']
	Database driver: undefined/unknown
	Database version: 2.3.232
	Autocommit mode: undefined/unknown
	Isolation level: undefined/unknown
	Minimum pool size: undefined/unknown
	Maximum pool size: undefined/unknown
2025-08-07T06:31:51.117Z  INFO 5426 --- [           main] o.h.e.t.j.p.i.JtaPlatformInitiator       : HHH000489: No JTA platform available (set 'hibernate.transaction.jta.platform' to enable JTA platform integration)
2025-08-07T06:31:51.119Z  INFO 5426 --- [           main] j.LocalContainerEntityManagerFactoryBean : Initialized JPA EntityManagerFactory for persistence unit 'default'
2025-08-07T06:31:51.127Z  WARN 5426 --- [           main] JpaBaseConfiguration$JpaWebConfiguration : spring.jpa.open-in-view is enabled by default. Therefore, database queries may be performed during view rendering. Explicitly configure spring.jpa.open-in-view to disable this warning
2025-08-07T06:31:51.205Z  INFO 5426 --- [           main] o.s.b.w.embedded.tomcat.TomcatWebServer  : Tomcat started on port 33847 (http) with context path '/'
2025-08-07T06:31:51.206Z  INFO 5426 --- [           main] c.e.e.EmployeeApiIntegrationTest         : Started EmployeeApiIntegrationTest in 0.26 seconds (process running for 18.078)
2025-08-07T06:31:51.213Z  INFO 5426 --- [-auto-18-exec-1] o.a.c.c.C.[Tomcat].[localhost].[/]       : Initializing Spring DispatcherServlet 'dispatcherServlet'
2025-08-07T06:31:51.213Z  INFO 5426 --- [-auto-18-exec-1] o.s.web.servlet.DispatcherServlet        : Initializing Servlet 'dispatcherServlet'
2025-08-07T06:31:51.214Z  INFO 5426 --- [-auto-18-exec-1] o.s.web.servlet.DispatcherServlet        : Completed initialization in 1 ms
]]></system-out>
  </testcase>
  <testcase name="testSpecialCharactersInJson" classname="com.example.employees.EmployeeApiIntegrationTest" time="0.007">
    <system-out><![CDATA[2025-08-07T06:31:51.309Z  INFO 5426 --- [           main] o.s.b.w.e.tomcat.GracefulShutdown        : Commencing graceful shutdown. Waiting for active requests to complete
2025-08-07T06:31:51.310Z  INFO 5426 --- [tomcat-shutdown] o.s.b.w.e.tomcat.GracefulShutdown        : Graceful shutdown complete
2025-08-07T06:31:51.311Z  INFO 5426 --- [           main] j.LocalContainerEntityManagerFactoryBean : Closing JPA EntityManagerFactory for persistence unit 'default'
2025-08-07T06:31:51.311Z  INFO 5426 --- [           main] com.zaxxer.hikari.HikariDataSource       : HikariPool-18 - Shutdown initiated...
2025-08-07T06:31:51.322Z  INFO 5426 --- [           main] com.zaxxer.hikari.HikariDataSource       : HikariPool-18 - Shutdown completed.

  .   ____          _            __ _ _
 /\\ / ___'_ __ _ _(_)_ __  __ _ \ \ \ \
( ( )\___ | '_ | '_| | '_ \/ _` | \ \ \ \
 \\/  ___)| |_)| | | | | || (_| |  ) ) ) )
  '  |____| .__|_| |_|_| |_\__, | / / / /
 =========|_|==============|___/=/_/_/_/

 :: Spring Boot ::                (v3.4.0)

2025-08-07T06:31:51.329Z  INFO 5426 --- [           main] c.e.e.EmployeeApiIntegrationTest         : Starting EmployeeApiIntegrationTest using Java 17.0.15 with PID 5426 (/home/daytona/employees/target/test-classes started by daytona in /home/daytona/employees)
2025-08-07T06:31:51.329Z  INFO 5426 --- [           main] c.e.e.EmployeeApiIntegrationTest         : No active profile set, falling back to 1 default profile: "default"
2025-08-07T06:31:51.391Z  INFO 5426 --- [           main] .s.d.r.c.RepositoryConfigurationDelegate : Bootstrapping Spring Data JPA repositories in DEFAULT mode.
2025-08-07T06:31:51.393Z  INFO 5426 --- [           main] .s.d.r.c.RepositoryConfigurationDelegate : Finished Spring Data repository scanning in 1 ms. Found 1 JPA repository interface.
2025-08-07T06:31:51.408Z  INFO 5426 --- [           main] o.s.b.w.embedded.tomcat.TomcatWebServer  : Tomcat initialized with port 0 (http)
2025-08-07T06:31:51.408Z  INFO 5426 --- [           main] o.apache.catalina.core.StandardService   : Starting service [Tomcat]
2025-08-07T06:31:51.408Z  INFO 5426 --- [           main] o.apache.catalina.core.StandardEngine    : Starting Servlet engine: [Apache Tomcat/10.1.33]
2025-08-07T06:31:51.413Z  INFO 5426 --- [           main] o.a.c.c.C.[Tomcat].[localhost].[/]       : Initializing Spring embedded WebApplicationContext
2025-08-07T06:31:51.413Z  INFO 5426 --- [           main] w.s.c.ServletWebServerApplicationContext : Root WebApplicationContext: initialization completed in 83 ms
2025-08-07T06:31:51.419Z  INFO 5426 --- [           main] com.zaxxer.hikari.HikariDataSource       : HikariPool-19 - Starting...
2025-08-07T06:31:51.420Z  INFO 5426 --- [           main] com.zaxxer.hikari.pool.HikariPool        : HikariPool-19 - Added connection conn92: url=jdbc:h2:mem:f5908d09-e69b-4139-9670-922dcb0957f7 user=SA
2025-08-07T06:31:51.420Z  INFO 5426 --- [           main] com.zaxxer.hikari.HikariDataSource       : HikariPool-19 - Start completed.
2025-08-07T06:31:51.421Z  INFO 5426 --- [           main] o.hibernate.jpa.internal.util.LogHelper  : HHH000204: Processing PersistenceUnitInfo [name: default]
2025-08-07T06:31:51.421Z  INFO 5426 --- [           main] o.h.c.internal.RegionFactoryInitiator    : HHH000026: Second-level cache disabled
2025-08-07T06:31:51.424Z  INFO 5426 --- [           main] o.s.o.j.p.SpringPersistenceUnitInfo      : No LoadTimeWeaver setup: ignoring JPA class transformer
2025-08-07T06:31:51.425Z  INFO 5426 --- [           main] org.hibernate.orm.connections.pooling    : HHH10001005: Database info:
	Database JDBC URL [Connecting through datasource 'HikariDataSource (HikariPool-19)']
	Database driver: undefined/unknown
	Database version: 2.3.232
	Autocommit mode: undefined/unknown
	Isolation level: undefined/unknown
	Minimum pool size: undefined/unknown
	Maximum pool size: undefined/unknown
2025-08-07T06:31:51.489Z  INFO 5426 --- [           main] o.h.e.t.j.p.i.JtaPlatformInitiator       : HHH000489: No JTA platform available (set 'hibernate.transaction.jta.platform' to enable JTA platform integration)
2025-08-07T06:31:51.490Z  INFO 5426 --- [           main] j.LocalContainerEntityManagerFactoryBean : Initialized JPA EntityManagerFactory for persistence unit 'default'
2025-08-07T06:31:51.498Z  WARN 5426 --- [           main] JpaBaseConfiguration$JpaWebConfiguration : spring.jpa.open-in-view is enabled by default. Therefore, database queries may be performed during view rendering. Explicitly configure spring.jpa.open-in-view to disable this warning
2025-08-07T06:31:51.519Z  INFO 5426 --- [           main] o.s.b.w.embedded.tomcat.TomcatWebServer  : Tomcat started on port 40945 (http) with context path '/'
2025-08-07T06:31:51.520Z  INFO 5426 --- [           main] c.e.e.EmployeeApiIntegrationTest         : Started EmployeeApiIntegrationTest in 0.196 seconds (process running for 18.392)
2025-08-07T06:31:51.527Z  INFO 5426 --- [-auto-19-exec-1] o.a.c.c.C.[Tomcat].[localhost].[/]       : Initializing Spring DispatcherServlet 'dispatcherServlet'
2025-08-07T06:31:51.527Z  INFO 5426 --- [-auto-19-exec-1] o.s.web.servlet.DispatcherServlet        : Initializing Servlet 'dispatcherServlet'
2025-08-07T06:31:51.528Z  INFO 5426 --- [-auto-19-exec-1] o.s.web.servlet.DispatcherServlet        : Completed initialization in 1 ms
]]></system-out>
  </testcase>
</testsuite>