<?xml version="1.0" encoding="UTF-8"?>
<testsuite xmlns:xsi="http://www.w3.org/2001/XMLSchema-instance" xsi:noNamespaceSchemaLocation="https://maven.apache.org/surefire/maven-surefire-plugin/xsd/surefire-test-report-3.0.xsd" version="3.0" name="com.example.employees.EmployeeApiIntegrationTest" time="16.867" tests="19" errors="0" skipped="0" failures="4">
  <properties>
[...]
</properties>
  <testcase name="testCreateEmployee_EmptyRequestBody" classname="com.example.employees.EmployeeApiIntegrationTest" time="0.139">
    <failure message="expected [400 BAD_REQUEST] but found [415 UNSUPPORTED_MEDIA_TYPE]" type="java.lang.AssertionError"><![CDATA[java.lang.AssertionError: expected [400 BAD_REQUEST] but found [415 UNSUPPORTED_MEDIA_TYPE]
	at org.testng.Assert.fail(Assert.java:99)
	at org.testng.Assert.failNotEquals(Assert.java:1037)
	at org.testng.Assert.assertEqualsImpl(Assert.java:140)
	at org.testng.Assert.assertEquals(Assert.java:122)
	at org.testng.Assert.assertEquals(Assert.java:617)
	at com.example.employees.EmployeeApiIntegrationTest.testCreateEmployee_EmptyRequestBody(EmployeeApiIntegrationTest.java:192)
	at java.base/jdk.internal.reflect.NativeMethodAccessorImpl.invoke0(Native Method)
	at java.base/jdk.internal.reflect.NativeMethodAccessorImpl.invoke(NativeMethodAccessorImpl.java:77)
	at java.base/jdk.internal.reflect.DelegatingMethodAccessorImpl.invoke(DelegatingMethodAccessorImpl.java:43)
	at java.base/java.lang.reflect.Method.invoke(Method.java:569)
	at org.testng.internal.MethodInvocationHelper.invokeMethod(MethodInvocationHelper.java:133)
	at org.testng.internal.MethodInvocationHelper$1.runTestMethod(MethodInvocationHelper.java:239)
	at org.springframework.test.context.testng.AbstractTestNGSpringContextTests.run(AbstractTestNGSpringContextTests.java:154)
	at org.testng.internal.MethodInvocationHelper.invokeHookable(MethodInvocationHelper.java:253)
	at org.testng.internal.TestInvoker.invokeMethod(TestInvoker.java:594)
	at org.testng.internal.TestInvoker.invokeTestMethod(TestInvoker.java:173)
	at org.testng.internal.MethodRunner.runInSequence(MethodRunner.java:46)
	at org.testng.internal.TestInvoker$MethodInvocationAgent.invoke(TestInvoker.java:824)
	at org.testng.internal.TestInvoker.invokeTestMethods(TestInvoker.java:146)
	at org.testng.internal.TestMethodWorker.invokeTestMethods(TestMethodWorker.java:146)
	at org.testng.internal.TestMethodWorker.run(TestMethodWorker.java:128)
	at java.base/java.util.ArrayList.forEach(ArrayList.java:1511)
	at org.testng.TestRunner.privateRun(TestRunner.java:794)
	at org.testng.TestRunner.run(TestRunner.java:596)
	at org.testng.SuiteRunner.runTest(SuiteRunner.java:377)
	at org.testng.SuiteRunner.runSequentially(SuiteRunner.java:371)
	at org.testng.SuiteRunner.privateRun(SuiteRunner.java:332)
	at org.testng.SuiteRunner.run(SuiteRunner.java:276)
	at org.testng.SuiteRunnerWorker.runSuite(SuiteRunnerWorker.java:53)
	at org.testng.SuiteRunnerWorker.run(SuiteRunnerWorker.java:96)
	at org.testng.TestNG.runSuitesSequentially(TestNG.java:1212)
	at org.testng.TestNG.runSuitesLocally(TestNG.java:1134)
	at org.testng.TestNG.runSuites(TestNG.java:1063)
	at org.testng.TestNG.run(TestNG.java:1031)
	at org.apache.maven.surefire.testng.TestNGExecutor.run(TestNGExecutor.java:151)
	at org.apache.maven.surefire.testng.TestNGDirectoryTestSuite.executeSingleClass(TestNGDirectoryTestSuite.java:111)
	at org.apache.maven.surefire.testng.TestNGDirectoryTestSuite.execute(TestNGDirectoryTestSuite.java:98)
	at org.apache.maven.surefire.testng.TestNGProvider.invoke(TestNGProvider.java:155)
	at org.apache.maven.surefire.booter.ForkedBooter.runSuitesInProcess(ForkedBooter.java:456)
	at org.apache.maven.surefire.booter.ForkedBooter.execute(ForkedBooter.java:169)
	at org.apache.maven.surefire.booter.ForkedBooter.run(ForkedBooter.java:595)
	at org.apache.maven.surefire.booter.ForkedBooter.main(ForkedBooter.java:581)
]]></failure>
    <system-out><![CDATA[06:29:47.145 [main] INFO org.springframework.test.context.support.AnnotationConfigContextLoaderUtils -- Could not detect default configuration classes for test class [com.example.employees.EmployeeApiIntegrationTest]: EmployeeApiIntegrationTest does not declare any static, non-private, non-final, nested classes annotated with @Configuration.
06:29:47.299 [main] INFO org.springframework.boot.test.context.SpringBootTestContextBootstrapper -- Found @SpringBootConfiguration com.example.employees.EmployeeManagementApplication for test class com.example.employees.EmployeeApiIntegrationTest

  .   ____          _            __ _ _
 /\\ / ___'_ __ _ _(_)_ __  __ _ \ \ \ \
( ( )\___ | '_ | '_| | '_ \/ _` | \ \ \ \
 \\/  ___)| |_)| | | | | || (_| |  ) ) ) )
  '  |____| .__|_| |_|_| |_\__, | / / / /
 =========|_|==============|___/=/_/_/_/

 :: Spring Boot ::                (v3.4.0)

2025-08-07T06:29:47.721Z  INFO 4462 --- [           main] c.e.e.EmployeeApiIntegrationTest         : Starting EmployeeApiIntegrationTest using Java 17.0.15 with PID 4462 (/home/daytona/employees/target/test-classes started by daytona in /home/daytona/employees)
2025-08-07T06:29:47.722Z  INFO 4462 --- [           main] c.e.e.EmployeeApiIntegrationTest         : No active profile set, falling back to 1 default profile: "default"
2025-08-07T06:29:48.590Z  INFO 4462 --- [           main] .s.d.r.c.RepositoryConfigurationDelegate : Bootstrapping Spring Data JPA repositories in DEFAULT mode.
2025-08-07T06:29:48.620Z  INFO 4462 --- [           main] .s.d.r.c.RepositoryConfigurationDelegate : Finished Spring Data repository scanning in 24 ms. Found 1 JPA repository interface.
2025-08-07T06:29:49.302Z  INFO 4462 --- [           main] o.s.b.w.embedded.tomcat.TomcatWebServer  : Tomcat initialized with port 0 (http)
2025-08-07T06:29:49.309Z  INFO 4462 --- [           main] o.apache.catalina.core.StandardService   : Starting service [Tomcat]
2025-08-07T06:29:49.310Z  INFO 4462 --- [           main] o.apache.catalina.core.StandardEngine    : Starting Servlet engine: [Apache Tomcat/10.1.33]
2025-08-07T06:29:49.410Z  INFO 4462 --- [           main] o.a.c.c.C.[Tomcat].[localhost].[/]       : Initializing Spring embedded WebApplicationContext
2025-08-07T06:29:49.486Z  INFO 4462 --- [           main] w.s.c.ServletWebServerApplicationContext : Root WebApplicationContext: initialization completed in 1626 ms
2025-08-07T06:29:49.702Z  INFO 4462 --- [           main] com.zaxxer.hikari.HikariDataSource       : HikariPool-1 - Starting...
2025-08-07T06:29:50.201Z  INFO 4462 --- [           main] com.zaxxer.hikari.pool.HikariPool        : HikariPool-1 - Added connection conn0: url=jdbc:h2:mem:6146a231-f167-481f-a60c-28bc5c18fd05 user=SA
2025-08-07T06:29:50.202Z  INFO 4462 --- [           main] com.zaxxer.hikari.HikariDataSource       : HikariPool-1 - Start completed.
2025-08-07T06:29:50.402Z  INFO 4462 --- [           main] o.hibernate.jpa.internal.util.LogHelper  : HHH000204: Processing PersistenceUnitInfo [name: default]
2025-08-07T06:29:50.507Z  INFO 4462 --- [           main] org.hibernate.Version                    : HHH000412: Hibernate ORM core version 6.6.2.Final
2025-08-07T06:29:50.601Z  INFO 4462 --- [           main] o.h.c.internal.RegionFactoryInitiator    : HHH000026: Second-level cache disabled
2025-08-07T06:29:51.195Z  INFO 4462 --- [           main] o.s.o.j.p.SpringPersistenceUnitInfo      : No LoadTimeWeaver setup: ignoring JPA class transformer
2025-08-07T06:29:51.301Z  INFO 4462 --- [           main] org.hibernate.orm.connections.pooling    : HHH10001005: Database info:
	Database JDBC URL [Connecting through datasource 'HikariDataSource (HikariPool-1)']
	Database driver: undefined/unknown
	Database version: 2.3.232
	Autocommit mode: undefined/unknown
	Isolation level: undefined/unknown
	Minimum pool size: undefined/unknown
	Maximum pool size: undefined/unknown
2025-08-07T06:29:51.834Z  INFO 4462 --- [           main] o.h.e.t.j.p.i.JtaPlatformInitiator       : HHH000489: No JTA platform available (set 'hibernate.transaction.jta.platform' to enable JTA platform integration)
2025-08-07T06:29:51.852Z  INFO 4462 --- [           main] j.LocalContainerEntityManagerFactoryBean : Initialized JPA EntityManagerFactory for persistence unit 'default'
2025-08-07T06:29:52.301Z  WARN 4462 --- [           main] JpaBaseConfiguration$JpaWebConfiguration : spring.jpa.open-in-view is enabled by default. Therefore, database queries may be performed during view rendering. Explicitly configure spring.jpa.open-in-view to disable this warning
2025-08-07T06:29:53.813Z  INFO 4462 --- [           main] o.s.b.w.embedded.tomcat.TomcatWebServer  : Tomcat started on port 33803 (http) with context path '/'
2025-08-07T06:29:53.887Z  INFO 4462 --- [           main] c.e.e.EmployeeApiIntegrationTest         : Started EmployeeApiIntegrationTest in 6.426 seconds (process running for 7.187)
2025-08-07T06:29:54.346Z  INFO 4462 --- [o-auto-1-exec-1] o.a.c.c.C.[Tomcat].[localhost].[/]       : Initializing Spring DispatcherServlet 'dispatcherServlet'
2025-08-07T06:29:54.346Z  INFO 4462 --- [o-auto-1-exec-1] o.s.web.servlet.DispatcherServlet        : Initializing Servlet 'dispatcherServlet'
2025-08-07T06:29:54.347Z  INFO 4462 --- [o-auto-1-exec-1] o.s.web.servlet.DispatcherServlet        : Completed initialization in 1 ms
2025-08-07T06:29:54.368Z  WARN 4462 --- [o-auto-1-exec-1] .w.s.m.s.DefaultHandlerExceptionResolver : Resolved [org.springframework.web.HttpMediaTypeNotSupportedException: Content-Type 'text/plain;charset=UTF-8' is not supported]
]]></system-out>
  </testcase>
  <testcase name="testCreateEmployee_InvalidJson" classname="com.example.employees.EmployeeApiIntegrationTest" time="0.097">
    <failure message="expected [400 BAD_REQUEST] but found [415 UNSUPPORTED_MEDIA_TYPE]" type="java.lang.AssertionError"><![CDATA[java.lang.AssertionError: expected [400 BAD_REQUEST] but found [415 UNSUPPORTED_MEDIA_TYPE]
	at org.testng.Assert.fail(Assert.java:99)
	at org.testng.Assert.failNotEquals(Assert.java:1037)
	at org.testng.Assert.assertEqualsImpl(Assert.java:140)
	at org.testng.Assert.assertEquals(Assert.java:122)
	at org.testng.Assert.assertEquals(Assert.java:617)
	at com.example.employees.EmployeeApiIntegrationTest.testCreateEmployee_InvalidJson(EmployeeApiIntegrationTest.java:202)
	at java.base/jdk.internal.reflect.NativeMethodAccessorImpl.invoke0(Native Method)
	at java.base/jdk.internal.reflect.NativeMethodAccessorImpl.invoke(NativeMethodAccessorImpl.java:77)
	at java.base/jdk.internal.reflect.DelegatingMethodAccessorImpl.invoke(DelegatingMethodAccessorImpl.java:43)
	at java.base/java.lang.reflect.Method.invoke(Method.java:569)
	at org.testng.internal.MethodInvocationHelper.invokeMethod(MethodInvocationHelper.java:133)
	at org.testng.internal.MethodInvocationHelper$1.runTestMethod(MethodInvocationHelper.java:239)
	at org.springframework.test.context.testng.AbstractTestNGSpringContextTests.run(AbstractTestNGSpringContextTests.java:154)
	at org.testng.internal.MethodInvocationHelper.invokeHookable(MethodInvocationHelper.java:253)
	at org.testng.internal.TestInvoker.invokeMethod(TestInvoker.java:594)
	at org.testng.internal.TestInvoker.invokeTestMethod(TestInvoker.java:173)
	at org.testng.internal.MethodRunner.runInSequence(MethodRunner.java:46)
	at org.testng.internal.TestInvoker$MethodInvocationAgent.invoke(TestInvoker.java:824)
	at org.testng.internal.TestInvoker.invokeTestMethods(TestInvoker.java:146)
	at org.testng.internal.TestMethodWorker.invokeTestMethods(TestMethodWorker.java:146)
	at org.testng.internal.TestMethodWorker.run(TestMethodWorker.java:128)
	at java.base/java.util.ArrayList.forEach(ArrayList.java:1511)
	at org.testng.TestRunner.privateRun(TestRunner.java:794)
	at org.testng.TestRunner.run(TestRunner.java:596)
	at org.testng.SuiteRunner.runTest(SuiteRunner.java:377)
	at org.testng.SuiteRunner.runSequentially(SuiteRunner.java:371)
	at org.testng.SuiteRunner.privateRun(SuiteRunner.java:332)
	at org.testng.SuiteRunner.run(SuiteRunner.java:276)
	at org.testng.SuiteRunnerWorker.runSuite(SuiteRunnerWorker.java:53)
	at org.testng.SuiteRunnerWorker.run(SuiteRunnerWorker.java:96)
	at org.testng.TestNG.runSuitesSequentially(TestNG.java:1212)
	at org.testng.TestNG.runSuitesLocally(TestNG.java:1134)
	at org.testng.TestNG.runSuites(TestNG.java:1063)
	at org.testng.TestNG.run(TestNG.java:1031)
	at org.apache.maven.surefire.testng.TestNGExecutor.run(TestNGExecutor.java:151)
	at org.apache.maven.surefire.testng.TestNGDirectoryTestSuite.executeSingleClass(TestNGDirectoryTestSuite.java:111)
	at org.apache.maven.surefire.testng.TestNGDirectoryTestSuite.execute(TestNGDirectoryTestSuite.java:98)
	at org.apache.maven.surefire.testng.TestNGProvider.invoke(TestNGProvider.java:155)
	at org.apache.maven.surefire.booter.ForkedBooter.runSuitesInProcess(ForkedBooter.java:456)
	at org.apache.maven.surefire.booter.ForkedBooter.execute(ForkedBooter.java:169)
	at org.apache.maven.surefire.booter.ForkedBooter.run(ForkedBooter.java:595)
	at org.apache.maven.surefire.booter.ForkedBooter.main(ForkedBooter.java:581)
]]></failure>
    <system-out><![CDATA[2025-08-07T06:29:54.429Z  INFO 4462 --- [           main] o.s.b.w.e.tomcat.GracefulShutdown        : Commencing graceful shutdown. Waiting for active requests to complete
2025-08-07T06:29:54.431Z  INFO 4462 --- [tomcat-shutdown] o.s.b.w.e.tomcat.GracefulShutdown        : Graceful shutdown complete
2025-08-07T06:29:54.433Z  INFO 4462 --- [           main] j.LocalContainerEntityManagerFactoryBean : Closing JPA EntityManagerFactory for persistence unit 'default'
2025-08-07T06:29:54.435Z  INFO 4462 --- [           main] com.zaxxer.hikari.HikariDataSource       : HikariPool-1 - Shutdown initiated...
2025-08-07T06:29:54.436Z  INFO 4462 --- [           main] com.zaxxer.hikari.HikariDataSource       : HikariPool-1 - Shutdown completed.

  .   ____          _            __ _ _
 /\\ / ___'_ __ _ _(_)_ __  __ _ \ \ \ \
( ( )\___ | '_ | '_| | '_ \/ _` | \ \ \ \
 \\/  ___)| |_)| | | | | || (_| |  ) ) ) )
  '  |____| .__|_| |_|_| |_\__, | / / / /
 =========|_|==============|___/=/_/_/_/

 :: Spring Boot ::                (v3.4.0)

2025-08-07T06:29:54.491Z  INFO 4462 --- [           main] c.e.e.EmployeeApiIntegrationTest         : Starting EmployeeApiIntegrationTest using Java 17.0.15 with PID 4462 (/home/daytona/employees/target/test-classes started by daytona in /home/daytona/employees)
2025-08-07T06:29:54.492Z  INFO 4462 --- [           main] c.e.e.EmployeeApiIntegrationTest         : No active profile set, falling back to 1 default profile: "default"
2025-08-07T06:29:54.691Z  INFO 4462 --- [           main] .s.d.r.c.RepositoryConfigurationDelegate : Bootstrapping Spring Data JPA repositories in DEFAULT mode.
2025-08-07T06:29:54.695Z  INFO 4462 --- [           main] .s.d.r.c.RepositoryConfigurationDelegate : Finished Spring Data repository scanning in 3 ms. Found 1 JPA repository interface.
2025-08-07T06:29:54.886Z  INFO 4462 --- [           main] o.s.b.w.embedded.tomcat.TomcatWebServer  : Tomcat initialized with port 0 (http)
2025-08-07T06:29:54.887Z  INFO 4462 --- [           main] o.apache.catalina.core.StandardService   : Starting service [Tomcat]
2025-08-07T06:29:54.887Z  INFO 4462 --- [           main] o.apache.catalina.core.StandardEngine    : Starting Servlet engine: [Apache Tomcat/10.1.33]
2025-08-07T06:29:54.894Z  INFO 4462 --- [           main] o.a.c.c.C.[Tomcat].[localhost].[/]       : Initializing Spring embedded WebApplicationContext
2025-08-07T06:29:54.894Z  INFO 4462 --- [           main] w.s.c.ServletWebServerApplicationContext : Root WebApplicationContext: initialization completed in 401 ms
2025-08-07T06:29:54.991Z  INFO 4462 --- [           main] com.zaxxer.hikari.HikariDataSource       : HikariPool-2 - Starting...
2025-08-07T06:29:54.993Z  INFO 4462 --- [           main] com.zaxxer.hikari.pool.HikariPool        : HikariPool-2 - Added connection conn10: url=jdbc:h2:mem:ac442957-4d73-4ec6-a0a3-cf8741b81cef user=SA
2025-08-07T06:29:54.993Z  INFO 4462 --- [           main] com.zaxxer.hikari.HikariDataSource       : HikariPool-2 - Start completed.
2025-08-07T06:29:54.995Z  INFO 4462 --- [           main] o.hibernate.jpa.internal.util.LogHelper  : HHH000204: Processing PersistenceUnitInfo [name: default]
2025-08-07T06:29:54.996Z  INFO 4462 --- [           main] o.h.c.internal.RegionFactoryInitiator    : HHH000026: Second-level cache disabled
2025-08-07T06:29:55.087Z  INFO 4462 --- [           main] o.s.o.j.p.SpringPersistenceUnitInfo      : No LoadTimeWeaver setup: ignoring JPA class transformer
2025-08-07T06:29:55.088Z  INFO 4462 --- [           main] org.hibernate.orm.connections.pooling    : HHH10001005: Database info:
	Database JDBC URL [Connecting through datasource 'HikariDataSource (HikariPool-2)']
	Database driver: undefined/unknown
	Database version: 2.3.232
	Autocommit mode: undefined/unknown
	Isolation level: undefined/unknown
	Minimum pool size: undefined/unknown
	Maximum pool size: undefined/unknown
2025-08-07T06:29:55.194Z  INFO 4462 --- [           main] o.h.e.t.j.p.i.JtaPlatformInitiator       : HHH000489: No JTA platform available (set 'hibernate.transaction.jta.platform' to enable JTA platform integration)
2025-08-07T06:29:55.196Z  INFO 4462 --- [           main] j.LocalContainerEntityManagerFactoryBean : Initialized JPA EntityManagerFactory for persistence unit 'default'
2025-08-07T06:29:55.297Z  WARN 4462 --- [           main] JpaBaseConfiguration$JpaWebConfiguration : spring.jpa.open-in-view is enabled by default. Therefore, database queries may be performed during view rendering. Explicitly configure spring.jpa.open-in-view to disable this warning
2025-08-07T06:29:55.498Z  INFO 4462 --- [           main] o.s.b.w.embedded.tomcat.TomcatWebServer  : Tomcat started on port 36083 (http) with context path '/'
2025-08-07T06:29:55.499Z  INFO 4462 --- [           main] c.e.e.EmployeeApiIntegrationTest         : Started EmployeeApiIntegrationTest in 1.059 seconds (process running for 8.8)
2025-08-07T06:29:55.594Z  INFO 4462 --- [o-auto-2-exec-1] o.a.c.c.C.[Tomcat].[localhost].[/]       : Initializing Spring DispatcherServlet 'dispatcherServlet'
2025-08-07T06:29:55.594Z  INFO 4462 --- [o-auto-2-exec-1] o.s.web.servlet.DispatcherServlet        : Initializing Servlet 'dispatcherServlet'
2025-08-07T06:29:55.595Z  INFO 4462 --- [o-auto-2-exec-1] o.s.web.servlet.DispatcherServlet        : Completed initialization in 0 ms
2025-08-07T06:29:55.596Z  WARN 4462 --- [o-auto-2-exec-1] .w.s.m.s.DefaultHandlerExceptionResolver : Resolved [org.springframework.web.HttpMediaTypeNotSupportedException: Content-Type 'text/plain;charset=UTF-8' is not supported]
]]></system-out>
  </testcase>
  <testcase name="testCreateEmployee_NullEmployee" classname="com.example.employees.EmployeeApiIntegrationTest" time="0.094">
    <system-out><![CDATA[2025-08-07T06:29:55.691Z  INFO 4462 --- [           main] o.s.b.w.e.tomcat.GracefulShutdown        : Commencing graceful shutdown. Waiting for active requests to complete
2025-08-07T06:29:55.692Z  INFO 4462 --- [tomcat-shutdown] o.s.b.w.e.tomcat.GracefulShutdown        : Graceful shutdown complete
2025-08-07T06:29:55.693Z  INFO 4462 --- [           main] j.LocalContainerEntityManagerFactoryBean : Closing JPA EntityManagerFactory for persistence unit 'default'
2025-08-07T06:29:55.694Z  INFO 4462 --- [           main] com.zaxxer.hikari.HikariDataSource       : HikariPool-2 - Shutdown initiated...
2025-08-07T06:29:55.716Z  INFO 4462 --- [           main] com.zaxxer.hikari.HikariDataSource       : HikariPool-2 - Shutdown completed.

  .   ____          _            __ _ _
 /\\ / ___'_ __ _ _(_)_ __  __ _ \ \ \ \
( ( )\___ | '_ | '_| | '_ \/ _` | \ \ \ \
 \\/  ___)| |_)| | | | | || (_| |  ) ) ) )
  '  |____| .__|_| |_|_| |_\__, | / / / /
 =========|_|==============|___/=/_/_/_/

 :: Spring Boot ::                (v3.4.0)

2025-08-07T06:29:55.800Z  INFO 4462 --- [           main] c.e.e.EmployeeApiIntegrationTest         : Starting EmployeeApiIntegrationTest using Java 17.0.15 with PID 4462 (/home/daytona/employees/target/test-classes started by daytona in /home/daytona/employees)
2025-08-07T06:29:55.800Z  INFO 4462 --- [           main] c.e.e.EmployeeApiIntegrationTest         : No active profile set, falling back to 1 default profile: "default"
2025-08-07T06:29:56.289Z  INFO 4462 --- [           main] .s.d.r.c.RepositoryConfigurationDelegate : Bootstrapping Spring Data JPA repositories in DEFAULT mode.
2025-08-07T06:29:56.293Z  INFO 4462 --- [           main] .s.d.r.c.RepositoryConfigurationDelegate : Finished Spring Data repository scanning in 3 ms. Found 1 JPA repository interface.
2025-08-07T06:29:56.400Z  INFO 4462 --- [           main] o.s.b.w.embedded.tomcat.TomcatWebServer  : Tomcat initialized with port 0 (http)
2025-08-07T06:29:56.401Z  INFO 4462 --- [           main] o.apache.catalina.core.StandardService   : Starting service [Tomcat]
2025-08-07T06:29:56.401Z  INFO 4462 --- [           main] o.apache.catalina.core.StandardEngine    : Starting Servlet engine: [Apache Tomcat/10.1.33]
2025-08-07T06:29:56.490Z  INFO 4462 --- [           main] o.a.c.c.C.[Tomcat].[localhost].[/]       : Initializing Spring embedded WebApplicationContext
2025-08-07T06:29:56.490Z  INFO 4462 --- [           main] w.s.c.ServletWebServerApplicationContext : Root WebApplicationContext: initialization completed in 689 ms
2025-08-07T06:29:56.591Z  INFO 4462 --- [           main] com.zaxxer.hikari.HikariDataSource       : HikariPool-3 - Starting...
2025-08-07T06:29:56.593Z  INFO 4462 --- [           main] com.zaxxer.hikari.pool.HikariPool        : HikariPool-3 - Added connection conn19: url=jdbc:h2:mem:0ccc5dcb-edc7-4138-94eb-0be8a6877aa9 user=SA
2025-08-07T06:29:56.593Z  INFO 4462 --- [           main] com.zaxxer.hikari.HikariDataSource       : HikariPool-3 - Start completed.
2025-08-07T06:29:56.595Z  INFO 4462 --- [           main] o.hibernate.jpa.internal.util.LogHelper  : HHH000204: Processing PersistenceUnitInfo [name: default]
2025-08-07T06:29:56.596Z  INFO 4462 --- [           main] o.h.c.internal.RegionFactoryInitiator    : HHH000026: Second-level cache disabled
2025-08-07T06:29:56.600Z  INFO 4462 --- [           main] o.s.o.j.p.SpringPersistenceUnitInfo      : No LoadTimeWeaver setup: ignoring JPA class transformer
2025-08-07T06:29:56.601Z  INFO 4462 --- [           main] org.hibernate.orm.connections.pooling    : HHH10001005: Database info:
	Database JDBC URL [Connecting through datasource 'HikariDataSource (HikariPool-3)']
	Database driver: undefined/unknown
	Database version: 2.3.232
	Autocommit mode: undefined/unknown
	Isolation level: undefined/unknown
	Minimum pool size: undefined/unknown
	Maximum pool size: undefined/unknown
2025-08-07T06:29:56.791Z  INFO 4462 --- [           main] o.h.e.t.j.p.i.JtaPlatformInitiator       : HHH000489: No JTA platform available (set 'hibernate.transaction.jta.platform' to enable JTA platform integration)
2025-08-07T06:29:56.792Z  INFO 4462 --- [           main] j.LocalContainerEntityManagerFactoryBean : Initialized JPA EntityManagerFactory for persistence unit 'default'
2025-08-07T06:29:56.889Z  WARN 4462 --- [           main] JpaBaseConfiguration$JpaWebConfiguration : spring.jpa.open-in-view is enabled by default. Therefore, database queries may be performed during view rendering. Explicitly configure spring.jpa.open-in-view to disable this warning
2025-08-07T06:29:57.088Z  INFO 4462 --- [           main] o.s.b.w.embedded.tomcat.TomcatWebServer  : Tomcat started on port 41257 (http) with context path '/'
2025-08-07T06:29:57.090Z  INFO 4462 --- [           main] c.e.e.EmployeeApiIntegrationTest         : Started EmployeeApiIntegrationTest in 1.302 seconds (process running for 10.39)
2025-08-07T06:29:57.098Z  INFO 4462 --- [o-auto-3-exec-1] o.a.c.c.C.[Tomcat].[localhost].[/]       : Initializing Spring DispatcherServlet 'dispatcherServlet'
2025-08-07T06:29:57.098Z  INFO 4462 --- [o-auto-3-exec-1] o.s.web.servlet.DispatcherServlet        : Initializing Servlet 'dispatcherServlet'
2025-08-07T06:29:57.098Z  INFO 4462 --- [o-auto-3-exec-1] o.s.web.servlet.DispatcherServlet        : Completed initialization in 0 ms
2025-08-07T06:29:57.101Z  WARN 4462 --- [o-auto-3-exec-1] .w.s.m.s.DefaultHandlerExceptionResolver : Resolved [org.springframework.http.converter.HttpMessageNotReadableException: Required request body is missing: public com.example.employees.Employee com.example.employees.EmployeeController.addEmployee(com.example.employees.Employee)]
]]></system-out>
  </testcase>
  <testcase name="testCreateEmployee_PartialData" classname="com.example.employees.EmployeeApiIntegrationTest" time="0.092">
    <failure message="expected [200 OK] but found [415 UNSUPPORTED_MEDIA_TYPE]" type="java.lang.AssertionError"><![CDATA[java.lang.AssertionError: expected [200 OK] but found [415 UNSUPPORTED_MEDIA_TYPE]
	at org.testng.Assert.fail(Assert.java:99)
	at org.testng.Assert.failNotEquals(Assert.java:1037)
	at org.testng.Assert.assertEqualsImpl(Assert.java:140)
	at org.testng.Assert.assertEquals(Assert.java:122)
	at org.testng.Assert.assertEquals(Assert.java:617)
	at com.example.employees.EmployeeApiIntegrationTest.testCreateEmployee_PartialData(EmployeeApiIntegrationTest.java:214)
	at java.base/jdk.internal.reflect.NativeMethodAccessorImpl.invoke0(Native Method)
	at java.base/jdk.internal.reflect.NativeMethodAccessorImpl.invoke(NativeMethodAccessorImpl.java:77)
	at java.base/jdk.internal.reflect.DelegatingMethodAccessorImpl.invoke(DelegatingMethodAccessorImpl.java:43)
	at java.base/java.lang.reflect.Method.invoke(Method.java:569)
	at org.testng.internal.MethodInvocationHelper.invokeMethod(MethodInvocationHelper.java:133)
	at org.testng.internal.MethodInvocationHelper$1.runTestMethod(MethodInvocationHelper.java:239)
	at org.springframework.test.context.testng.AbstractTestNGSpringContextTests.run(AbstractTestNGSpringContextTests.java:154)
	at org.testng.internal.MethodInvocationHelper.invokeHookable(MethodInvocationHelper.java:253)
	at org.testng.internal.TestInvoker.invokeMethod(TestInvoker.java:594)
	at org.testng.internal.TestInvoker.invokeTestMethod(TestInvoker.java:173)
	at org.testng.internal.MethodRunner.runInSequence(MethodRunner.java:46)
	at org.testng.internal.TestInvoker$MethodInvocationAgent.invoke(TestInvoker.java:824)
	at org.testng.internal.TestInvoker.invokeTestMethods(TestInvoker.java:146)
	at org.testng.internal.TestMethodWorker.invokeTestMethods(TestMethodWorker.java:146)
	at org.testng.internal.TestMethodWorker.run(TestMethodWorker.java:128)
	at java.base/java.util.ArrayList.forEach(ArrayList.java:1511)
	at org.testng.TestRunner.privateRun(TestRunner.java:794)
	at org.testng.TestRunner.run(TestRunner.java:596)
	at org.testng.SuiteRunner.runTest(SuiteRunner.java:377)
	at org.testng.SuiteRunner.runSequentially(SuiteRunner.java:371)
	at org.testng.SuiteRunner.privateRun(SuiteRunner.java:332)
	at org.testng.SuiteRunner.run(SuiteRunner.java:276)
	at org.testng.SuiteRunnerWorker.runSuite(SuiteRunnerWorker.java:53)
	at org.testng.SuiteRunnerWorker.run(SuiteRunnerWorker.java:96)
	at org.testng.TestNG.runSuitesSequentially(TestNG.java:1212)
	at org.testng.TestNG.runSuitesLocally(TestNG.java:1134)
	at org.testng.TestNG.runSuites(TestNG.java:1063)
	at org.testng.TestNG.run(TestNG.java:1031)
	at org.apache.maven.surefire.testng.TestNGExecutor.run(TestNGExecutor.java:151)
	at org.apache.maven.surefire.testng.TestNGDirectoryTestSuite.executeSingleClass(TestNGDirectoryTestSuite.java:111)
	at org.apache.maven.surefire.testng.TestNGDirectoryTestSuite.execute(TestNGDirectoryTestSuite.java:98)
	at org.apache.maven.surefire.testng.TestNGProvider.invoke(TestNGProvider.java:155)
	at org.apache.maven.surefire.booter.ForkedBooter.runSuitesInProcess(ForkedBooter.java:456)
	at org.apache.maven.surefire.booter.ForkedBooter.execute(ForkedBooter.java:169)
	at org.apache.maven.surefire.booter.ForkedBooter.run(ForkedBooter.java:595)
	at org.apache.maven.surefire.booter.ForkedBooter.main(ForkedBooter.java:581)
]]></failure>
    <system-out><![CDATA[2025-08-07T06:29:57.192Z  INFO 4462 --- [           main] o.s.b.w.e.tomcat.GracefulShutdown        : Commencing graceful shutdown. Waiting for active requests to complete
2025-08-07T06:29:57.193Z  INFO 4462 --- [tomcat-shutdown] o.s.b.w.e.tomcat.GracefulShutdown        : Graceful shutdown complete
2025-08-07T06:29:57.194Z  INFO 4462 --- [           main] j.LocalContainerEntityManagerFactoryBean : Closing JPA EntityManagerFactory for persistence unit 'default'
2025-08-07T06:29:57.195Z  INFO 4462 --- [           main] com.zaxxer.hikari.HikariDataSource       : HikariPool-3 - Shutdown initiated...
2025-08-07T06:29:57.195Z  INFO 4462 --- [           main] com.zaxxer.hikari.HikariDataSource       : HikariPool-3 - Shutdown completed.

  .   ____          _            __ _ _
 /\\ / ___'_ __ _ _(_)_ __  __ _ \ \ \ \
( ( )\___ | '_ | '_| | '_ \/ _` | \ \ \ \
 \\/  ___)| |_)| | | | | || (_| |  ) ) ) )
  '  |____| .__|_| |_|_| |_\__, | / / / /
 =========|_|==============|___/=/_/_/_/

 :: Spring Boot ::                (v3.4.0)

2025-08-07T06:29:57.290Z  INFO 4462 --- [           main] c.e.e.EmployeeApiIntegrationTest         : Starting EmployeeApiIntegrationTest using Java 17.0.15 with PID 4462 (/home/daytona/employees/target/test-classes started by daytona in /home/daytona/employees)
2025-08-07T06:29:57.290Z  INFO 4462 --- [           main] c.e.e.EmployeeApiIntegrationTest         : No active profile set, falling back to 1 default profile: "default"
2025-08-07T06:29:57.502Z  INFO 4462 --- [           main] .s.d.r.c.RepositoryConfigurationDelegate : Bootstrapping Spring Data JPA repositories in DEFAULT mode.
2025-08-07T06:29:57.505Z  INFO 4462 --- [           main] .s.d.r.c.RepositoryConfigurationDelegate : Finished Spring Data repository scanning in 2 ms. Found 1 JPA repository interface.
2025-08-07T06:29:57.689Z  INFO 4462 --- [           main] o.s.b.w.embedded.tomcat.TomcatWebServer  : Tomcat initialized with port 0 (http)
2025-08-07T06:29:57.690Z  INFO 4462 --- [           main] o.apache.catalina.core.StandardService   : Starting service [Tomcat]
2025-08-07T06:29:57.690Z  INFO 4462 --- [           main] o.apache.catalina.core.StandardEngine    : Starting Servlet engine: [Apache Tomcat/10.1.33]
2025-08-07T06:29:57.695Z  INFO 4462 --- [           main] o.a.c.c.C.[Tomcat].[localhost].[/]       : Initializing Spring embedded WebApplicationContext
2025-08-07T06:29:57.695Z  INFO 4462 --- [           main] w.s.c.ServletWebServerApplicationContext : Root WebApplicationContext: initialization completed in 404 ms
2025-08-07T06:29:57.705Z  INFO 4462 --- [           main] com.zaxxer.hikari.HikariDataSource       : HikariPool-4 - Starting...
2025-08-07T06:29:57.706Z  INFO 4462 --- [           main] com.zaxxer.hikari.pool.HikariPool        : HikariPool-4 - Added connection conn29: url=jdbc:h2:mem:119246c5-0805-4f98-9003-5d3b32274f76 user=SA
2025-08-07T06:29:57.707Z  INFO 4462 --- [           main] com.zaxxer.hikari.HikariDataSource       : HikariPool-4 - Start completed.
2025-08-07T06:29:57.708Z  INFO 4462 --- [           main] o.hibernate.jpa.internal.util.LogHelper  : HHH000204: Processing PersistenceUnitInfo [name: default]
2025-08-07T06:29:57.709Z  INFO 4462 --- [           main] o.h.c.internal.RegionFactoryInitiator    : HHH000026: Second-level cache disabled
2025-08-07T06:29:57.788Z  INFO 4462 --- [           main] o.s.o.j.p.SpringPersistenceUnitInfo      : No LoadTimeWeaver setup: ignoring JPA class transformer
2025-08-07T06:29:57.789Z  INFO 4462 --- [           main] org.hibernate.orm.connections.pooling    : HHH10001005: Database info:
	Database JDBC URL [Connecting through datasource 'HikariDataSource (HikariPool-4)']
	Database driver: undefined/unknown
	Database version: 2.3.232
	Autocommit mode: undefined/unknown
	Isolation level: undefined/unknown
	Minimum pool size: undefined/unknown
	Maximum pool size: undefined/unknown
2025-08-07T06:29:57.889Z  INFO 4462 --- [           main] o.h.e.t.j.p.i.JtaPlatformInitiator       : HHH000489: No JTA platform available (set 'hibernate.transaction.jta.platform' to enable JTA platform integration)
2025-08-07T06:29:57.890Z  INFO 4462 --- [           main] j.LocalContainerEntityManagerFactoryBean : Initialized JPA EntityManagerFactory for persistence unit 'default'
2025-08-07T06:29:57.902Z  WARN 4462 --- [           main] JpaBaseConfiguration$JpaWebConfiguration : spring.jpa.open-in-view is enabled by default. Therefore, database queries may be performed during view rendering. Explicitly configure spring.jpa.open-in-view to disable this warning
2025-08-07T06:29:58.010Z  INFO 4462 --- [           main] o.s.b.w.embedded.tomcat.TomcatWebServer  : Tomcat started on port 35797 (http) with context path '/'
2025-08-07T06:29:58.012Z  INFO 4462 --- [           main] c.e.e.EmployeeApiIntegrationTest         : Started EmployeeApiIntegrationTest in 0.814 seconds (process running for 11.312)
2025-08-07T06:29:58.098Z  INFO 4462 --- [o-auto-4-exec-1] o.a.c.c.C.[Tomcat].[localhost].[/]       : Initializing Spring DispatcherServlet 'dispatcherServlet'
2025-08-07T06:29:58.099Z  INFO 4462 --- [o-auto-4-exec-1] o.s.web.servlet.DispatcherServlet        : Initializing Servlet 'dispatcherServlet'
2025-08-07T06:29:58.099Z  INFO 4462 --- [o-auto-4-exec-1] o.s.web.servlet.DispatcherServlet        : Completed initialization in 0 ms
2025-08-07T06:29:58.101Z  WARN 4462 --- [o-auto-4-exec-1] .w.s.m.s.DefaultHandlerExceptionResolver : Resolved [org.springframework.web.HttpMediaTypeNotSupportedException: Content-Type 'text/plain;charset=UTF-8' is not supported]
]]></system-out>
  </testcase>
  <testcase name="testCreateEmployee_Success" classname="com.example.employees.EmployeeApiIntegrationTest" time="0.108">
    <system-out><![CDATA[2025-08-07T06:29:58.112Z  INFO 4462 --- [           main] o.s.b.w.e.tomcat.GracefulShutdown        : Commencing graceful shutdown. Waiting for active requests to complete
2025-08-07T06:29:58.113Z  INFO 4462 --- [tomcat-shutdown] o.s.b.w.e.tomcat.GracefulShutdown        : Graceful shutdown complete
2025-08-07T06:29:58.114Z  INFO 4462 --- [           main] j.LocalContainerEntityManagerFactoryBean : Closing JPA EntityManagerFactory for persistence unit 'default'
2025-08-07T06:29:58.114Z  INFO 4462 --- [           main] com.zaxxer.hikari.HikariDataSource       : HikariPool-4 - Shutdown initiated...
2025-08-07T06:29:58.116Z  INFO 4462 --- [           main] com.zaxxer.hikari.HikariDataSource       : HikariPool-4 - Shutdown completed.

  .   ____          _            __ _ _
 /\\ / ___'_ __ _ _(_)_ __  __ _ \ \ \ \
( ( )\___ | '_ | '_| | '_ \/ _` | \ \ \ \
 \\/  ___)| |_)| | | | | || (_| |  ) ) ) )
  '  |____| .__|_| |_|_| |_\__, | / / / /
 =========|_|==============|___/=/_/_/_/

 :: Spring Boot ::                (v3.4.0)

2025-08-07T06:29:58.186Z  INFO 4462 --- [           main] c.e.e.EmployeeApiIntegrationTest         : Starting EmployeeApiIntegrationTest using Java 17.0.15 with PID 4462 (/home/daytona/employees/target/test-classes started by daytona in /home/daytona/employees)
2025-08-07T06:29:58.187Z  INFO 4462 --- [           main] c.e.e.EmployeeApiIntegrationTest         : No active profile set, falling back to 1 default profile: "default"
2025-08-07T06:29:58.290Z  INFO 4462 --- [           main] .s.d.r.c.RepositoryConfigurationDelegate : Bootstrapping Spring Data JPA repositories in DEFAULT mode.
2025-08-07T06:29:58.293Z  INFO 4462 --- [           main] .s.d.r.c.RepositoryConfigurationDelegate : Finished Spring Data repository scanning in 2 ms. Found 1 JPA repository interface.
2025-08-07T06:29:58.387Z  INFO 4462 --- [           main] o.s.b.w.embedded.tomcat.TomcatWebServer  : Tomcat initialized with port 0 (http)
2025-08-07T06:29:58.388Z  INFO 4462 --- [           main] o.apache.catalina.core.StandardService   : Starting service [Tomcat]
2025-08-07T06:29:58.388Z  INFO 4462 --- [           main] o.apache.catalina.core.StandardEngine    : Starting Servlet engine: [Apache Tomcat/10.1.33]
2025-08-07T06:29:58.394Z  INFO 4462 --- [           main] o.a.c.c.C.[Tomcat].[localhost].[/]       : Initializing Spring embedded WebApplicationContext
2025-08-07T06:29:58.394Z  INFO 4462 --- [           main] w.s.c.ServletWebServerApplicationContext : Root WebApplicationContext: initialization completed in 207 ms
2025-08-07T06:29:58.402Z  INFO 4462 --- [           main] com.zaxxer.hikari.HikariDataSource       : HikariPool-5 - Starting...
2025-08-07T06:29:58.404Z  INFO 4462 --- [           main] com.zaxxer.hikari.pool.HikariPool        : HikariPool-5 - Added connection conn37: url=jdbc:h2:mem:a116a061-47d9-44da-a94f-ab603aa8c312 user=SA
2025-08-07T06:29:58.404Z  INFO 4462 --- [           main] com.zaxxer.hikari.HikariDataSource       : HikariPool-5 - Start completed.
2025-08-07T06:29:58.406Z  INFO 4462 --- [           main] o.hibernate.jpa.internal.util.LogHelper  : HHH000204: Processing PersistenceUnitInfo [name: default]
2025-08-07T06:29:58.406Z  INFO 4462 --- [           main] o.h.c.internal.RegionFactoryInitiator    : HHH000026: Second-level cache disabled
2025-08-07T06:29:58.410Z  INFO 4462 --- [           main] o.s.o.j.p.SpringPersistenceUnitInfo      : No LoadTimeWeaver setup: ignoring JPA class transformer
2025-08-07T06:29:58.411Z  INFO 4462 --- [           main] org.hibernate.orm.connections.pooling    : HHH10001005: Database info:
	Database JDBC URL [Connecting through datasource 'HikariDataSource (HikariPool-5)']
	Database driver: undefined/unknown
	Database version: 2.3.232
	Autocommit mode: undefined/unknown
	Isolation level: undefined/unknown
	Minimum pool size: undefined/unknown
	Maximum pool size: undefined/unknown
2025-08-07T06:29:58.497Z  INFO 4462 --- [           main] o.h.e.t.j.p.i.JtaPlatformInitiator       : HHH000489: No JTA platform available (set 'hibernate.transaction.jta.platform' to enable JTA platform integration)
2025-08-07T06:29:58.498Z  INFO 4462 --- [           main] j.LocalContainerEntityManagerFactoryBean : Initialized JPA EntityManagerFactory for persistence unit 'default'
2025-08-07T06:29:58.509Z  WARN 4462 --- [           main] JpaBaseConfiguration$JpaWebConfiguration : spring.jpa.open-in-view is enabled by default. Therefore, database queries may be performed during view rendering. Explicitly configure spring.jpa.open-in-view to disable this warning
2025-08-07T06:29:58.607Z  INFO 4462 --- [           main] o.s.b.w.embedded.tomcat.TomcatWebServer  : Tomcat started on port 42561 (http) with context path '/'
2025-08-07T06:29:58.609Z  INFO 4462 --- [           main] c.e.e.EmployeeApiIntegrationTest         : Started EmployeeApiIntegrationTest in 0.49 seconds (process running for 11.909)
2025-08-07T06:29:58.695Z  INFO 4462 --- [o-auto-5-exec-1] o.a.c.c.C.[Tomcat].[localhost].[/]       : Initializing Spring DispatcherServlet 'dispatcherServlet'
2025-08-07T06:29:58.695Z  INFO 4462 --- [o-auto-5-exec-1] o.s.web.servlet.DispatcherServlet        : Initializing Servlet 'dispatcherServlet'
2025-08-07T06:29:58.695Z  INFO 4462 --- [o-auto-5-exec-1] o.s.web.servlet.DispatcherServlet        : Completed initialization in 0 ms
]]></system-out>
  </testcase>
  <testcase name="testCreateEmployee_WithAllFields" classname="com.example.employees.EmployeeApiIntegrationTest" time="0.386">
    <system-out><![CDATA[2025-08-07T06:29:58.801Z  INFO 4462 --- [           main] o.s.b.w.e.tomcat.GracefulShutdown        : Commencing graceful shutdown. Waiting for active requests to complete
2025-08-07T06:29:58.802Z  INFO 4462 --- [tomcat-shutdown] o.s.b.w.e.tomcat.GracefulShutdown        : Graceful shutdown complete
2025-08-07T06:29:58.803Z  INFO 4462 --- [           main] j.LocalContainerEntityManagerFactoryBean : Closing JPA EntityManagerFactory for persistence unit 'default'
2025-08-07T06:29:58.804Z  INFO 4462 --- [           main] com.zaxxer.hikari.HikariDataSource       : HikariPool-5 - Shutdown initiated...
2025-08-07T06:29:58.816Z  INFO 4462 --- [           main] com.zaxxer.hikari.HikariDataSource       : HikariPool-5 - Shutdown completed.

  .   ____          _            __ _ _
 /\\ / ___'_ __ _ _(_)_ __  __ _ \ \ \ \
( ( )\___ | '_ | '_| | '_ \/ _` | \ \ \ \
 \\/  ___)| |_)| | | | | || (_| |  ) ) ) )
  '  |____| .__|_| |_|_| |_\__, | / / / /
 =========|_|==============|___/=/_/_/_/

 :: Spring Boot ::                (v3.4.0)

2025-08-07T06:29:58.832Z  INFO 4462 --- [           main] c.e.e.EmployeeApiIntegrationTest         : Starting EmployeeApiIntegrationTest using Java 17.0.15 with PID 4462 (/home/daytona/employees/target/test-classes started by daytona in /home/daytona/employees)
2025-08-07T06:29:58.832Z  INFO 4462 --- [           main] c.e.e.EmployeeApiIntegrationTest         : No active profile set, falling back to 1 default profile: "default"
2025-08-07T06:29:58.999Z  INFO 4462 --- [           main] .s.d.r.c.RepositoryConfigurationDelegate : Bootstrapping Spring Data JPA repositories in DEFAULT mode.
2025-08-07T06:29:59.003Z  INFO 4462 --- [           main] .s.d.r.c.RepositoryConfigurationDelegate : Finished Spring Data repository scanning in 2 ms. Found 1 JPA repository interface.
2025-08-07T06:29:59.191Z  INFO 4462 --- [           main] o.s.b.w.embedded.tomcat.TomcatWebServer  : Tomcat initialized with port 0 (http)
2025-08-07T06:29:59.192Z  INFO 4462 --- [           main] o.apache.catalina.core.StandardService   : Starting service [Tomcat]
2025-08-07T06:29:59.192Z  INFO 4462 --- [           main] o.apache.catalina.core.StandardEngine    : Starting Servlet engine: [Apache Tomcat/10.1.33]
2025-08-07T06:29:59.201Z  INFO 4462 --- [           main] o.a.c.c.C.[Tomcat].[localhost].[/]       : Initializing Spring embedded WebApplicationContext
2025-08-07T06:29:59.202Z  INFO 4462 --- [           main] w.s.c.ServletWebServerApplicationContext : Root WebApplicationContext: initialization completed in 370 ms
2025-08-07T06:29:59.288Z  INFO 4462 --- [           main] com.zaxxer.hikari.HikariDataSource       : HikariPool-6 - Starting...
2025-08-07T06:29:59.289Z  INFO 4462 --- [           main] com.zaxxer.hikari.pool.HikariPool        : HikariPool-6 - Added connection conn46: url=jdbc:h2:mem:f9830620-0fd0-4e7b-b902-8e9b6d9bb8ee user=SA
2025-08-07T06:29:59.290Z  INFO 4462 --- [           main] com.zaxxer.hikari.HikariDataSource       : HikariPool-6 - Start completed.
2025-08-07T06:29:59.292Z  INFO 4462 --- [           main] o.hibernate.jpa.internal.util.LogHelper  : HHH000204: Processing PersistenceUnitInfo [name: default]
2025-08-07T06:29:59.293Z  INFO 4462 --- [           main] o.h.c.internal.RegionFactoryInitiator    : HHH000026: Second-level cache disabled
2025-08-07T06:29:59.297Z  INFO 4462 --- [           main] o.s.o.j.p.SpringPersistenceUnitInfo      : No LoadTimeWeaver setup: ignoring JPA class transformer
2025-08-07T06:29:59.298Z  INFO 4462 --- [           main] org.hibernate.orm.connections.pooling    : HHH10001005: Database info:
	Database JDBC URL [Connecting through datasource 'HikariDataSource (HikariPool-6)']
	Database driver: undefined/unknown
	Database version: 2.3.232
	Autocommit mode: undefined/unknown
	Isolation level: undefined/unknown
	Minimum pool size: undefined/unknown
	Maximum pool size: undefined/unknown
2025-08-07T06:29:59.317Z  INFO 4462 --- [           main] o.h.e.t.j.p.i.JtaPlatformInitiator       : HHH000489: No JTA platform available (set 'hibernate.transaction.jta.platform' to enable JTA platform integration)
2025-08-07T06:29:59.387Z  INFO 4462 --- [           main] j.LocalContainerEntityManagerFactoryBean : Initialized JPA EntityManagerFactory for persistence unit 'default'
2025-08-07T06:29:59.402Z  WARN 4462 --- [           main] JpaBaseConfiguration$JpaWebConfiguration : spring.jpa.open-in-view is enabled by default. Therefore, database queries may be performed during view rendering. Explicitly configure spring.jpa.open-in-view to disable this warning
2025-08-07T06:29:59.431Z  INFO 4462 --- [           main] o.s.b.w.embedded.tomcat.TomcatWebServer  : Tomcat started on port 34365 (http) with context path '/'
2025-08-07T06:29:59.433Z  INFO 4462 --- [           main] c.e.e.EmployeeApiIntegrationTest         : Started EmployeeApiIntegrationTest in 0.614 seconds (process running for 12.733)
2025-08-07T06:29:59.441Z  INFO 4462 --- [o-auto-6-exec-1] o.a.c.c.C.[Tomcat].[localhost].[/]       : Initializing Spring DispatcherServlet 'dispatcherServlet'
2025-08-07T06:29:59.441Z  INFO 4462 --- [o-auto-6-exec-1] o.s.web.servlet.DispatcherServlet        : Initializing Servlet 'dispatcherServlet'
2025-08-07T06:29:59.441Z  INFO 4462 --- [o-auto-6-exec-1] o.s.web.servlet.DispatcherServlet        : Completed initialization in 0 ms
]]></system-out>
  </testcase>
  <testcase name="testDeleteEmployee_InvalidId" classname="com.example.employees.EmployeeApiIntegrationTest" time="0.009">
    <system-out><![CDATA[2025-08-07T06:29:59.826Z  INFO 4462 --- [           main] o.s.b.w.e.tomcat.GracefulShutdown        : Commencing graceful shutdown. Waiting for active requests to complete
2025-08-07T06:29:59.827Z  INFO 4462 --- [tomcat-shutdown] o.s.b.w.e.tomcat.GracefulShutdown        : Graceful shutdown complete
2025-08-07T06:29:59.828Z  INFO 4462 --- [           main] j.LocalContainerEntityManagerFactoryBean : Closing JPA EntityManagerFactory for persistence unit 'default'
2025-08-07T06:29:59.829Z  INFO 4462 --- [           main] com.zaxxer.hikari.HikariDataSource       : HikariPool-6 - Shutdown initiated...
2025-08-07T06:29:59.829Z  INFO 4462 --- [           main] com.zaxxer.hikari.HikariDataSource       : HikariPool-6 - Shutdown completed.

  .   ____          _            __ _ _
 /\\ / ___'_ __ _ _(_)_ __  __ _ \ \ \ \
( ( )\___ | '_ | '_| | '_ \/ _` | \ \ \ \
 \\/  ___)| |_)| | | | | || (_| |  ) ) ) )
  '  |____| .__|_| |_|_| |_\__, | / / / /
 =========|_|==============|___/=/_/_/_/

 :: Spring Boot ::                (v3.4.0)

2025-08-07T06:29:59.892Z  INFO 4462 --- [           main] c.e.e.EmployeeApiIntegrationTest         : Starting EmployeeApiIntegrationTest using Java 17.0.15 with PID 4462 (/home/daytona/employees/target/test-classes started by daytona in /home/daytona/employees)
2025-08-07T06:29:59.892Z  INFO 4462 --- [           main] c.e.e.EmployeeApiIntegrationTest         : No active profile set, falling back to 1 default profile: "default"
2025-08-07T06:29:59.992Z  INFO 4462 --- [           main] .s.d.r.c.RepositoryConfigurationDelegate : Bootstrapping Spring Data JPA repositories in DEFAULT mode.
2025-08-07T06:29:59.995Z  INFO 4462 --- [           main] .s.d.r.c.RepositoryConfigurationDelegate : Finished Spring Data repository scanning in 2 ms. Found 1 JPA repository interface.
2025-08-07T06:30:00.012Z  INFO 4462 --- [           main] o.s.b.w.embedded.tomcat.TomcatWebServer  : Tomcat initialized with port 0 (http)
2025-08-07T06:30:00.013Z  INFO 4462 --- [           main] o.apache.catalina.core.StandardService   : Starting service [Tomcat]
2025-08-07T06:30:00.013Z  INFO 4462 --- [           main] o.apache.catalina.core.StandardEngine    : Starting Servlet engine: [Apache Tomcat/10.1.33]
2025-08-07T06:30:00.088Z  INFO 4462 --- [           main] o.a.c.c.C.[Tomcat].[localhost].[/]       : Initializing Spring embedded WebApplicationContext
2025-08-07T06:30:00.088Z  INFO 4462 --- [           main] w.s.c.ServletWebServerApplicationContext : Root WebApplicationContext: initialization completed in 195 ms
2025-08-07T06:30:00.096Z  INFO 4462 --- [           main] com.zaxxer.hikari.HikariDataSource       : HikariPool-7 - Starting...
2025-08-07T06:30:00.097Z  INFO 4462 --- [           main] com.zaxxer.hikari.pool.HikariPool        : HikariPool-7 - Added connection conn56: url=jdbc:h2:mem:afce011d-bab4-4e78-9616-2ef5feea2cc1 user=SA
2025-08-07T06:30:00.097Z  INFO 4462 --- [           main] com.zaxxer.hikari.HikariDataSource       : HikariPool-7 - Start completed.
2025-08-07T06:30:00.099Z  INFO 4462 --- [           main] o.hibernate.jpa.internal.util.LogHelper  : HHH000204: Processing PersistenceUnitInfo [name: default]
2025-08-07T06:30:00.099Z  INFO 4462 --- [           main] o.h.c.internal.RegionFactoryInitiator    : HHH000026: Second-level cache disabled
2025-08-07T06:30:00.102Z  INFO 4462 --- [           main] o.s.o.j.p.SpringPersistenceUnitInfo      : No LoadTimeWeaver setup: ignoring JPA class transformer
2025-08-07T06:30:00.103Z  INFO 4462 --- [           main] org.hibernate.orm.connections.pooling    : HHH10001005: Database info:
	Database JDBC URL [Connecting through datasource 'HikariDataSource (HikariPool-7)']
	Database driver: undefined/unknown
	Database version: 2.3.232
	Autocommit mode: undefined/unknown
	Isolation level: undefined/unknown
	Minimum pool size: undefined/unknown
	Maximum pool size: undefined/unknown
2025-08-07T06:30:00.192Z  INFO 4462 --- [           main] o.h.e.t.j.p.i.JtaPlatformInitiator       : HHH000489: No JTA platform available (set 'hibernate.transaction.jta.platform' to enable JTA platform integration)
2025-08-07T06:30:00.193Z  INFO 4462 --- [           main] j.LocalContainerEntityManagerFactoryBean : Initialized JPA EntityManagerFactory for persistence unit 'default'
2025-08-07T06:30:00.203Z  WARN 4462 --- [           main] JpaBaseConfiguration$JpaWebConfiguration : spring.jpa.open-in-view is enabled by default. Therefore, database queries may be performed during view rendering. Explicitly configure spring.jpa.open-in-view to disable this warning
2025-08-07T06:30:00.298Z  INFO 4462 --- [           main] o.s.b.w.embedded.tomcat.TomcatWebServer  : Tomcat started on port 43351 (http) with context path '/'
2025-08-07T06:30:00.300Z  INFO 4462 --- [           main] c.e.e.EmployeeApiIntegrationTest         : Started EmployeeApiIntegrationTest in 0.467 seconds (process running for 13.6)
2025-08-07T06:30:00.305Z  INFO 4462 --- [o-auto-7-exec-1] o.a.c.c.C.[Tomcat].[localhost].[/]       : Initializing Spring DispatcherServlet 'dispatcherServlet'
2025-08-07T06:30:00.306Z  INFO 4462 --- [o-auto-7-exec-1] o.s.web.servlet.DispatcherServlet        : Initializing Servlet 'dispatcherServlet'
2025-08-07T06:30:00.306Z  INFO 4462 --- [o-auto-7-exec-1] o.s.web.servlet.DispatcherServlet        : Completed initialization in 0 ms
2025-08-07T06:30:00.309Z  WARN 4462 --- [o-auto-7-exec-1] .w.s.m.s.DefaultHandlerExceptionResolver : Resolved [org.springframework.web.method.annotation.MethodArgumentTypeMismatchException: Method parameter 'id': Failed to convert value of type 'java.lang.String' to required type 'java.lang.Long'; For input string: "invalid"]
]]></system-out>
  </testcase>
  <testcase name="testDeleteEmployee_NotFound" classname="com.example.employees.EmployeeApiIntegrationTest" time="0.008">
    <system-out><![CDATA[2025-08-07T06:30:00.316Z  INFO 4462 --- [           main] o.s.b.w.e.tomcat.GracefulShutdown        : Commencing graceful shutdown. Waiting for active requests to complete
2025-08-07T06:30:00.317Z  INFO 4462 --- [tomcat-shutdown] o.s.b.w.e.tomcat.GracefulShutdown        : Graceful shutdown complete
2025-08-07T06:30:00.317Z  INFO 4462 --- [           main] j.LocalContainerEntityManagerFactoryBean : Closing JPA EntityManagerFactory for persistence unit 'default'
2025-08-07T06:30:00.318Z  INFO 4462 --- [           main] com.zaxxer.hikari.HikariDataSource       : HikariPool-7 - Shutdown initiated...
2025-08-07T06:30:00.346Z  INFO 4462 --- [           main] com.zaxxer.hikari.HikariDataSource       : HikariPool-7 - Shutdown completed.

  .   ____          _            __ _ _
 /\\ / ___'_ __ _ _(_)_ __  __ _ \ \ \ \
( ( )\___ | '_ | '_| | '_ \/ _` | \ \ \ \
 \\/  ___)| |_)| | | | | || (_| |  ) ) ) )
  '  |____| .__|_| |_|_| |_\__, | / / / /
 =========|_|==============|___/=/_/_/_/

 :: Spring Boot ::                (v3.4.0)

2025-08-07T06:30:00.388Z  INFO 4462 --- [           main] c.e.e.EmployeeApiIntegrationTest         : Starting EmployeeApiIntegrationTest using Java 17.0.15 with PID 4462 (/home/daytona/employees/target/test-classes started by daytona in /home/daytona/employees)
2025-08-07T06:30:00.388Z  INFO 4462 --- [           main] c.e.e.EmployeeApiIntegrationTest         : No active profile set, falling back to 1 default profile: "default"
2025-08-07T06:30:00.422Z  INFO 4462 --- [           main] .s.d.r.c.RepositoryConfigurationDelegate : Bootstrapping Spring Data JPA repositories in DEFAULT mode.
2025-08-07T06:30:00.425Z  INFO 4462 --- [           main] .s.d.r.c.RepositoryConfigurationDelegate : Finished Spring Data repository scanning in 1 ms. Found 1 JPA repository interface.
2025-08-07T06:30:00.487Z  INFO 4462 --- [           main] o.s.b.w.embedded.tomcat.TomcatWebServer  : Tomcat initialized with port 0 (http)
2025-08-07T06:30:00.487Z  INFO 4462 --- [           main] o.apache.catalina.core.StandardService   : Starting service [Tomcat]
2025-08-07T06:30:00.487Z  INFO 4462 --- [           main] o.apache.catalina.core.StandardEngine    : Starting Servlet engine: [Apache Tomcat/10.1.33]
2025-08-07T06:30:00.492Z  INFO 4462 --- [           main] o.a.c.c.C.[Tomcat].[localhost].[/]       : Initializing Spring embedded WebApplicationContext
2025-08-07T06:30:00.492Z  INFO 4462 --- [           main] w.s.c.ServletWebServerApplicationContext : Root WebApplicationContext: initialization completed in 103 ms
2025-08-07T06:30:00.499Z  INFO 4462 --- [           main] com.zaxxer.hikari.HikariDataSource       : HikariPool-8 - Starting...
2025-08-07T06:30:00.501Z  INFO 4462 --- [           main] com.zaxxer.hikari.pool.HikariPool        : HikariPool-8 - Added connection conn60: url=jdbc:h2:mem:ee6a5a80-50be-4b18-ad0b-64a6cc8d84cb user=SA
2025-08-07T06:30:00.501Z  INFO 4462 --- [           main] com.zaxxer.hikari.HikariDataSource       : HikariPool-8 - Start completed.
2025-08-07T06:30:00.502Z  INFO 4462 --- [           main] o.hibernate.jpa.internal.util.LogHelper  : HHH000204: Processing PersistenceUnitInfo [name: default]
2025-08-07T06:30:00.503Z  INFO 4462 --- [           main] o.h.c.internal.RegionFactoryInitiator    : HHH000026: Second-level cache disabled
2025-08-07T06:30:00.506Z  INFO 4462 --- [           main] o.s.o.j.p.SpringPersistenceUnitInfo      : No LoadTimeWeaver setup: ignoring JPA class transformer
2025-08-07T06:30:00.507Z  INFO 4462 --- [           main] org.hibernate.orm.connections.pooling    : HHH10001005: Database info:
	Database JDBC URL [Connecting through datasource 'HikariDataSource (HikariPool-8)']
	Database driver: undefined/unknown
	Database version: 2.3.232
	Autocommit mode: undefined/unknown
	Isolation level: undefined/unknown
	Minimum pool size: undefined/unknown
	Maximum pool size: undefined/unknown
2025-08-07T06:30:00.521Z  INFO 4462 --- [           main] o.h.e.t.j.p.i.JtaPlatformInitiator       : HHH000489: No JTA platform available (set 'hibernate.transaction.jta.platform' to enable JTA platform integration)
2025-08-07T06:30:00.586Z  INFO 4462 --- [           main] j.LocalContainerEntityManagerFactoryBean : Initialized JPA EntityManagerFactory for persistence unit 'default'
2025-08-07T06:30:00.600Z  WARN 4462 --- [           main] JpaBaseConfiguration$JpaWebConfiguration : spring.jpa.open-in-view is enabled by default. Therefore, database queries may be performed during view rendering. Explicitly configure spring.jpa.open-in-view to disable this warning
2025-08-07T06:30:00.624Z  INFO 4462 --- [           main] o.s.b.w.embedded.tomcat.TomcatWebServer  : Tomcat started on port 39701 (http) with context path '/'
2025-08-07T06:30:00.626Z  INFO 4462 --- [           main] c.e.e.EmployeeApiIntegrationTest         : Started EmployeeApiIntegrationTest in 0.278 seconds (process running for 13.926)
2025-08-07T06:30:00.633Z  INFO 4462 --- [o-auto-8-exec-1] o.a.c.c.C.[Tomcat].[localhost].[/]       : Initializing Spring DispatcherServlet 'dispatcherServlet'
2025-08-07T06:30:00.633Z  INFO 4462 --- [o-auto-8-exec-1] o.s.web.servlet.DispatcherServlet        : Initializing Servlet 'dispatcherServlet'
2025-08-07T06:30:00.633Z  INFO 4462 --- [o-auto-8-exec-1] o.s.web.servlet.DispatcherServlet        : Completed initialization in 0 ms
]]></system-out>
  </testcase>
  <testcase name="testDeleteEmployee_Success" classname="com.example.employees.EmployeeApiIntegrationTest" time="0.099">
    <system-out><![CDATA[2025-08-07T06:30:00.686Z  INFO 4462 --- [           main] o.s.b.w.e.tomcat.GracefulShutdown        : Commencing graceful shutdown. Waiting for active requests to complete
2025-08-07T06:30:00.686Z  INFO 4462 --- [tomcat-shutdown] o.s.b.w.e.tomcat.GracefulShutdown        : Graceful shutdown complete
2025-08-07T06:30:00.687Z  INFO 4462 --- [           main] j.LocalContainerEntityManagerFactoryBean : Closing JPA EntityManagerFactory for persistence unit 'default'
2025-08-07T06:30:00.688Z  INFO 4462 --- [           main] com.zaxxer.hikari.HikariDataSource       : HikariPool-8 - Shutdown initiated...
2025-08-07T06:30:00.716Z  INFO 4462 --- [           main] com.zaxxer.hikari.HikariDataSource       : HikariPool-8 - Shutdown completed.

  .   ____          _            __ _ _
 /\\ / ___'_ __ _ _(_)_ __  __ _ \ \ \ \
( ( )\___ | '_ | '_| | '_ \/ _` | \ \ \ \
 \\/  ___)| |_)| | | | | || (_| |  ) ) ) )
  '  |____| .__|_| |_|_| |_\__, | / / / /
 =========|_|==============|___/=/_/_/_/

 :: Spring Boot ::                (v3.4.0)

2025-08-07T06:30:00.724Z  INFO 4462 --- [           main] c.e.e.EmployeeApiIntegrationTest         : Starting EmployeeApiIntegrationTest using Java 17.0.15 with PID 4462 (/home/daytona/employees/target/test-classes started by daytona in /home/daytona/employees)
2025-08-07T06:30:00.724Z  INFO 4462 --- [           main] c.e.e.EmployeeApiIntegrationTest         : No active profile set, falling back to 1 default profile: "default"
2025-08-07T06:30:00.754Z  INFO 4462 --- [           main] .s.d.r.c.RepositoryConfigurationDelegate : Bootstrapping Spring Data JPA repositories in DEFAULT mode.
2025-08-07T06:30:00.757Z  INFO 4462 --- [           main] .s.d.r.c.RepositoryConfigurationDelegate : Finished Spring Data repository scanning in 1 ms. Found 1 JPA repository interface.
2025-08-07T06:30:00.797Z  INFO 4462 --- [           main] o.s.b.w.embedded.tomcat.TomcatWebServer  : Tomcat initialized with port 0 (http)
2025-08-07T06:30:00.798Z  INFO 4462 --- [           main] o.apache.catalina.core.StandardService   : Starting service [Tomcat]
2025-08-07T06:30:00.798Z  INFO 4462 --- [           main] o.apache.catalina.core.StandardEngine    : Starting Servlet engine: [Apache Tomcat/10.1.33]
2025-08-07T06:30:00.803Z  INFO 4462 --- [           main] o.a.c.c.C.[Tomcat].[localhost].[/]       : Initializing Spring embedded WebApplicationContext
2025-08-07T06:30:00.803Z  INFO 4462 --- [           main] w.s.c.ServletWebServerApplicationContext : Root WebApplicationContext: initialization completed in 78 ms
2025-08-07T06:30:00.809Z  INFO 4462 --- [           main] com.zaxxer.hikari.HikariDataSource       : HikariPool-9 - Starting...
2025-08-07T06:30:00.811Z  INFO 4462 --- [           main] com.zaxxer.hikari.pool.HikariPool        : HikariPool-9 - Added connection conn64: url=jdbc:h2:mem:41d1bfdf-020e-4d8d-a780-6b83888964d2 user=SA
2025-08-07T06:30:00.811Z  INFO 4462 --- [           main] com.zaxxer.hikari.HikariDataSource       : HikariPool-9 - Start completed.
2025-08-07T06:30:00.812Z  INFO 4462 --- [           main] o.hibernate.jpa.internal.util.LogHelper  : HHH000204: Processing PersistenceUnitInfo [name: default]
2025-08-07T06:30:00.813Z  INFO 4462 --- [           main] o.h.c.internal.RegionFactoryInitiator    : HHH000026: Second-level cache disabled
2025-08-07T06:30:00.816Z  INFO 4462 --- [           main] o.s.o.j.p.SpringPersistenceUnitInfo      : No LoadTimeWeaver setup: ignoring JPA class transformer
2025-08-07T06:30:00.816Z  INFO 4462 --- [           main] org.hibernate.orm.connections.pooling    : HHH10001005: Database info:
	Database JDBC URL [Connecting through datasource 'HikariDataSource (HikariPool-9)']
	Database driver: undefined/unknown
	Database version: 2.3.232
	Autocommit mode: undefined/unknown
	Isolation level: undefined/unknown
	Minimum pool size: undefined/unknown
	Maximum pool size: undefined/unknown
2025-08-07T06:30:00.896Z  INFO 4462 --- [           main] o.h.e.t.j.p.i.JtaPlatformInitiator       : HHH000489: No JTA platform available (set 'hibernate.transaction.jta.platform' to enable JTA platform integration)
2025-08-07T06:30:00.898Z  INFO 4462 --- [           main] j.LocalContainerEntityManagerFactoryBean : Initialized JPA EntityManagerFactory for persistence unit 'default'
2025-08-07T06:30:00.908Z  WARN 4462 --- [           main] JpaBaseConfiguration$JpaWebConfiguration : spring.jpa.open-in-view is enabled by default. Therefore, database queries may be performed during view rendering. Explicitly configure spring.jpa.open-in-view to disable this warning
2025-08-07T06:30:01.002Z  INFO 4462 --- [           main] o.s.b.w.embedded.tomcat.TomcatWebServer  : Tomcat started on port 32853 (http) with context path '/'
2025-08-07T06:30:01.003Z  INFO 4462 --- [           main] c.e.e.EmployeeApiIntegrationTest         : Started EmployeeApiIntegrationTest in 0.285 seconds (process running for 14.304)
2025-08-07T06:30:01.098Z  INFO 4462 --- [o-auto-9-exec-1] o.a.c.c.C.[Tomcat].[localhost].[/]       : Initializing Spring DispatcherServlet 'dispatcherServlet'
2025-08-07T06:30:01.099Z  INFO 4462 --- [o-auto-9-exec-1] o.s.web.servlet.DispatcherServlet        : Initializing Servlet 'dispatcherServlet'
2025-08-07T06:30:01.099Z  INFO 4462 --- [o-auto-9-exec-1] o.s.web.servlet.DispatcherServlet        : Completed initialization in 0 ms
]]></system-out>
  </testcase>
  <testcase name="testDeleteEmployee_VerifyOtherEmployeesUnaffected" classname="com.example.employees.EmployeeApiIntegrationTest" time="0.011">
    <system-out><![CDATA[2025-08-07T06:30:01.108Z  INFO 4462 --- [           main] o.s.b.w.e.tomcat.GracefulShutdown        : Commencing graceful shutdown. Waiting for active requests to complete
2025-08-07T06:30:01.108Z  INFO 4462 --- [tomcat-shutdown] o.s.b.w.e.tomcat.GracefulShutdown        : Graceful shutdown complete
2025-08-07T06:30:01.109Z  INFO 4462 --- [           main] j.LocalContainerEntityManagerFactoryBean : Closing JPA EntityManagerFactory for persistence unit 'default'
2025-08-07T06:30:01.110Z  INFO 4462 --- [           main] com.zaxxer.hikari.HikariDataSource       : HikariPool-9 - Shutdown initiated...
2025-08-07T06:30:01.137Z  INFO 4462 --- [           main] com.zaxxer.hikari.HikariDataSource       : HikariPool-9 - Shutdown completed.

  .   ____          _            __ _ _
 /\\ / ___'_ __ _ _(_)_ __  __ _ \ \ \ \
( ( )\___ | '_ | '_| | '_ \/ _` | \ \ \ \
 \\/  ___)| |_)| | | | | || (_| |  ) ) ) )
  '  |____| .__|_| |_|_| |_\__, | / / / /
 =========|_|==============|___/=/_/_/_/

 :: Spring Boot ::                (v3.4.0)

2025-08-07T06:30:01.192Z  INFO 4462 --- [           main] c.e.e.EmployeeApiIntegrationTest         : Starting EmployeeApiIntegrationTest using Java 17.0.15 with PID 4462 (/home/daytona/employees/target/test-classes started by daytona in /home/daytona/employees)
2025-08-07T06:30:01.192Z  INFO 4462 --- [           main] c.e.e.EmployeeApiIntegrationTest         : No active profile set, falling back to 1 default profile: "default"
2025-08-07T06:30:01.294Z  INFO 4462 --- [           main] .s.d.r.c.RepositoryConfigurationDelegate : Bootstrapping Spring Data JPA repositories in DEFAULT mode.
2025-08-07T06:30:01.296Z  INFO 4462 --- [           main] .s.d.r.c.RepositoryConfigurationDelegate : Finished Spring Data repository scanning in 1 ms. Found 1 JPA repository interface.
2025-08-07T06:30:01.313Z  INFO 4462 --- [           main] o.s.b.w.embedded.tomcat.TomcatWebServer  : Tomcat initialized with port 0 (http)
2025-08-07T06:30:01.313Z  INFO 4462 --- [           main] o.apache.catalina.core.StandardService   : Starting service [Tomcat]
2025-08-07T06:30:01.313Z  INFO 4462 --- [           main] o.apache.catalina.core.StandardEngine    : Starting Servlet engine: [Apache Tomcat/10.1.33]
2025-08-07T06:30:01.389Z  INFO 4462 --- [           main] o.a.c.c.C.[Tomcat].[localhost].[/]       : Initializing Spring embedded WebApplicationContext
2025-08-07T06:30:01.389Z  INFO 4462 --- [           main] w.s.c.ServletWebServerApplicationContext : Root WebApplicationContext: initialization completed in 196 ms
2025-08-07T06:30:01.397Z  INFO 4462 --- [           main] com.zaxxer.hikari.HikariDataSource       : HikariPool-10 - Starting...
2025-08-07T06:30:01.398Z  INFO 4462 --- [           main] com.zaxxer.hikari.pool.HikariPool        : HikariPool-10 - Added connection conn71: url=jdbc:h2:mem:8f04531a-5379-4ed0-a46b-bf4beaa149e0 user=SA
2025-08-07T06:30:01.398Z  INFO 4462 --- [           main] com.zaxxer.hikari.HikariDataSource       : HikariPool-10 - Start completed.
2025-08-07T06:30:01.400Z  INFO 4462 --- [           main] o.hibernate.jpa.internal.util.LogHelper  : HHH000204: Processing PersistenceUnitInfo [name: default]
2025-08-07T06:30:01.400Z  INFO 4462 --- [           main] o.h.c.internal.RegionFactoryInitiator    : HHH000026: Second-level cache disabled
2025-08-07T06:30:01.404Z  INFO 4462 --- [           main] o.s.o.j.p.SpringPersistenceUnitInfo      : No LoadTimeWeaver setup: ignoring JPA class transformer
2025-08-07T06:30:01.405Z  INFO 4462 --- [           main] org.hibernate.orm.connections.pooling    : HHH10001005: Database info:
	Database JDBC URL [Connecting through datasource 'HikariDataSource (HikariPool-10)']
	Database driver: undefined/unknown
	Database version: 2.3.232
	Autocommit mode: undefined/unknown
	Isolation level: undefined/unknown
	Minimum pool size: undefined/unknown
	Maximum pool size: undefined/unknown
2025-08-07T06:30:01.419Z  INFO 4462 --- [           main] o.h.e.t.j.p.i.JtaPlatformInitiator       : HHH000489: No JTA platform available (set 'hibernate.transaction.jta.platform' to enable JTA platform integration)
2025-08-07T06:30:01.420Z  INFO 4462 --- [           main] j.LocalContainerEntityManagerFactoryBean : Initialized JPA EntityManagerFactory for persistence unit 'default'
2025-08-07T06:30:01.429Z  WARN 4462 --- [           main] JpaBaseConfiguration$JpaWebConfiguration : spring.jpa.open-in-view is enabled by default. Therefore, database queries may be performed during view rendering. Explicitly configure spring.jpa.open-in-view to disable this warning
2025-08-07T06:30:01.505Z  INFO 4462 --- [           main] o.s.b.w.embedded.tomcat.TomcatWebServer  : Tomcat started on port 42853 (http) with context path '/'
2025-08-07T06:30:01.507Z  INFO 4462 --- [           main] c.e.e.EmployeeApiIntegrationTest         : Started EmployeeApiIntegrationTest in 0.32 seconds (process running for 14.808)
2025-08-07T06:30:01.514Z  INFO 4462 --- [-auto-10-exec-1] o.a.c.c.C.[Tomcat].[localhost].[/]       : Initializing Spring DispatcherServlet 'dispatcherServlet'
2025-08-07T06:30:01.514Z  INFO 4462 --- [-auto-10-exec-1] o.s.web.servlet.DispatcherServlet        : Initializing Servlet 'dispatcherServlet'
2025-08-07T06:30:01.515Z  INFO 4462 --- [-auto-10-exec-1] o.s.web.servlet.DispatcherServlet        : Completed initialization in 1 ms
]]></system-out>
  </testcase>
  <testcase name="testFullCrudWorkflow" classname="com.example.employees.EmployeeApiIntegrationTest" time="0.028">
    <system-out><![CDATA[2025-08-07T06:30:01.524Z  INFO 4462 --- [           main] o.s.b.w.e.tomcat.GracefulShutdown        : Commencing graceful shutdown. Waiting for active requests to complete
2025-08-07T06:30:01.524Z  INFO 4462 --- [tomcat-shutdown] o.s.b.w.e.tomcat.GracefulShutdown        : Graceful shutdown complete
2025-08-07T06:30:01.525Z  INFO 4462 --- [           main] j.LocalContainerEntityManagerFactoryBean : Closing JPA EntityManagerFactory for persistence unit 'default'
2025-08-07T06:30:01.526Z  INFO 4462 --- [           main] com.zaxxer.hikari.HikariDataSource       : HikariPool-10 - Shutdown initiated...
2025-08-07T06:30:01.529Z  INFO 4462 --- [           main] com.zaxxer.hikari.HikariDataSource       : HikariPool-10 - Shutdown completed.

  .   ____          _            __ _ _
 /\\ / ___'_ __ _ _(_)_ __  __ _ \ \ \ \
( ( )\___ | '_ | '_| | '_ \/ _` | \ \ \ \
 \\/  ___)| |_)| | | | | || (_| |  ) ) ) )
  '  |____| .__|_| |_|_| |_\__, | / / / /
 =========|_|==============|___/=/_/_/_/

 :: Spring Boot ::                (v3.4.0)

2025-08-07T06:30:01.538Z  INFO 4462 --- [           main] c.e.e.EmployeeApiIntegrationTest         : Starting EmployeeApiIntegrationTest using Java 17.0.15 with PID 4462 (/home/daytona/employees/target/test-classes started by daytona in /home/daytona/employees)
2025-08-07T06:30:01.538Z  INFO 4462 --- [           main] c.e.e.EmployeeApiIntegrationTest         : No active profile set, falling back to 1 default profile: "default"
2025-08-07T06:30:01.609Z  INFO 4462 --- [           main] .s.d.r.c.RepositoryConfigurationDelegate : Bootstrapping Spring Data JPA repositories in DEFAULT mode.
2025-08-07T06:30:01.611Z  INFO 4462 --- [           main] .s.d.r.c.RepositoryConfigurationDelegate : Finished Spring Data repository scanning in 1 ms. Found 1 JPA repository interface.
2025-08-07T06:30:01.627Z  INFO 4462 --- [           main] o.s.b.w.embedded.tomcat.TomcatWebServer  : Tomcat initialized with port 0 (http)
2025-08-07T06:30:01.627Z  INFO 4462 --- [           main] o.apache.catalina.core.StandardService   : Starting service [Tomcat]
2025-08-07T06:30:01.628Z  INFO 4462 --- [           main] o.apache.catalina.core.StandardEngine    : Starting Servlet engine: [Apache Tomcat/10.1.33]
2025-08-07T06:30:01.632Z  INFO 4462 --- [           main] o.a.c.c.C.[Tomcat].[localhost].[/]       : Initializing Spring embedded WebApplicationContext
2025-08-07T06:30:01.632Z  INFO 4462 --- [           main] w.s.c.ServletWebServerApplicationContext : Root WebApplicationContext: initialization completed in 94 ms
2025-08-07T06:30:01.692Z  INFO 4462 --- [           main] com.zaxxer.hikari.HikariDataSource       : HikariPool-11 - Starting...
2025-08-07T06:30:01.694Z  INFO 4462 --- [           main] com.zaxxer.hikari.pool.HikariPool        : HikariPool-11 - Added connection conn73: url=jdbc:h2:mem:2029dbb0-4973-474e-abd2-ada3c3f7f6ff user=SA
2025-08-07T06:30:01.694Z  INFO 4462 --- [           main] com.zaxxer.hikari.HikariDataSource       : HikariPool-11 - Start completed.
2025-08-07T06:30:01.695Z  INFO 4462 --- [           main] o.hibernate.jpa.internal.util.LogHelper  : HHH000204: Processing PersistenceUnitInfo [name: default]
2025-08-07T06:30:01.696Z  INFO 4462 --- [           main] o.h.c.internal.RegionFactoryInitiator    : HHH000026: Second-level cache disabled
2025-08-07T06:30:01.699Z  INFO 4462 --- [           main] o.s.o.j.p.SpringPersistenceUnitInfo      : No LoadTimeWeaver setup: ignoring JPA class transformer
2025-08-07T06:30:01.700Z  INFO 4462 --- [           main] org.hibernate.orm.connections.pooling    : HHH10001005: Database info:
	Database JDBC URL [Connecting through datasource 'HikariDataSource (HikariPool-11)']
	Database driver: undefined/unknown
	Database version: 2.3.232
	Autocommit mode: undefined/unknown
	Isolation level: undefined/unknown
	Minimum pool size: undefined/unknown
	Maximum pool size: undefined/unknown
2025-08-07T06:30:01.713Z  INFO 4462 --- [           main] o.h.e.t.j.p.i.JtaPlatformInitiator       : HHH000489: No JTA platform available (set 'hibernate.transaction.jta.platform' to enable JTA platform integration)
2025-08-07T06:30:01.714Z  INFO 4462 --- [           main] j.LocalContainerEntityManagerFactoryBean : Initialized JPA EntityManagerFactory for persistence unit 'default'
2025-08-07T06:30:01.723Z  WARN 4462 --- [           main] JpaBaseConfiguration$JpaWebConfiguration : spring.jpa.open-in-view is enabled by default. Therefore, database queries may be performed during view rendering. Explicitly configure spring.jpa.open-in-view to disable this warning
2025-08-07T06:30:01.803Z  INFO 4462 --- [           main] o.s.b.w.embedded.tomcat.TomcatWebServer  : Tomcat started on port 43481 (http) with context path '/'
2025-08-07T06:30:01.804Z  INFO 4462 --- [           main] c.e.e.EmployeeApiIntegrationTest         : Started EmployeeApiIntegrationTest in 0.273 seconds (process running for 15.105)
2025-08-07T06:30:01.813Z  INFO 4462 --- [-auto-11-exec-1] o.a.c.c.C.[Tomcat].[localhost].[/]       : Initializing Spring DispatcherServlet 'dispatcherServlet'
2025-08-07T06:30:01.813Z  INFO 4462 --- [-auto-11-exec-1] o.s.web.servlet.DispatcherServlet        : Initializing Servlet 'dispatcherServlet'
2025-08-07T06:30:01.814Z  INFO 4462 --- [-auto-11-exec-1] o.s.web.servlet.DispatcherServlet        : Completed initialization in 1 ms
]]></system-out>
  </testcase>
  <testcase name="testGetAllEmployees_EmptyDatabase" classname="com.example.employees.EmployeeApiIntegrationTest" time="0.007">
    <system-out><![CDATA[2025-08-07T06:30:01.837Z  INFO 4462 --- [           main] o.s.b.w.e.tomcat.GracefulShutdown        : Commencing graceful shutdown. Waiting for active requests to complete
2025-08-07T06:30:01.838Z  INFO 4462 --- [tomcat-shutdown] o.s.b.w.e.tomcat.GracefulShutdown        : Graceful shutdown complete
2025-08-07T06:30:01.839Z  INFO 4462 --- [           main] j.LocalContainerEntityManagerFactoryBean : Closing JPA EntityManagerFactory for persistence unit 'default'
2025-08-07T06:30:01.839Z  INFO 4462 --- [           main] com.zaxxer.hikari.HikariDataSource       : HikariPool-11 - Shutdown initiated...
2025-08-07T06:30:01.855Z  INFO 4462 --- [           main] com.zaxxer.hikari.HikariDataSource       : HikariPool-11 - Shutdown completed.

  .   ____          _            __ _ _
 /\\ / ___'_ __ _ _(_)_ __  __ _ \ \ \ \
( ( )\___ | '_ | '_| | '_ \/ _` | \ \ \ \
 \\/  ___)| |_)| | | | | || (_| |  ) ) ) )
  '  |____| .__|_| |_|_| |_\__, | / / / /
 =========|_|==============|___/=/_/_/_/

 :: Spring Boot ::                (v3.4.0)

2025-08-07T06:30:01.893Z  INFO 4462 --- [           main] c.e.e.EmployeeApiIntegrationTest         : Starting EmployeeApiIntegrationTest using Java 17.0.15 with PID 4462 (/home/daytona/employees/target/test-classes started by daytona in /home/daytona/employees)
2025-08-07T06:30:01.893Z  INFO 4462 --- [           main] c.e.e.EmployeeApiIntegrationTest         : No active profile set, falling back to 1 default profile: "default"
2025-08-07T06:30:01.925Z  INFO 4462 --- [           main] .s.d.r.c.RepositoryConfigurationDelegate : Bootstrapping Spring Data JPA repositories in DEFAULT mode.
2025-08-07T06:30:01.928Z  INFO 4462 --- [           main] .s.d.r.c.RepositoryConfigurationDelegate : Finished Spring Data repository scanning in 2 ms. Found 1 JPA repository interface.
2025-08-07T06:30:01.989Z  INFO 4462 --- [           main] o.s.b.w.embedded.tomcat.TomcatWebServer  : Tomcat initialized with port 0 (http)
2025-08-07T06:30:01.989Z  INFO 4462 --- [           main] o.apache.catalina.core.StandardService   : Starting service [Tomcat]
2025-08-07T06:30:01.989Z  INFO 4462 --- [           main] o.apache.catalina.core.StandardEngine    : Starting Servlet engine: [Apache Tomcat/10.1.33]
2025-08-07T06:30:01.994Z  INFO 4462 --- [           main] o.a.c.c.C.[Tomcat].[localhost].[/]       : Initializing Spring embedded WebApplicationContext
2025-08-07T06:30:01.994Z  INFO 4462 --- [           main] w.s.c.ServletWebServerApplicationContext : Root WebApplicationContext: initialization completed in 100 ms
2025-08-07T06:30:02.000Z  INFO 4462 --- [           main] com.zaxxer.hikari.HikariDataSource       : HikariPool-12 - Starting...
2025-08-07T06:30:02.001Z  INFO 4462 --- [           main] com.zaxxer.hikari.pool.HikariPool        : HikariPool-12 - Added connection conn76: url=jdbc:h2:mem:c02c3f94-c176-4b73-a4bb-fa4b5498ccb8 user=SA
2025-08-07T06:30:02.002Z  INFO 4462 --- [           main] com.zaxxer.hikari.HikariDataSource       : HikariPool-12 - Start completed.
2025-08-07T06:30:02.003Z  INFO 4462 --- [           main] o.hibernate.jpa.internal.util.LogHelper  : HHH000204: Processing PersistenceUnitInfo [name: default]
2025-08-07T06:30:02.003Z  INFO 4462 --- [           main] o.h.c.internal.RegionFactoryInitiator    : HHH000026: Second-level cache disabled
2025-08-07T06:30:02.006Z  INFO 4462 --- [           main] o.s.o.j.p.SpringPersistenceUnitInfo      : No LoadTimeWeaver setup: ignoring JPA class transformer
2025-08-07T06:30:02.007Z  INFO 4462 --- [           main] org.hibernate.orm.connections.pooling    : HHH10001005: Database info:
	Database JDBC URL [Connecting through datasource 'HikariDataSource (HikariPool-12)']
	Database driver: undefined/unknown
	Database version: 2.3.232
	Autocommit mode: undefined/unknown
	Isolation level: undefined/unknown
	Minimum pool size: undefined/unknown
	Maximum pool size: undefined/unknown
2025-08-07T06:30:02.019Z  INFO 4462 --- [           main] o.h.e.t.j.p.i.JtaPlatformInitiator       : HHH000489: No JTA platform available (set 'hibernate.transaction.jta.platform' to enable JTA platform integration)
2025-08-07T06:30:02.020Z  INFO 4462 --- [           main] j.LocalContainerEntityManagerFactoryBean : Initialized JPA EntityManagerFactory for persistence unit 'default'
2025-08-07T06:30:02.028Z  WARN 4462 --- [           main] JpaBaseConfiguration$JpaWebConfiguration : spring.jpa.open-in-view is enabled by default. Therefore, database queries may be performed during view rendering. Explicitly configure spring.jpa.open-in-view to disable this warning
2025-08-07T06:30:02.051Z  INFO 4462 --- [           main] o.s.b.w.embedded.tomcat.TomcatWebServer  : Tomcat started on port 43151 (http) with context path '/'
2025-08-07T06:30:02.086Z  INFO 4462 --- [           main] c.e.e.EmployeeApiIntegrationTest         : Started EmployeeApiIntegrationTest in 0.199 seconds (process running for 15.386)
2025-08-07T06:30:02.092Z  INFO 4462 --- [-auto-12-exec-1] o.a.c.c.C.[Tomcat].[localhost].[/]       : Initializing Spring DispatcherServlet 'dispatcherServlet'
2025-08-07T06:30:02.092Z  INFO 4462 --- [-auto-12-exec-1] o.s.web.servlet.DispatcherServlet        : Initializing Servlet 'dispatcherServlet'
2025-08-07T06:30:02.092Z  INFO 4462 --- [-auto-12-exec-1] o.s.web.servlet.DispatcherServlet        : Completed initialization in 0 ms
]]></system-out>
  </testcase>
  <testcase name="testGetAllEmployees_WithData" classname="com.example.employees.EmployeeApiIntegrationTest" time="0.011">
    <system-out><![CDATA[2025-08-07T06:30:02.099Z  INFO 4462 --- [           main] o.s.b.w.e.tomcat.GracefulShutdown        : Commencing graceful shutdown. Waiting for active requests to complete
2025-08-07T06:30:02.099Z  INFO 4462 --- [tomcat-shutdown] o.s.b.w.e.tomcat.GracefulShutdown        : Graceful shutdown complete
2025-08-07T06:30:02.100Z  INFO 4462 --- [           main] j.LocalContainerEntityManagerFactoryBean : Closing JPA EntityManagerFactory for persistence unit 'default'
2025-08-07T06:30:02.100Z  INFO 4462 --- [           main] com.zaxxer.hikari.HikariDataSource       : HikariPool-12 - Shutdown initiated...
2025-08-07T06:30:02.101Z  INFO 4462 --- [           main] com.zaxxer.hikari.HikariDataSource       : HikariPool-12 - Shutdown completed.

  .   ____          _            __ _ _
 /\\ / ___'_ __ _ _(_)_ __  __ _ \ \ \ \
( ( )\___ | '_ | '_| | '_ \/ _` | \ \ \ \
 \\/  ___)| |_)| | | | | || (_| |  ) ) ) )
  '  |____| .__|_| |_|_| |_\__, | / / / /
 =========|_|==============|___/=/_/_/_/

 :: Spring Boot ::                (v3.4.0)

2025-08-07T06:30:02.108Z  INFO 4462 --- [           main] c.e.e.EmployeeApiIntegrationTest         : Starting EmployeeApiIntegrationTest using Java 17.0.15 with PID 4462 (/home/daytona/employees/target/test-classes started by daytona in /home/daytona/employees)
2025-08-07T06:30:02.108Z  INFO 4462 --- [           main] c.e.e.EmployeeApiIntegrationTest         : No active profile set, falling back to 1 default profile: "default"
2025-08-07T06:30:02.196Z  INFO 4462 --- [           main] .s.d.r.c.RepositoryConfigurationDelegate : Bootstrapping Spring Data JPA repositories in DEFAULT mode.
[...]
2025-08-07T06:30:02.951Z  INFO 4462 --- [           main] o.apache.catalina.core.StandardService   : Starting service [Tomcat]
2025-08-07T06:30:02.951Z  INFO 4462 --- [           main] o.apache.catalina.core.StandardEngine    : Starting Servlet engine: [Apache Tomcat/10.1.33]
2025-08-07T06:30:02.987Z  INFO 4462 --- [           main] o.a.c.c.C.[Tomcat].[localhost].[/]       : Initializing Spring embedded WebApplicationContext
2025-08-07T06:30:02.987Z  INFO 4462 --- [           main] w.s.c.ServletWebServerApplicationContext : Root WebApplicationContext: initialization completed in 90 ms
2025-08-07T06:30:02.996Z  INFO 4462 --- [           main] com.zaxxer.hikari.HikariDataSource       : HikariPool-16 - Starting...
2025-08-07T06:30:02.997Z  INFO 4462 --- [           main] com.zaxxer.hikari.pool.HikariPool        : HikariPool-16 - Added connection conn85: url=jdbc:h2:mem:2d82e902-f23e-4e9f-8aa0-a514b8308396 user=SA
2025-08-07T06:30:02.997Z  INFO 4462 --- [           main] com.zaxxer.hikari.HikariDataSource       : HikariPool-16 - Start completed.
2025-08-07T06:30:02.999Z  INFO 4462 --- [           main] o.hibernate.jpa.internal.util.LogHelper  : HHH000204: Processing PersistenceUnitInfo [name: default]
2025-08-07T06:30:02.999Z  INFO 4462 --- [           main] o.h.c.internal.RegionFactoryInitiator    : HHH000026: Second-level cache disabled
2025-08-07T06:30:03.002Z  INFO 4462 --- [           main] o.s.o.j.p.SpringPersistenceUnitInfo      : No LoadTimeWeaver setup: ignoring JPA class transformer
2025-08-07T06:30:03.003Z  INFO 4462 --- [           main] org.hibernate.orm.connections.pooling    : HHH10001005: Database info:
	Database JDBC URL [Connecting through datasource 'HikariDataSource (HikariPool-16)']
	Database driver: undefined/unknown
	Database version: 2.3.232
	Autocommit mode: undefined/unknown
	Isolation level: undefined/unknown
	Minimum pool size: undefined/unknown
	Maximum pool size: undefined/unknown
2025-08-07T06:30:03.014Z  INFO 4462 --- [           main] o.h.e.t.j.p.i.JtaPlatformInitiator       : HHH000489: No JTA platform available (set 'hibernate.transaction.jta.platform' to enable JTA platform integration)
2025-08-07T06:30:03.015Z  INFO 4462 --- [           main] j.LocalContainerEntityManagerFactoryBean : Initialized JPA EntityManagerFactory for persistence unit 'default'
2025-08-07T06:30:03.027Z  WARN 4462 --- [           main] JpaBaseConfiguration$JpaWebConfiguration : spring.jpa.open-in-view is enabled by default. Therefore, database queries may be performed during view rendering. Explicitly configure spring.jpa.open-in-view to disable this warning
2025-08-07T06:30:03.095Z  INFO 4462 --- [           main] o.s.b.w.embedded.tomcat.TomcatWebServer  : Tomcat started on port 33105 (http) with context path '/'
2025-08-07T06:30:03.097Z  INFO 4462 --- [           main] c.e.e.EmployeeApiIntegrationTest         : Started EmployeeApiIntegrationTest in 0.208 seconds (process running for 16.397)
2025-08-07T06:30:03.104Z  INFO 4462 --- [-auto-16-exec-1] o.a.c.c.C.[Tomcat].[localhost].[/]       : Initializing Spring DispatcherServlet 'dispatcherServlet'
2025-08-07T06:30:03.104Z  INFO 4462 --- [-auto-16-exec-1] o.s.web.servlet.DispatcherServlet        : Initializing Servlet 'dispatcherServlet'
2025-08-07T06:30:03.105Z  INFO 4462 --- [-auto-16-exec-1] o.s.web.servlet.DispatcherServlet        : Completed initialization in 1 ms
]]></system-out>
  </testcase>
  <testcase name="testJsonSerialization" classname="com.example.employees.EmployeeApiIntegrationTest" time="0.016">
    <system-out><![CDATA[2025-08-07T06:30:03.114Z  INFO 4462 --- [           main] o.s.b.w.e.tomcat.GracefulShutdown        : Commencing graceful shutdown. Waiting for active requests to complete
2025-08-07T06:30:03.115Z  INFO 4462 --- [tomcat-shutdown] o.s.b.w.e.tomcat.GracefulShutdown        : Graceful shutdown complete
2025-08-07T06:30:03.116Z  INFO 4462 --- [           main] j.LocalContainerEntityManagerFactoryBean : Closing JPA EntityManagerFactory for persistence unit 'default'
2025-08-07T06:30:03.116Z  INFO 4462 --- [           main] com.zaxxer.hikari.HikariDataSource       : HikariPool-16 - Shutdown initiated...
2025-08-07T06:30:03.128Z  INFO 4462 --- [           main] com.zaxxer.hikari.HikariDataSource       : HikariPool-16 - Shutdown completed.

  .   ____          _            __ _ _
 /\\ / ___'_ __ _ _(_)_ __  __ _ \ \ \ \
( ( )\___ | '_ | '_| | '_ \/ _` | \ \ \ \
 \\/  ___)| |_)| | | | | || (_| |  ) ) ) )
  '  |____| .__|_| |_|_| |_\__, | / / / /
 =========|_|==============|___/=/_/_/_/

 :: Spring Boot ::                (v3.4.0)

2025-08-07T06:30:03.135Z  INFO 4462 --- [           main] c.e.e.EmployeeApiIntegrationTest         : Starting EmployeeApiIntegrationTest using Java 17.0.15 with PID 4462 (/home/daytona/employees/target/test-classes started by daytona in /home/daytona/employees)
2025-08-07T06:30:03.135Z  INFO 4462 --- [           main] c.e.e.EmployeeApiIntegrationTest         : No active profile set, falling back to 1 default profile: "default"
2025-08-07T06:30:03.192Z  INFO 4462 --- [           main] .s.d.r.c.RepositoryConfigurationDelegate : Bootstrapping Spring Data JPA repositories in DEFAULT mode.
2025-08-07T06:30:03.194Z  INFO 4462 --- [           main] .s.d.r.c.RepositoryConfigurationDelegate : Finished Spring Data repository scanning in 1 ms. Found 1 JPA repository interface.
2025-08-07T06:30:03.209Z  INFO 4462 --- [           main] o.s.b.w.embedded.tomcat.TomcatWebServer  : Tomcat initialized with port 0 (http)
2025-08-07T06:30:03.209Z  INFO 4462 --- [           main] o.apache.catalina.core.StandardService   : Starting service [Tomcat]
2025-08-07T06:30:03.209Z  INFO 4462 --- [           main] o.apache.catalina.core.StandardEngine    : Starting Servlet engine: [Apache Tomcat/10.1.33]
2025-08-07T06:30:03.214Z  INFO 4462 --- [           main] o.a.c.c.C.[Tomcat].[localhost].[/]       : Initializing Spring embedded WebApplicationContext
2025-08-07T06:30:03.214Z  INFO 4462 --- [           main] w.s.c.ServletWebServerApplicationContext : Root WebApplicationContext: initialization completed in 78 ms
2025-08-07T06:30:03.220Z  INFO 4462 --- [           main] com.zaxxer.hikari.HikariDataSource       : HikariPool-17 - Starting...
2025-08-07T06:30:03.221Z  INFO 4462 --- [           main] com.zaxxer.hikari.pool.HikariPool        : HikariPool-17 - Added connection conn87: url=jdbc:h2:mem:654859cb-c35f-4ba5-81fd-128c745d06a1 user=SA
2025-08-07T06:30:03.221Z  INFO 4462 --- [           main] com.zaxxer.hikari.HikariDataSource       : HikariPool-17 - Start completed.
2025-08-07T06:30:03.222Z  INFO 4462 --- [           main] o.hibernate.jpa.internal.util.LogHelper  : HHH000204: Processing PersistenceUnitInfo [name: default]
2025-08-07T06:30:03.223Z  INFO 4462 --- [           main] o.h.c.internal.RegionFactoryInitiator    : HHH000026: Second-level cache disabled
2025-08-07T06:30:03.225Z  INFO 4462 --- [           main] o.s.o.j.p.SpringPersistenceUnitInfo      : No LoadTimeWeaver setup: ignoring JPA class transformer
2025-08-07T06:30:03.226Z  INFO 4462 --- [           main] org.hibernate.orm.connections.pooling    : HHH10001005: Database info:
	Database JDBC URL [Connecting through datasource 'HikariDataSource (HikariPool-17)']
	Database driver: undefined/unknown
	Database version: 2.3.232
	Autocommit mode: undefined/unknown
	Isolation level: undefined/unknown
	Minimum pool size: undefined/unknown
	Maximum pool size: undefined/unknown
2025-08-07T06:30:03.238Z  INFO 4462 --- [           main] o.h.e.t.j.p.i.JtaPlatformInitiator       : HHH000489: No JTA platform available (set 'hibernate.transaction.jta.platform' to enable JTA platform integration)
2025-08-07T06:30:03.239Z  INFO 4462 --- [           main] j.LocalContainerEntityManagerFactoryBean : Initialized JPA EntityManagerFactory for persistence unit 'default'
2025-08-07T06:30:03.247Z  WARN 4462 --- [           main] JpaBaseConfiguration$JpaWebConfiguration : spring.jpa.open-in-view is enabled by default. Therefore, database queries may be performed during view rendering. Explicitly configure spring.jpa.open-in-view to disable this warning
2025-08-07T06:30:03.269Z  INFO 4462 --- [           main] o.s.b.w.embedded.tomcat.TomcatWebServer  : Tomcat started on port 45959 (http) with context path '/'
2025-08-07T06:30:03.270Z  INFO 4462 --- [           main] c.e.e.EmployeeApiIntegrationTest         : Started EmployeeApiIntegrationTest in 0.14 seconds (process running for 16.571)
2025-08-07T06:30:03.277Z  INFO 4462 --- [-auto-17-exec-1] o.a.c.c.C.[Tomcat].[localhost].[/]       : Initializing Spring DispatcherServlet 'dispatcherServlet'
2025-08-07T06:30:03.277Z  INFO 4462 --- [-auto-17-exec-1] o.s.web.servlet.DispatcherServlet        : Initializing Servlet 'dispatcherServlet'
2025-08-07T06:30:03.278Z  INFO 4462 --- [-auto-17-exec-1] o.s.web.servlet.DispatcherServlet        : Completed initialization in 1 ms
]]></system-out>
  </testcase>
  <testcase name="testMultipleEmployeesWorkflow" classname="com.example.employees.EmployeeApiIntegrationTest" time="0.082">
    <system-out><![CDATA[2025-08-07T06:30:03.293Z  INFO 4462 --- [           main] o.s.b.w.e.tomcat.GracefulShutdown        : Commencing graceful shutdown. Waiting for active requests to complete
2025-08-07T06:30:03.294Z  INFO 4462 --- [tomcat-shutdown] o.s.b.w.e.tomcat.GracefulShutdown        : Graceful shutdown complete
2025-08-07T06:30:03.294Z  INFO 4462 --- [           main] j.LocalContainerEntityManagerFactoryBean : Closing JPA EntityManagerFactory for persistence unit 'default'
2025-08-07T06:30:03.295Z  INFO 4462 --- [           main] com.zaxxer.hikari.HikariDataSource       : HikariPool-17 - Shutdown initiated...
2025-08-07T06:30:03.295Z  INFO 4462 --- [           main] com.zaxxer.hikari.HikariDataSource       : HikariPool-17 - Shutdown completed.

  .   ____          _            __ _ _
 /\\ / ___'_ __ _ _(_)_ __  __ _ \ \ \ \
( ( )\___ | '_ | '_| | '_ \/ _` | \ \ \ \
 \\/  ___)| |_)| | | | | || (_| |  ) ) ) )
  '  |____| .__|_| |_|_| |_\__, | / / / /
 =========|_|==============|___/=/_/_/_/

 :: Spring Boot ::                (v3.4.0)

2025-08-07T06:30:03.302Z  INFO 4462 --- [           main] c.e.e.EmployeeApiIntegrationTest         : Starting EmployeeApiIntegrationTest using Java 17.0.15 with PID 4462 (/home/daytona/employees/target/test-classes started by daytona in /home/daytona/employees)
2025-08-07T06:30:03.302Z  INFO 4462 --- [           main] c.e.e.EmployeeApiIntegrationTest         : No active profile set, falling back to 1 default profile: "default"
2025-08-07T06:30:03.328Z  INFO 4462 --- [           main] .s.d.r.c.RepositoryConfigurationDelegate : Bootstrapping Spring Data JPA repositories in DEFAULT mode.
2025-08-07T06:30:03.387Z  INFO 4462 --- [           main] .s.d.r.c.RepositoryConfigurationDelegate : Finished Spring Data repository scanning in 58 ms. Found 1 JPA repository interface.
2025-08-07T06:30:03.402Z  INFO 4462 --- [           main] o.s.b.w.embedded.tomcat.TomcatWebServer  : Tomcat initialized with port 0 (http)
2025-08-07T06:30:03.402Z  INFO 4462 --- [           main] o.apache.catalina.core.StandardService   : Starting service [Tomcat]
2025-08-07T06:30:03.402Z  INFO 4462 --- [           main] o.apache.catalina.core.StandardEngine    : Starting Servlet engine: [Apache Tomcat/10.1.33]
2025-08-07T06:30:03.407Z  INFO 4462 --- [           main] o.a.c.c.C.[Tomcat].[localhost].[/]       : Initializing Spring embedded WebApplicationContext
2025-08-07T06:30:03.407Z  INFO 4462 --- [           main] w.s.c.ServletWebServerApplicationContext : Root WebApplicationContext: initialization completed in 104 ms
2025-08-07T06:30:03.413Z  INFO 4462 --- [           main] com.zaxxer.hikari.HikariDataSource       : HikariPool-18 - Starting...
2025-08-07T06:30:03.414Z  INFO 4462 --- [           main] com.zaxxer.hikari.pool.HikariPool        : HikariPool-18 - Added connection conn88: url=jdbc:h2:mem:5bd92845-baae-4777-a74a-179535ed81cb user=SA
2025-08-07T06:30:03.414Z  INFO 4462 --- [           main] com.zaxxer.hikari.HikariDataSource       : HikariPool-18 - Start completed.
2025-08-07T06:30:03.415Z  INFO 4462 --- [           main] o.hibernate.jpa.internal.util.LogHelper  : HHH000204: Processing PersistenceUnitInfo [name: default]
2025-08-07T06:30:03.415Z  INFO 4462 --- [           main] o.h.c.internal.RegionFactoryInitiator    : HHH000026: Second-level cache disabled
2025-08-07T06:30:03.418Z  INFO 4462 --- [           main] o.s.o.j.p.SpringPersistenceUnitInfo      : No LoadTimeWeaver setup: ignoring JPA class transformer
2025-08-07T06:30:03.418Z  INFO 4462 --- [           main] org.hibernate.orm.connections.pooling    : HHH10001005: Database info:
	Database JDBC URL [Connecting through datasource 'HikariDataSource (HikariPool-18)']
	Database driver: undefined/unknown
	Database version: 2.3.232
	Autocommit mode: undefined/unknown
	Isolation level: undefined/unknown
	Minimum pool size: undefined/unknown
	Maximum pool size: undefined/unknown
2025-08-07T06:30:03.430Z  INFO 4462 --- [           main] o.h.e.t.j.p.i.JtaPlatformInitiator       : HHH000489: No JTA platform available (set 'hibernate.transaction.jta.platform' to enable JTA platform integration)
2025-08-07T06:30:03.431Z  INFO 4462 --- [           main] j.LocalContainerEntityManagerFactoryBean : Initialized JPA EntityManagerFactory for persistence unit 'default'
2025-08-07T06:30:03.438Z  WARN 4462 --- [           main] JpaBaseConfiguration$JpaWebConfiguration : spring.jpa.open-in-view is enabled by default. Therefore, database queries may be performed during view rendering. Explicitly configure spring.jpa.open-in-view to disable this warning
2025-08-07T06:30:03.510Z  INFO 4462 --- [           main] o.s.b.w.embedded.tomcat.TomcatWebServer  : Tomcat started on port 36675 (http) with context path '/'
2025-08-07T06:30:03.511Z  INFO 4462 --- [           main] c.e.e.EmployeeApiIntegrationTest         : Started EmployeeApiIntegrationTest in 0.214 seconds (process running for 16.812)
2025-08-07T06:30:03.518Z  INFO 4462 --- [-auto-18-exec-1] o.a.c.c.C.[Tomcat].[localhost].[/]       : Initializing Spring DispatcherServlet 'dispatcherServlet'
2025-08-07T06:30:03.518Z  INFO 4462 --- [-auto-18-exec-1] o.s.web.servlet.DispatcherServlet        : Initializing Servlet 'dispatcherServlet'
2025-08-07T06:30:03.518Z  INFO 4462 --- [-auto-18-exec-1] o.s.web.servlet.DispatcherServlet        : Completed initialization in 0 ms
]]></system-out>
  </testcase>
  <testcase name="testSpecialCharactersInJson" classname="com.example.employees.EmployeeApiIntegrationTest" time="0.008">
    <system-out><![CDATA[2025-08-07T06:30:03.599Z  INFO 4462 --- [           main] o.s.b.w.e.tomcat.GracefulShutdown        : Commencing graceful shutdown. Waiting for active requests to complete
2025-08-07T06:30:03.600Z  INFO 4462 --- [tomcat-shutdown] o.s.b.w.e.tomcat.GracefulShutdown        : Graceful shutdown complete
2025-08-07T06:30:03.600Z  INFO 4462 --- [           main] j.LocalContainerEntityManagerFactoryBean : Closing JPA EntityManagerFactory for persistence unit 'default'
2025-08-07T06:30:03.601Z  INFO 4462 --- [           main] com.zaxxer.hikari.HikariDataSource       : HikariPool-18 - Shutdown initiated...
2025-08-07T06:30:03.616Z  INFO 4462 --- [           main] com.zaxxer.hikari.HikariDataSource       : HikariPool-18 - Shutdown completed.

  .   ____          _            __ _ _
 /\\ / ___'_ __ _ _(_)_ __  __ _ \ \ \ \
( ( )\___ | '_ | '_| | '_ \/ _` | \ \ \ \
 \\/  ___)| |_)| | | | | || (_| |  ) ) ) )
  '  |____| .__|_| |_|_| |_\__, | / / / /
 =========|_|==============|___/=/_/_/_/

 :: Spring Boot ::                (v3.4.0)

2025-08-07T06:30:03.623Z  INFO 4462 --- [           main] c.e.e.EmployeeApiIntegrationTest         : Starting EmployeeApiIntegrationTest using Java 17.0.15 with PID 4462 (/home/daytona/employees/target/test-classes started by daytona in /home/daytona/employees)
2025-08-07T06:30:03.623Z  INFO 4462 --- [           main] c.e.e.EmployeeApiIntegrationTest         : No active profile set, falling back to 1 default profile: "default"
2025-08-07T06:30:03.648Z  INFO 4462 --- [           main] .s.d.r.c.RepositoryConfigurationDelegate : Bootstrapping Spring Data JPA repositories in DEFAULT mode.
2025-08-07T06:30:03.650Z  INFO 4462 --- [           main] .s.d.r.c.RepositoryConfigurationDelegate : Finished Spring Data repository scanning in 1 ms. Found 1 JPA repository interface.
2025-08-07T06:30:03.664Z  INFO 4462 --- [           main] o.s.b.w.embedded.tomcat.TomcatWebServer  : Tomcat initialized with port 0 (http)
2025-08-07T06:30:03.664Z  INFO 4462 --- [           main] o.apache.catalina.core.StandardService   : Starting service [Tomcat]
2025-08-07T06:30:03.664Z  INFO 4462 --- [           main] o.apache.catalina.core.StandardEngine    : Starting Servlet engine: [Apache Tomcat/10.1.33]
2025-08-07T06:30:03.669Z  INFO 4462 --- [           main] o.a.c.c.C.[Tomcat].[localhost].[/]       : Initializing Spring embedded WebApplicationContext
2025-08-07T06:30:03.669Z  INFO 4462 --- [           main] w.s.c.ServletWebServerApplicationContext : Root WebApplicationContext: initialization completed in 45 ms
2025-08-07T06:30:03.688Z  INFO 4462 --- [           main] com.zaxxer.hikari.HikariDataSource       : HikariPool-19 - Starting...
2025-08-07T06:30:03.689Z  INFO 4462 --- [           main] com.zaxxer.hikari.pool.HikariPool        : HikariPool-19 - Added connection conn92: url=jdbc:h2:mem:5507d948-e679-486b-bbc6-e651459ff17f user=SA
2025-08-07T06:30:03.689Z  INFO 4462 --- [           main] com.zaxxer.hikari.HikariDataSource       : HikariPool-19 - Start completed.
2025-08-07T06:30:03.691Z  INFO 4462 --- [           main] o.hibernate.jpa.internal.util.LogHelper  : HHH000204: Processing PersistenceUnitInfo [name: default]
2025-08-07T06:30:03.691Z  INFO 4462 --- [           main] o.h.c.internal.RegionFactoryInitiator    : HHH000026: Second-level cache disabled
2025-08-07T06:30:03.694Z  INFO 4462 --- [           main] o.s.o.j.p.SpringPersistenceUnitInfo      : No LoadTimeWeaver setup: ignoring JPA class transformer
2025-08-07T06:30:03.694Z  INFO 4462 --- [           main] org.hibernate.orm.connections.pooling    : HHH10001005: Database info:
	Database JDBC URL [Connecting through datasource 'HikariDataSource (HikariPool-19)']
	Database driver: undefined/unknown
	Database version: 2.3.232
	Autocommit mode: undefined/unknown
	Isolation level: undefined/unknown
	Minimum pool size: undefined/unknown
	Maximum pool size: undefined/unknown
2025-08-07T06:30:03.706Z  INFO 4462 --- [           main] o.h.e.t.j.p.i.JtaPlatformInitiator       : HHH000489: No JTA platform available (set 'hibernate.transaction.jta.platform' to enable JTA platform integration)
2025-08-07T06:30:03.707Z  INFO 4462 --- [           main] j.LocalContainerEntityManagerFactoryBean : Initialized JPA EntityManagerFactory for persistence unit 'default'
2025-08-07T06:30:03.714Z  WARN 4462 --- [           main] JpaBaseConfiguration$JpaWebConfiguration : spring.jpa.open-in-view is enabled by default. Therefore, database queries may be performed during view rendering. Explicitly configure spring.jpa.open-in-view to disable this warning
2025-08-07T06:30:03.735Z  INFO 4462 --- [           main] o.s.b.w.embedded.tomcat.TomcatWebServer  : Tomcat started on port 40719 (http) with context path '/'
2025-08-07T06:30:03.737Z  INFO 4462 --- [           main] c.e.e.EmployeeApiIntegrationTest         : Started EmployeeApiIntegrationTest in 0.118 seconds (process running for 17.037)
2025-08-07T06:30:03.743Z  INFO 4462 --- [-auto-19-exec-1] o.a.c.c.C.[Tomcat].[localhost].[/]       : Initializing Spring DispatcherServlet 'dispatcherServlet'
2025-08-07T06:30:03.744Z  INFO 4462 --- [-auto-19-exec-1] o.s.web.servlet.DispatcherServlet        : Initializing Servlet 'dispatcherServlet'
2025-08-07T06:30:03.744Z  INFO 4462 --- [-auto-19-exec-1] o.s.web.servlet.DispatcherServlet        : Completed initialization in 0 ms
]]></system-out>
  </testcase>
</testsuite>